        {
            "EventID": 1004,
            "MachineName": "WIN-8FV0I6RARRF",
            "Data": [],
            "Index": 173,
            "Category": "(0)",
            "CategoryNumber": 0,
            "EntryType": 4,
            "Message": "The Software Protection service has successfully installed the license.\r\nLicense Title=Windows(R) Publishing License (Public)\r\nLicense Id=d67959f3-7261-469a-9fad-4cf09b473c6d",
            "Source": "Software Protection Platform Service",
            "ReplacementStrings": [
                "Windows(R) Publishing License (Public)",
                "d67959f3-7261-469a-9fad-4cf09b473c6d"
            ],
            "InstanceId": 1073742828,
            "TimeGenerated": "/Date(1721694929000)/",
            "TimeWritten": "/Date(1721694929000)/",
            "UserName": null,
            "Site": null,
            "Container": null
        },
        {
            "EventID": 1004,
            "MachineName": "WIN-8FV0I6RARRF",
            "Data": [],
            "Index": 172,
            "Category": "(0)",
            "CategoryNumber": 0,
            "EntryType": 4,
            "Message": "The Software Protection service has successfully installed the license.\r\nLicense Title=Windows(R) UL store License (Private)\r\nLicense Id=0e5ece49-3688-42d3-8f40-c17b4f8ffed0",
            "Source": "Software Protection Platform Service",
            "ReplacementStrings": [
                "Windows(R) UL store License (Private)",
                "0e5ece49-3688-42d3-8f40-c17b4f8ffed0"
            ],
            "InstanceId": 1073742828,
            "TimeGenerated": "/Date(1721694928000)/",
            "TimeWritten": "/Date(1721694928000)/",
            "UserName": null,
            "Site": null,
            "Container": null
        },
        {
            "EventID": 1004,
            "MachineName": "WIN-8FV0I6RARRF",
            "Data": [],
            "Index": 171,
            "Category": "(0)",
            "CategoryNumber": 0,
            "EntryType": 4,
            "Message": "The Software Protection service has successfully installed the license.\r\nLicense Title=Windows(R) UL store License (Public)\r\nLicense Id=e43795b0-91ca-4290-a9a0-afb0fc102c12",
            "Source": "Software Protection Platform Service",
            "ReplacementStrings": [
                "Windows(R) UL store License (Public)",
                "e43795b0-91ca-4290-a9a0-afb0fc102c12"
            ],
            "InstanceId": 1073742828,
            "TimeGenerated": "/Date(1721694928000)/",
            "TimeWritten": "/Date(1721694928000)/",
            "UserName": null,
            "Site": null,
            "Container": null
        },
        {
            "EventID": 1004,
            "MachineName": "WIN-8FV0I6RARRF",
            "Data": [],
            "Index": 170,
            "Category": "(0)",
            "CategoryNumber": 0,
            "EntryType": 4,
            "Message": "The Software Protection service has successfully installed the license.\r\nLicense Title=Windows(R) UL phone License (Private)\r\nLicense Id=f21d9d07-71f0-44e7-8a04-f23a0e2d4342",
            "Source": "Software Protection Platform Service",
            "ReplacementStrings": [
                "Windows(R) UL phone License (Private)",
                "f21d9d07-71f0-44e7-8a04-f23a0e2d4342"
            ],
            "InstanceId": 1073742828,
            "TimeGenerated": "/Date(1721694928000)/",
            "TimeWritten": "/Date(1721694928000)/",
            "UserName": null,
            "Site": null,
            "Container": null
        },
        {
            "EventID": 1004,
            "MachineName": "WIN-8FV0I6RARRF",
            "Data": [],
            "Index": 169,
            "Category": "(0)",
            "CategoryNumber": 0,
            "EntryType": 4,
            "Message": "The Software Protection service has successfully installed the license.\r\nLicense Title=Windows(R) UL phone License (Public)\r\nLicense Id=d006fc73-042a-4552-9c1d-d3d968a0b930",
            "Source": "Software Protection Platform Service",
            "ReplacementStrings": [
                "Windows(R) UL phone License (Public)",
                "d006fc73-042a-4552-9c1d-d3d968a0b930"
            ],
            "InstanceId": 1073742828,
            "TimeGenerated": "/Date(1721694928000)/",
            "TimeWritten": "/Date(1721694928000)/",
            "UserName": null,
            "Site": null,
            "Container": null
        },
        {
            "EventID": 1004,
            "MachineName": "WIN-8FV0I6RARRF",
            "Data": [],
            "Index": 168,
            "Category": "(0)",
            "CategoryNumber": 0,
            "EntryType": 4,
            "Message": "The Software Protection service has successfully installed the license.\r\nLicense Title=Windows(R) UL oob License (Private)\r\nLicense Id=fb766fd7-8184-4f01-ad7b-1d2c3bc63e2b",
            "Source": "Software Protection Platform Service",
            "ReplacementStrings": [
                "Windows(R) UL oob License (Private)",
                "fb766fd7-8184-4f01-ad7b-1d2c3bc63e2b"
            ],
            "InstanceId": 1073742828,
            "TimeGenerated": "/Date(1721694928000)/",
            "TimeWritten": "/Date(1721694928000)/",
            "UserName": null,
            "Site": null,
            "Container": null
        },
        {
            "EventID": 1004,
            "MachineName": "WIN-8FV0I6RARRF",
            "Data": [],
            "Index": 167,
            "Category": "(0)",
            "CategoryNumber": 0,
            "EntryType": 4,
            "Message": "The Software Protection service has successfully installed the license.\r\nLicense Title=Windows(R) UL oob License (Public)\r\nLicense Id=f0b835ff-6c5d-419f-8ba7-216fb9fcb822",
            "Source": "Software Protection Platform Service",
            "ReplacementStrings": [
                "Windows(R) UL oob License (Public)",
                "f0b835ff-6c5d-419f-8ba7-216fb9fcb822"
            ],
            "InstanceId": 1073742828,
            "TimeGenerated": "/Date(1721694928000)/",
            "TimeWritten": "/Date(1721694928000)/",
            "UserName": null,
            "Site": null,
            "Container": null
        },
        {
            "EventID": 1004,
            "MachineName": "WIN-8FV0I6RARRF",
            "Data": [],
            "Index": 166,
            "Category": "(0)",
            "CategoryNumber": 0,
            "EntryType": 4,
            "Message": "The Software Protection service has successfully installed the license.\r\nLicense Title=Windows(R) Publishing License (Private)\r\nLicense Id=946c92b4-27b9-4a3c-924c-423d596ba508",
            "Source": "Software Protection Platform Service",
            "ReplacementStrings": [
                "Windows(R) Publishing License (Private)",
                "946c92b4-27b9-4a3c-924c-423d596ba508"
            ],
            "InstanceId": 1073742828,
            "TimeGenerated": "/Date(1721694928000)/",
            "TimeWritten": "/Date(1721694928000)/",
            "UserName": null,
            "Site": null,
            "Container": null
        },
        {
            "EventID": 1004,
            "MachineName": "WIN-8FV0I6RARRF",
            "Data": [],
            "Index": 165,
            "Category": "(0)",
            "CategoryNumber": 0,
            "EntryType": 4,
            "Message": "The Software Protection service has successfully installed the license.\r\nLicense Title=Windows(R) Publishing License (Public)\r\nLicense Id=970edf8b-0393-4f15-b21f-fe98ffedf445",
            "Source": "Software Protection Platform Service",
            "ReplacementStrings": [
                "Windows(R) Publishing License (Public)",
                "970edf8b-0393-4f15-b21f-fe98ffedf445"
            ],
            "InstanceId": 1073742828,
            "TimeGenerated": "/Date(1721694928000)/",
            "TimeWritten": "/Date(1721694928000)/",
            "UserName": null,
            "Site": null,
            "Container": null
        },
        {
            "EventID": 1004,
            "MachineName": "WIN-8FV0I6RARRF",
            "Data": [],
            "Index": 164,
            "Category": "(0)",
            "CategoryNumber": 0,
            "EntryType": 4,
            "Message": "The Software Protection service has successfully installed the license.\r\nLicense Title=Windows(R) UL store License (Private)\r\nLicense Id=ba5b25f9-802f-4ca8-8414-0b7e5bebede3",
            "Source": "Software Protection Platform Service",
            "ReplacementStrings": [
                "Windows(R) UL store License (Private)",
                "ba5b25f9-802f-4ca8-8414-0b7e5bebede3"
            ],
            "InstanceId": 1073742828,
            "TimeGenerated": "/Date(1721694928000)/",
            "TimeWritten": "/Date(1721694928000)/",
            "UserName": null,
            "Site": null,
            "Container": null
        },
        {
            "EventID": 1004,
            "MachineName": "WIN-8FV0I6RARRF",
            "Data": [],
            "Index": 163,
            "Category": "(0)",
            "CategoryNumber": 0,
            "EntryType": 4,
            "Message": "The Software Protection service has successfully installed the license.\r\nLicense Title=Windows(R) UL store License (Public)\r\nLicense Id=b4d04e12-5fa8-49b2-851d-fd3660454317",
            "Source": "Software Protection Platform Service",
            "ReplacementStrings": [
                "Windows(R) UL store License (Public)",
                "b4d04e12-5fa8-49b2-851d-fd3660454317"
            ],
            "InstanceId": 1073742828,
            "TimeGenerated": "/Date(1721694928000)/",
            "TimeWritten": "/Date(1721694928000)/",
            "UserName": null,
            "Site": null,
            "Container": null
        },
        {
            "EventID": 1004,
            "MachineName": "WIN-8FV0I6RARRF",
            "Data": [],
            "Index": 162,
            "Category": "(0)",
            "CategoryNumber": 0,
            "EntryType": 4,
            "Message": "The Software Protection service has successfully installed the license.\r\nLicense Title=Windows(R) UL phone License (Private)\r\nLicense Id=ea01b684-a54b-4b6d-95c2-a04b1525f44c",
            "Source": "Software Protection Platform Service",
            "ReplacementStrings": [
                "Windows(R) UL phone License (Private)",
                "ea01b684-a54b-4b6d-95c2-a04b1525f44c"
            ],
            "InstanceId": 1073742828,
            "TimeGenerated": "/Date(1721694928000)/",
            "TimeWritten": "/Date(1721694928000)/",
            "UserName": null,
            "Site": null,
            "Container": null
        },
        {
            "EventID": 1004,
            "MachineName": "WIN-8FV0I6RARRF",
            "Data": [],
            "Index": 161,
            "Category": "(0)",
            "CategoryNumber": 0,
            "EntryType": 4,
            "Message": "The Software Protection service has successfully installed the license.\r\nLicense Title=Windows(R) UL phone License (Public)\r\nLicense Id=65098388-3b7b-4842-92fd-2e0ebd0db003",
            "Source": "Software Protection Platform Service",
            "ReplacementStrings": [
                "Windows(R) UL phone License (Public)",
                "65098388-3b7b-4842-92fd-2e0ebd0db003"
            ],
            "InstanceId": 1073742828,
            "TimeGenerated": "/Date(1721694928000)/",
            "TimeWritten": "/Date(1721694928000)/",
            "UserName": null,
            "Site": null,
            "Container": null
        },
        {
            "EventID": 1004,
            "MachineName": "WIN-8FV0I6RARRF",
            "Data": [],
            "Index": 160,
            "Category": "(0)",
            "CategoryNumber": 0,
            "EntryType": 4,
            "Message": "The Software Protection service has successfully installed the license.\r\nLicense Title=Windows(R) UL oob License (Private)\r\nLicense Id=2db22c73-a811-49ec-acc5-b28d4d5a6723",
            "Source": "Software Protection Platform Service",
            "ReplacementStrings": [
                "Windows(R) UL oob License (Private)",
                "2db22c73-a811-49ec-acc5-b28d4d5a6723"
            ],
            "InstanceId": 1073742828,
            "TimeGenerated": "/Date(1721694928000)/",
            "TimeWritten": "/Date(1721694928000)/",
            "UserName": null,
            "Site": null,
            "Container": null
        },
        {
            "EventID": 1004,
            "MachineName": "WIN-8FV0I6RARRF",
            "Data": [],
            "Index": 159,
            "Category": "(0)",
            "CategoryNumber": 0,
            "EntryType": 4,
            "Message": "The Software Protection service has successfully installed the license.\r\nLicense Title=Windows(R) UL oob License (Public)\r\nLicense Id=6e13f9e3-e1d5-42ea-ba9e-cd2d6ba3695e",
            "Source": "Software Protection Platform Service",
            "ReplacementStrings": [
                "Windows(R) UL oob License (Public)",
                "6e13f9e3-e1d5-42ea-ba9e-cd2d6ba3695e"
            ],
            "InstanceId": 1073742828,
            "TimeGenerated": "/Date(1721694928000)/",
            "TimeWritten": "/Date(1721694928000)/",
            "UserName": null,
            "Site": null,
            "Container": null
        },
        {
            "EventID": 1004,
            "MachineName": "WIN-8FV0I6RARRF",
            "Data": [],
            "Index": 158,
            "Category": "(0)",
            "CategoryNumber": 0,
            "EntryType": 4,
            "Message": "The Software Protection service has successfully installed the license.\r\nLicense Title=Windows(R) Publishing License (Private)\r\nLicense Id=53c32397-fa6e-437b-b74e-275de5834cd2",
            "Source": "Software Protection Platform Service",
            "ReplacementStrings": [
                "Windows(R) Publishing License (Private)",
                "53c32397-fa6e-437b-b74e-275de5834cd2"
            ],
            "InstanceId": 1073742828,
            "TimeGenerated": "/Date(1721694928000)/",
            "TimeWritten": "/Date(1721694928000)/",
            "UserName": null,
            "Site": null,
            "Container": null
        },
        {
            "EventID": 1004,
            "MachineName": "WIN-8FV0I6RARRF",
            "Data": [],
            "Index": 157,
            "Category": "(0)",
            "CategoryNumber": 0,
            "EntryType": 4,
            "Message": "The Software Protection service has successfully installed the license.\r\nLicense Title=Windows(R) Publishing License (Public)\r\nLicense Id=9a4c9d05-f5e4-4098-a713-fa1fcb368377",
            "Source": "Software Protection Platform Service",
            "ReplacementStrings": [
                "Windows(R) Publishing License (Public)",
                "9a4c9d05-f5e4-4098-a713-fa1fcb368377"
            ],
            "InstanceId": 1073742828,
            "TimeGenerated": "/Date(1721694928000)/",
            "TimeWritten": "/Date(1721694928000)/",
            "UserName": null,
            "Site": null,
            "Container": null
        },
        {
            "EventID": 1004,
            "MachineName": "WIN-8FV0I6RARRF",
            "Data": [],
            "Index": 156,
            "Category": "(0)",
            "CategoryNumber": 0,
            "EntryType": 4,
            "Message": "The Software Protection service has successfully installed the license.\r\nLicense Title=Windows(R) UL store License (Private)\r\nLicense Id=ff74ac18-44de-4cb5-8f8d-b61b0d57a7bf",
            "Source": "Software Protection Platform Service",
            "ReplacementStrings": [
                "Windows(R) UL store License (Private)",
                "ff74ac18-44de-4cb5-8f8d-b61b0d57a7bf"
            ],
            "InstanceId": 1073742828,
            "TimeGenerated": "/Date(1721694928000)/",
            "TimeWritten": "/Date(1721694928000)/",
            "UserName": null,
            "Site": null,
            "Container": null
        },
        {
            "EventID": 1004,
            "MachineName": "WIN-8FV0I6RARRF",
            "Data": [],
            "Index": 155,
            "Category": "(0)",
            "CategoryNumber": 0,
            "EntryType": 4,
            "Message": "The Software Protection service has successfully installed the license.\r\nLicense Title=Windows(R) UL store License (Public)\r\nLicense Id=994627d7-4251-47aa-a001-fc172c32c5b3",
            "Source": "Software Protection Platform Service",
            "ReplacementStrings": [
                "Windows(R) UL store License (Public)",
                "994627d7-4251-47aa-a001-fc172c32c5b3"
            ],
            "InstanceId": 1073742828,
            "TimeGenerated": "/Date(1721694928000)/",
            "TimeWritten": "/Date(1721694928000)/",
            "UserName": null,
            "Site": null,
            "Container": null
        },
        {
            "EventID": 5617,
            "MachineName": "WIN-8FV0I6RARRF",
            "Data": [],
            "Index": 154,
            "Category": "(0)",
            "CategoryNumber": 0,
            "EntryType": 4,
            "Message": "Windows Management Instrumentation Service subsystems initialized successfully",
            "Source": "Microsoft-Windows-WMI",
            "ReplacementStrings": [],
            "InstanceId": 5617,
            "TimeGenerated": "/Date(1721694927000)/",
            "TimeWritten": "/Date(1721694927000)/",
            "UserName": "",
            "Site": null,
            "Container": null
        },
        {
            "EventID": 1004,
            "MachineName": "WIN-8FV0I6RARRF",
            "Data": [],
            "Index": 153,
            "Category": "(0)",
            "CategoryNumber": 0,
            "EntryType": 4,
            "Message": "The Software Protection service has successfully installed the license.\r\nLicense Title=Windows(R) UL phone License (Private)\r\nLicense Id=388f2762-2884-46b4-a262-eed48fde1d66",
            "Source": "Software Protection Platform Service",
            "ReplacementStrings": [
                "Windows(R) UL phone License (Private)",
                "388f2762-2884-46b4-a262-eed48fde1d66"
            ],
            "InstanceId": 1073742828,
            "TimeGenerated": "/Date(1721694928000)/",
            "TimeWritten": "/Date(1721694928000)/",
            "UserName": null,
            "Site": null,
            "Container": null
        },
        {
            "EventID": 1004,
            "MachineName": "WIN-8FV0I6RARRF",
            "Data": [],
            "Index": 152,
            "Category": "(0)",
            "CategoryNumber": 0,
            "EntryType": 4,
            "Message": "The Software Protection service has successfully installed the license.\r\nLicense Title=Windows(R) UL phone License (Public)\r\nLicense Id=6c190172-71a8-451b-ac27-f2835882572e",
            "Source": "Software Protection Platform Service",
            "ReplacementStrings": [
                "Windows(R) UL phone License (Public)",
                "6c190172-71a8-451b-ac27-f2835882572e"
            ],
            "InstanceId": 1073742828,
            "TimeGenerated": "/Date(1721694928000)/",
            "TimeWritten": "/Date(1721694928000)/",
            "UserName": null,
            "Site": null,
            "Container": null
        },
        {
            "EventID": 1004,
            "MachineName": "WIN-8FV0I6RARRF",
            "Data": [],
            "Index": 151,
            "Category": "(0)",
            "CategoryNumber": 0,
            "EntryType": 4,
            "Message": "The Software Protection service has successfully installed the license.\r\nLicense Title=Windows(R) UL oob License (Private)\r\nLicense Id=d2e4b41b-3728-465d-ac4a-6c6109db1c90",
            "Source": "Software Protection Platform Service",
            "ReplacementStrings": [
                "Windows(R) UL oob License (Private)",
                "d2e4b41b-3728-465d-ac4a-6c6109db1c90"
            ],
            "InstanceId": 1073742828,
            "TimeGenerated": "/Date(1721694928000)/",
            "TimeWritten": "/Date(1721694928000)/",
            "UserName": null,
            "Site": null,
            "Container": null
        },
        {
            "EventID": 1004,
            "MachineName": "WIN-8FV0I6RARRF",
            "Data": [],
            "Index": 150,
            "Category": "(0)",
            "CategoryNumber": 0,
            "EntryType": 4,
            "Message": "The Software Protection service has successfully installed the license.\r\nLicense Title=Windows(R) UL oob License (Public)\r\nLicense Id=016b3224-befb-4519-b3d2-b2ab429f5347",
            "Source": "Software Protection Platform Service",
            "ReplacementStrings": [
                "Windows(R) UL oob License (Public)",
                "016b3224-befb-4519-b3d2-b2ab429f5347"
            ],
            "InstanceId": 1073742828,
            "TimeGenerated": "/Date(1721694928000)/",
            "TimeWritten": "/Date(1721694928000)/",
            "UserName": null,
            "Site": null,
            "Container": null
        },
        {
            "EventID": 1004,
            "MachineName": "WIN-8FV0I6RARRF",
            "Data": [],
            "Index": 149,
            "Category": "(0)",
            "CategoryNumber": 0,
            "EntryType": 4,
            "Message": "The Software Protection service has successfully installed the license.\r\nLicense Title=Windows(R) Publishing License (Private)\r\nLicense Id=dcb0604e-3be2-44d4-aa70-4e59e021b2c5",
            "Source": "Software Protection Platform Service",
            "ReplacementStrings": [
                "Windows(R) Publishing License (Private)",
                "dcb0604e-3be2-44d4-aa70-4e59e021b2c5"
            ],
            "InstanceId": 1073742828,
            "TimeGenerated": "/Date(1721694928000)/",
            "TimeWritten": "/Date(1721694928000)/",
            "UserName": null,
            "Site": null,
            "Container": null
        },
        {
            "EventID": 1004,
            "MachineName": "WIN-8FV0I6RARRF",
            "Data": [],
            "Index": 148,
            "Category": "(0)",
            "CategoryNumber": 0,
            "EntryType": 4,
            "Message": "The Software Protection service has successfully installed the license.\r\nLicense Title=Windows(R) Publishing License (Public)\r\nLicense Id=7ab3937c-3502-43f8-acb4-5572bf7ca9ed",
            "Source": "Software Protection Platform Service",
            "ReplacementStrings": [
                "Windows(R) Publishing License (Public)",
                "7ab3937c-3502-43f8-acb4-5572bf7ca9ed"
            ],
            "InstanceId": 1073742828,
            "TimeGenerated": "/Date(1721694928000)/",
            "TimeWritten": "/Date(1721694928000)/",
            "UserName": null,
            "Site": null,
            "Container": null
        },
        {
            "EventID": 1004,
            "MachineName": "WIN-8FV0I6RARRF",
            "Data": [],
            "Index": 147,
            "Category": "(0)",
            "CategoryNumber": 0,
            "EntryType": 4,
            "Message": "The Software Protection service has successfully installed the license.\r\nLicense Title=Windows(R) UL store License (Private)\r\nLicense Id=eaf14136-fde9-4af0-9c55-a0ea13224036",
            "Source": "Software Protection Platform Service",
            "ReplacementStrings": [
                "Windows(R) UL store License (Private)",
                "eaf14136-fde9-4af0-9c55-a0ea13224036"
            ],
            "InstanceId": 1073742828,
            "TimeGenerated": "/Date(1721694928000)/",
            "TimeWritten": "/Date(1721694928000)/",
            "UserName": null,
            "Site": null,
            "Container": null
        },
        {
            "EventID": 1004,
            "MachineName": "WIN-8FV0I6RARRF",
            "Data": [],
            "Index": 146,
            "Category": "(0)",
            "CategoryNumber": 0,
            "EntryType": 4,
            "Message": "The Software Protection service has successfully installed the license.\r\nLicense Title=Windows(R) UL store License (Public)\r\nLicense Id=0995629b-78bc-4789-a0ee-e1d2154f68ce",
            "Source": "Software Protection Platform Service",
            "ReplacementStrings": [
                "Windows(R) UL store License (Public)",
                "0995629b-78bc-4789-a0ee-e1d2154f68ce"
            ],
            "InstanceId": 1073742828,
            "TimeGenerated": "/Date(1721694928000)/",
            "TimeWritten": "/Date(1721694928000)/",
            "UserName": null,
            "Site": null,
            "Container": null
        },
        {
            "EventID": 1004,
            "MachineName": "WIN-8FV0I6RARRF",
            "Data": [],
            "Index": 145,
            "Category": "(0)",
            "CategoryNumber": 0,
            "EntryType": 4,
            "Message": "The Software Protection service has successfully installed the license.\r\nLicense Title=Windows(R) UL phone License (Private)\r\nLicense Id=da6b2509-059f-4df3-8abf-fc38307bcd93",
            "Source": "Software Protection Platform Service",
            "ReplacementStrings": [
                "Windows(R) UL phone License (Private)",
                "da6b2509-059f-4df3-8abf-fc38307bcd93"
            ],
            "InstanceId": 1073742828,
            "TimeGenerated": "/Date(1721694928000)/",
            "TimeWritten": "/Date(1721694928000)/",
            "UserName": null,
            "Site": null,
            "Container": null
        },
        {
            "EventID": 1004,
            "MachineName": "WIN-8FV0I6RARRF",
            "Data": [],
            "Index": 144,
            "Category": "(0)",
            "CategoryNumber": 0,
            "EntryType": 4,
            "Message": "The Software Protection service has successfully installed the license.\r\nLicense Title=Windows(R) UL phone License (Public)\r\nLicense Id=d5b0717d-85db-43ba-8ef9-4fae9165e556",
            "Source": "Software Protection Platform Service",
            "ReplacementStrings": [
                "Windows(R) UL phone License (Public)",
                "d5b0717d-85db-43ba-8ef9-4fae9165e556"
            ],
            "InstanceId": 1073742828,
            "TimeGenerated": "/Date(1721694928000)/",
            "TimeWritten": "/Date(1721694928000)/",
            "UserName": null,
            "Site": null,
            "Container": null
        },
        {
            "EventID": 1004,
            "MachineName": "WIN-8FV0I6RARRF",
            "Data": [],
            "Index": 143,
            "Category": "(0)",
            "CategoryNumber": 0,
            "EntryType": 4,
            "Message": "The Software Protection service has successfully installed the license.\r\nLicense Title=Windows(R) UL oob License (Private)\r\nLicense Id=135d7d8a-1940-4a98-a7c6-a318997dd9b8",
            "Source": "Software Protection Platform Service",
            "ReplacementStrings": [
                "Windows(R) UL oob License (Private)",
                "135d7d8a-1940-4a98-a7c6-a318997dd9b8"
            ],
            "InstanceId": 1073742828,
            "TimeGenerated": "/Date(1721694928000)/",
            "TimeWritten": "/Date(1721694928000)/",
            "UserName": null,
            "Site": null,
            "Container": null
        },
        {
            "EventID": 1004,
            "MachineName": "WIN-8FV0I6RARRF",
            "Data": [],
            "Index": 142,
            "Category": "(0)",
            "CategoryNumber": 0,
            "EntryType": 4,
            "Message": "The Software Protection service has successfully installed the license.\r\nLicense Title=Windows(R) UL oob License (Public)\r\nLicense Id=2d150f85-1112-4432-8eab-f57b536a56b9",
            "Source": "Software Protection Platform Service",
            "ReplacementStrings": [
                "Windows(R) UL oob License (Public)",
                "2d150f85-1112-4432-8eab-f57b536a56b9"
            ],
            "InstanceId": 1073742828,
            "TimeGenerated": "/Date(1721694928000)/",
            "TimeWritten": "/Date(1721694928000)/",
            "UserName": null,
            "Site": null,
            "Container": null
        },
        {
            "EventID": 1004,
            "MachineName": "WIN-8FV0I6RARRF",
            "Data": [],
            "Index": 141,
            "Category": "(0)",
            "CategoryNumber": 0,
            "EntryType": 4,
            "Message": "The Software Protection service has successfully installed the license.\r\nLicense Title=Windows(R) Publishing License (Private)\r\nLicense Id=232a58c7-3870-46a1-859f-589bf1b614c5",
            "Source": "Software Protection Platform Service",
            "ReplacementStrings": [
                "Windows(R) Publishing License (Private)",
                "232a58c7-3870-46a1-859f-589bf1b614c5"
            ],
            "InstanceId": 1073742828,
            "TimeGenerated": "/Date(1721694928000)/",
            "TimeWritten": "/Date(1721694928000)/",
            "UserName": null,
            "Site": null,
            "Container": null
        },
        {
            "EventID": 1004,
            "MachineName": "WIN-8FV0I6RARRF",
            "Data": [],
            "Index": 140,
            "Category": "(0)",
            "CategoryNumber": 0,
            "EntryType": 4,
            "Message": "The Software Protection service has successfully installed the license.\r\nLicense Title=Windows(R) Publishing License (Public)\r\nLicense Id=9522cfb3-23d2-49a0-89bf-3447616c5b1e",
            "Source": "Software Protection Platform Service",
            "ReplacementStrings": [
                "Windows(R) Publishing License (Public)",
                "9522cfb3-23d2-49a0-89bf-3447616c5b1e"
            ],
            "InstanceId": 1073742828,
            "TimeGenerated": "/Date(1721694928000)/",
            "TimeWritten": "/Date(1721694928000)/",
            "UserName": null,
            "Site": null,
            "Container": null
        },
        {
            "EventID": 1004,
            "MachineName": "WIN-8FV0I6RARRF",
            "Data": [],
            "Index": 139,
            "Category": "(0)",
            "CategoryNumber": 0,
            "EntryType": 4,
            "Message": "The Software Protection service has successfully installed the license.\r\nLicense Title=Windows(R) ProfessionalWorkstation Product PPD License\r\nLicense Id=a72f560d-19a4-d1d9-5c36-83bb8242e802",
            "Source": "Software Protection Platform Service",
            "ReplacementStrings": [
                "Windows(R) ProfessionalWorkstation Product PPD License",
                "a72f560d-19a4-d1d9-5c36-83bb8242e802"
            ],
            "InstanceId": 1073742828,
            "TimeGenerated": "/Date(1721694928000)/",
            "TimeWritten": "/Date(1721694928000)/",
            "UserName": null,
            "Site": null,
            "Container": null
        },
        {
            "EventID": 1004,
            "MachineName": "WIN-8FV0I6RARRF",
            "Data": [],
            "Index": 138,
            "Category": "(0)",
            "CategoryNumber": 0,
            "EntryType": 4,
            "Message": "The Software Protection service has successfully installed the license.\r\nLicense Title=Windows(R) UL store License (Private)\r\nLicense Id=77078b8e-795d-480c-8167-d69084bcd74d",
            "Source": "Software Protection Platform Service",
            "ReplacementStrings": [
                "Windows(R) UL store License (Private)",
                "77078b8e-795d-480c-8167-d69084bcd74d"
            ],
            "InstanceId": 1073742828,
            "TimeGenerated": "/Date(1721694928000)/",
            "TimeWritten": "/Date(1721694928000)/",
            "UserName": null,
            "Site": null,
            "Container": null
        },
        {
            "EventID": 1004,
            "MachineName": "WIN-8FV0I6RARRF",
            "Data": [],
            "Index": 137,
            "Category": "(0)",
            "CategoryNumber": 0,
            "EntryType": 4,
            "Message": "The Software Protection service has successfully installed the license.\r\nLicense Title=Windows(R) UL store License (Public)\r\nLicense Id=156c2118-e2e6-4392-9657-11f166c50fc3",
            "Source": "Software Protection Platform Service",
            "ReplacementStrings": [
                "Windows(R) UL store License (Public)",
                "156c2118-e2e6-4392-9657-11f166c50fc3"
            ],
            "InstanceId": 1073742828,
            "TimeGenerated": "/Date(1721694928000)/",
            "TimeWritten": "/Date(1721694928000)/",
            "UserName": null,
            "Site": null,
            "Container": null
        },
        {
            "EventID": 1004,
            "MachineName": "WIN-8FV0I6RARRF",
            "Data": [],
            "Index": 136,
            "Category": "(0)",
            "CategoryNumber": 0,
            "EntryType": 4,
            "Message": "The Software Protection service has successfully installed the license.\r\nLicense Title=Windows(R) UL phone License (Private)\r\nLicense Id=17994ed8-39e0-44a7-9cb3-06ece8cbd507",
            "Source": "Software Protection Platform Service",
            "ReplacementStrings": [
                "Windows(R) UL phone License (Private)",
                "17994ed8-39e0-44a7-9cb3-06ece8cbd507"
            ],
            "InstanceId": 1073742828,
            "TimeGenerated": "/Date(1721694927000)/",
            "TimeWritten": "/Date(1721694927000)/",
            "UserName": null,
            "Site": null,
            "Container": null
        },
        {
            "EventID": 1004,
            "MachineName": "WIN-8FV0I6RARRF",
            "Data": [],
            "Index": 135,
            "Category": "(0)",
            "CategoryNumber": 0,
            "EntryType": 4,
            "Message": "The Software Protection service has successfully installed the license.\r\nLicense Title=Windows(R) UL phone License (Public)\r\nLicense Id=828fc280-a392-4978-b0b1-7f7f2364b023",
            "Source": "Software Protection Platform Service",
            "ReplacementStrings": [
                "Windows(R) UL phone License (Public)",
                "828fc280-a392-4978-b0b1-7f7f2364b023"
            ],
            "InstanceId": 1073742828,
            "TimeGenerated": "/Date(1721694927000)/",
            "TimeWritten": "/Date(1721694927000)/",
            "UserName": null,
            "Site": null,
            "Container": null
        },
        {
            "EventID": 1004,
            "MachineName": "WIN-8FV0I6RARRF",
            "Data": [],
            "Index": 134,
            "Category": "(0)",
            "CategoryNumber": 0,
            "EntryType": 4,
            "Message": "The Software Protection service has successfully installed the license.\r\nLicense Title=Windows(R) UL oob License (Private)\r\nLicense Id=9b0751af-b325-451a-bd6c-52cee30619a1",
            "Source": "Software Protection Platform Service",
            "ReplacementStrings": [
                "Windows(R) UL oob License (Private)",
                "9b0751af-b325-451a-bd6c-52cee30619a1"
            ],
            "InstanceId": 1073742828,
            "TimeGenerated": "/Date(1721694927000)/",
            "TimeWritten": "/Date(1721694927000)/",
            "UserName": null,
            "Site": null,
            "Container": null
        },
        {
            "EventID": 1004,
            "MachineName": "WIN-8FV0I6RARRF",
            "Data": [],
            "Index": 133,
            "Category": "(0)",
            "CategoryNumber": 0,
            "EntryType": 4,
            "Message": "The Software Protection service has successfully installed the license.\r\nLicense Title=Windows(R) UL oob License (Public)\r\nLicense Id=f372d76c-3e19-4ed3-886d-4a7fa047abcf",
            "Source": "Software Protection Platform Service",
            "ReplacementStrings": [
                "Windows(R) UL oob License (Public)",
                "f372d76c-3e19-4ed3-886d-4a7fa047abcf"
            ],
            "InstanceId": 1073742828,
            "TimeGenerated": "/Date(1721694927000)/",
            "TimeWritten": "/Date(1721694927000)/",
            "UserName": null,
            "Site": null,
            "Container": null
        },
        {
            "EventID": 1004,
            "MachineName": "WIN-8FV0I6RARRF",
            "Data": [],
            "Index": 132,
            "Category": "(0)",
            "CategoryNumber": 0,
            "EntryType": 4,
            "Message": "The Software Protection service has successfully installed the license.\r\nLicense Title=Windows(R) Publishing License (Private)\r\nLicense Id=0b9b5943-7cb8-493a-bdcd-e751a608b966",
            "Source": "Software Protection Platform Service",
            "ReplacementStrings": [
                "Windows(R) Publishing License (Private)",
                "0b9b5943-7cb8-493a-bdcd-e751a608b966"
            ],
            "InstanceId": 1073742828,
            "TimeGenerated": "/Date(1721694927000)/",
            "TimeWritten": "/Date(1721694927000)/",
            "UserName": null,
            "Site": null,
            "Container": null
        },
        {
            "EventID": 1004,
            "MachineName": "WIN-8FV0I6RARRF",
            "Data": [],
            "Index": 131,
            "Category": "(0)",
            "CategoryNumber": 0,
            "EntryType": 4,
            "Message": "The Software Protection service has successfully installed the license.\r\nLicense Title=Windows(R) Publishing License (Public)\r\nLicense Id=9e7254a0-2859-422f-a6d5-c4b50d1e44a5",
            "Source": "Software Protection Platform Service",
            "ReplacementStrings": [
                "Windows(R) Publishing License (Public)",
                "9e7254a0-2859-422f-a6d5-c4b50d1e44a5"
            ],
            "InstanceId": 1073742828,
            "TimeGenerated": "/Date(1721694927000)/",
            "TimeWritten": "/Date(1721694927000)/",
            "UserName": null,
            "Site": null,
            "Container": null
        },
        {
            "EventID": 1004,
            "MachineName": "WIN-8FV0I6RARRF",
            "Data": [],
            "Index": 130,
            "Category": "(0)",
            "CategoryNumber": 0,
            "EntryType": 4,
            "Message": "The Software Protection service has successfully installed the license.\r\nLicense Title=Windows(R) UL store License (Private)\r\nLicense Id=6829fbd8-8644-422f-8767-3ff9ca457945",
            "Source": "Software Protection Platform Service",
            "ReplacementStrings": [
                "Windows(R) UL store License (Private)",
                "6829fbd8-8644-422f-8767-3ff9ca457945"
            ],
            "InstanceId": 1073742828,
            "TimeGenerated": "/Date(1721694927000)/",
            "TimeWritten": "/Date(1721694927000)/",
            "UserName": null,
            "Site": null,
            "Container": null
        },
        {
            "EventID": 1004,
            "MachineName": "WIN-8FV0I6RARRF",
            "Data": [],
            "Index": 129,
            "Category": "(0)",
            "CategoryNumber": 0,
            "EntryType": 4,
            "Message": "The Software Protection service has successfully installed the license.\r\nLicense Title=Windows(R) UL store License (Public)\r\nLicense Id=b8892f47-f7c5-45b5-b8de-eb88b8e89a0c",
            "Source": "Software Protection Platform Service",
            "ReplacementStrings": [
                "Windows(R) UL store License (Public)",
                "b8892f47-f7c5-45b5-b8de-eb88b8e89a0c"
            ],
            "InstanceId": 1073742828,
            "TimeGenerated": "/Date(1721694927000)/",
            "TimeWritten": "/Date(1721694927000)/",
            "UserName": null,
            "Site": null,
            "Container": null
        },
        {
            "EventID": 1004,
            "MachineName": "WIN-8FV0I6RARRF",
            "Data": [],
            "Index": 128,
            "Category": "(0)",
            "CategoryNumber": 0,
            "EntryType": 4,
            "Message": "The Software Protection service has successfully installed the license.\r\nLicense Title=Windows(R) UL phone License (Private)\r\nLicense Id=c0569af1-8440-4222-b544-be11c1878553",
            "Source": "Software Protection Platform Service",
            "ReplacementStrings": [
                "Windows(R) UL phone License (Private)",
                "c0569af1-8440-4222-b544-be11c1878553"
            ],
            "InstanceId": 1073742828,
            "TimeGenerated": "/Date(1721694927000)/",
            "TimeWritten": "/Date(1721694927000)/",
            "UserName": null,
            "Site": null,
            "Container": null
        },
        {
            "EventID": 1004,
            "MachineName": "WIN-8FV0I6RARRF",
            "Data": [],
            "Index": 127,
            "Category": "(0)",
            "CategoryNumber": 0,
            "EntryType": 4,
            "Message": "The Software Protection service has successfully installed the license.\r\nLicense Title=Windows(R) UL phone License (Public)\r\nLicense Id=ced44fbc-71f7-4193-b6c4-0c2cf8798761",
            "Source": "Software Protection Platform Service",
            "ReplacementStrings": [
                "Windows(R) UL phone License (Public)",
                "ced44fbc-71f7-4193-b6c4-0c2cf8798761"
            ],
            "InstanceId": 1073742828,
            "TimeGenerated": "/Date(1721694927000)/",
            "TimeWritten": "/Date(1721694927000)/",
            "UserName": null,
            "Site": null,
            "Container": null
        },
        {
            "EventID": 1004,
            "MachineName": "WIN-8FV0I6RARRF",
            "Data": [],
            "Index": 126,
            "Category": "(0)",
            "CategoryNumber": 0,
            "EntryType": 4,
            "Message": "The Software Protection service has successfully installed the license.\r\nLicense Title=Windows(R) UL oob License (Private)\r\nLicense Id=a858fa2f-2a13-41d1-9fc1-5667c6f930a5",
            "Source": "Software Protection Platform Service",
            "ReplacementStrings": [
                "Windows(R) UL oob License (Private)",
                "a858fa2f-2a13-41d1-9fc1-5667c6f930a5"
            ],
            "InstanceId": 1073742828,
            "TimeGenerated": "/Date(1721694927000)/",
            "TimeWritten": "/Date(1721694927000)/",
            "UserName": null,
            "Site": null,
            "Container": null
        },
        {
            "EventID": 1004,
            "MachineName": "WIN-8FV0I6RARRF",
            "Data": [],
            "Index": 125,
            "Category": "(0)",
            "CategoryNumber": 0,
            "EntryType": 4,
            "Message": "The Software Protection service has successfully installed the license.\r\nLicense Title=Windows(R) UL oob License (Public)\r\nLicense Id=be7b03fb-3622-4cdd-9394-6e1e2260ad16",
            "Source": "Software Protection Platform Service",
            "ReplacementStrings": [
                "Windows(R) UL oob License (Public)",
                "be7b03fb-3622-4cdd-9394-6e1e2260ad16"
            ],
            "InstanceId": 1073742828,
            "TimeGenerated": "/Date(1721694927000)/",
            "TimeWritten": "/Date(1721694927000)/",
            "UserName": null,
            "Site": null,
            "Container": null
        },
        {
            "EventID": 1004,
            "MachineName": "WIN-8FV0I6RARRF",
            "Data": [],
            "Index": 124,
            "Category": "(0)",
            "CategoryNumber": 0,
            "EntryType": 4,
            "Message": "The Software Protection service has successfully installed the license.\r\nLicense Title=Windows(R) Publishing License (Private)\r\nLicense Id=86597fcb-02b4-4653-98a5-3976342f2068",
            "Source": "Software Protection Platform Service",
            "ReplacementStrings": [
                "Windows(R) Publishing License (Private)",
                "86597fcb-02b4-4653-98a5-3976342f2068"
            ],
            "InstanceId": 1073742828,
            "TimeGenerated": "/Date(1721694927000)/",
            "TimeWritten": "/Date(1721694927000)/",
            "UserName": null,
            "Site": null,
            "Container": null
        },
        {
            "EventID": 1004,
            "MachineName": "WIN-8FV0I6RARRF",
            "Data": [],
            "Index": 123,
            "Category": "(0)",
            "CategoryNumber": 0,
            "EntryType": 4,
            "Message": "The Software Protection service has successfully installed the license.\r\nLicense Title=Windows(R) Publishing License (Public)\r\nLicense Id=8303f917-d384-4eec-9ba3-4396e5846992",
            "Source": "Software Protection Platform Service",
            "ReplacementStrings": [
                "Windows(R) Publishing License (Public)",
                "8303f917-d384-4eec-9ba3-4396e5846992"
            ],
            "InstanceId": 1073742828,
            "TimeGenerated": "/Date(1721694927000)/",
            "TimeWritten": "/Date(1721694927000)/",
            "UserName": null,
            "Site": null,
            "Container": null
        },
        {
            "EventID": 1004,
            "MachineName": "WIN-8FV0I6RARRF",
            "Data": [],
            "Index": 122,
            "Category": "(0)",
            "CategoryNumber": 0,
            "EntryType": 4,
            "Message": "The Software Protection service has successfully installed the license.\r\nLicense Title=DefaultPpd-ProfessionalWorkstation Component PPD License\r\nLicense Id=f7a67c1b-1405-bd8d-4543-076138674dff",
            "Source": "Software Protection Platform Service",
            "ReplacementStrings": [
                "DefaultPpd-ProfessionalWorkstation Component PPD License",
                "f7a67c1b-1405-bd8d-4543-076138674dff"
            ],
            "InstanceId": 1073742828,
            "TimeGenerated": "/Date(1721694927000)/",
            "TimeWritten": "/Date(1721694927000)/",
            "UserName": null,
            "Site": null,
            "Container": null
        },
        {
            "EventID": 1004,
            "MachineName": "WIN-8FV0I6RARRF",
            "Data": [],
            "Index": 121,
            "Category": "(0)",
            "CategoryNumber": 0,
            "EntryType": 4,
            "Message": "The Software Protection service has successfully installed the license.\r\nLicense Title=Windows(R) UL store License (Private)\r\nLicense Id=9d8a6c2e-ce00-4d43-b2f2-37d537c7ae9f",
            "Source": "Software Protection Platform Service",
            "ReplacementStrings": [
                "Windows(R) UL store License (Private)",
                "9d8a6c2e-ce00-4d43-b2f2-37d537c7ae9f"
            ],
            "InstanceId": 1073742828,
            "TimeGenerated": "/Date(1721694927000)/",
            "TimeWritten": "/Date(1721694927000)/",
            "UserName": null,
            "Site": null,
            "Container": null
        },
        {
            "EventID": 1004,
            "MachineName": "WIN-8FV0I6RARRF",
            "Data": [],
            "Index": 120,
            "Category": "(0)",
            "CategoryNumber": 0,
            "EntryType": 4,
            "Message": "The Software Protection service has successfully installed the license.\r\nLicense Title=Windows(R) UL store License (Public)\r\nLicense Id=bca64e6c-b5d8-470b-8503-4243d5a3b899",
            "Source": "Software Protection Platform Service",
            "ReplacementStrings": [
                "Windows(R) UL store License (Public)",
                "bca64e6c-b5d8-470b-8503-4243d5a3b899"
            ],
            "InstanceId": 1073742828,
            "TimeGenerated": "/Date(1721694927000)/",
            "TimeWritten": "/Date(1721694927000)/",
            "UserName": null,
            "Site": null,
            "Container": null
        },
        {
            "EventID": 1004,
            "MachineName": "WIN-8FV0I6RARRF",
            "Data": [],
            "Index": 119,
            "Category": "(0)",
            "CategoryNumber": 0,
            "EntryType": 4,
            "Message": "The Software Protection service has successfully installed the license.\r\nLicense Title=Windows(R) UL phone License (Private)\r\nLicense Id=1a8a4854-7ec4-4f88-865d-97eec66fbc5c",
            "Source": "Software Protection Platform Service",
            "ReplacementStrings": [
                "Windows(R) UL phone License (Private)",
                "1a8a4854-7ec4-4f88-865d-97eec66fbc5c"
            ],
            "InstanceId": 1073742828,
            "TimeGenerated": "/Date(1721694927000)/",
            "TimeWritten": "/Date(1721694927000)/",
            "UserName": null,
            "Site": null,
            "Container": null
        },
