        {
            "EventID": 1004,
            "MachineName": "WIN-8FV0I6RARRF",
            "Data": [],
            "Index": 118,
            "Category": "(0)",
            "CategoryNumber": 0,
            "EntryType": 4,
            "Message": "The Software Protection service has successfully installed the license.\r\nLicense Title=Windows(R) UL phone License (Public)\r\nLicense Id=3ca899e9-d571-4e21-9a71-630b5f31ffa8",
            "Source": "Software Protection Platform Service",
            "ReplacementStrings": [
                "Windows(R) UL phone License (Public)",
                "3ca899e9-d571-4e21-9a71-630b5f31ffa8"
            ],
            "InstanceId": 1073742828,
            "TimeGenerated": "/Date(1721694927000)/",
            "TimeWritten": "/Date(1721694927000)/",
            "UserName": null,
            "Site": null,
            "Container": null
        },
        {
            "EventID": 1004,
            "MachineName": "WIN-8FV0I6RARRF",
            "Data": [],
            "Index": 117,
            "Category": "(0)",
            "CategoryNumber": 0,
            "EntryType": 4,
            "Message": "The Software Protection service has successfully installed the license.\r\nLicense Title=Windows(R) UL oob License (Private)\r\nLicense Id=ca5debd3-29bb-4f8e-9868-9df77abb1a83",
            "Source": "Software Protection Platform Service",
            "ReplacementStrings": [
                "Windows(R) UL oob License (Private)",
                "ca5debd3-29bb-4f8e-9868-9df77abb1a83"
            ],
            "InstanceId": 1073742828,
            "TimeGenerated": "/Date(1721694927000)/",
            "TimeWritten": "/Date(1721694927000)/",
            "UserName": null,
            "Site": null,
            "Container": null
        },
        {
            "EventID": 1004,
            "MachineName": "WIN-8FV0I6RARRF",
            "Data": [],
            "Index": 116,
            "Category": "(0)",
            "CategoryNumber": 0,
            "EntryType": 4,
            "Message": "The Software Protection service has successfully installed the license.\r\nLicense Title=Windows(R) UL oob License (Public)\r\nLicense Id=5fb174d5-c8d7-4b38-9902-b2be376430c0",
            "Source": "Software Protection Platform Service",
            "ReplacementStrings": [
                "Windows(R) UL oob License (Public)",
                "5fb174d5-c8d7-4b38-9902-b2be376430c0"
            ],
            "InstanceId": 1073742828,
            "TimeGenerated": "/Date(1721694927000)/",
            "TimeWritten": "/Date(1721694927000)/",
            "UserName": null,
            "Site": null,
            "Container": null
        },
        {
            "EventID": 1004,
            "MachineName": "WIN-8FV0I6RARRF",
            "Data": [],
            "Index": 115,
            "Category": "(0)",
            "CategoryNumber": 0,
            "EntryType": 4,
            "Message": "The Software Protection service has successfully installed the license.\r\nLicense Title=Windows(R) Publishing License (Private)\r\nLicense Id=e0e3dd32-b82e-4f0e-b7d1-9760a50f4ee4",
            "Source": "Software Protection Platform Service",
            "ReplacementStrings": [
                "Windows(R) Publishing License (Private)",
                "e0e3dd32-b82e-4f0e-b7d1-9760a50f4ee4"
            ],
            "InstanceId": 1073742828,
            "TimeGenerated": "/Date(1721694927000)/",
            "TimeWritten": "/Date(1721694927000)/",
            "UserName": null,
            "Site": null,
            "Container": null
        },
        {
            "EventID": 1004,
            "MachineName": "WIN-8FV0I6RARRF",
            "Data": [],
            "Index": 114,
            "Category": "(0)",
            "CategoryNumber": 0,
            "EntryType": 4,
            "Message": "The Software Protection service has successfully installed the license.\r\nLicense Title=Windows(R) Publishing License (Public)\r\nLicense Id=1d8f2963-a776-4aef-bbc4-5529534ae679",
            "Source": "Software Protection Platform Service",
            "ReplacementStrings": [
                "Windows(R) Publishing License (Public)",
                "1d8f2963-a776-4aef-bbc4-5529534ae679"
            ],
            "InstanceId": 1073742828,
            "TimeGenerated": "/Date(1721694927000)/",
            "TimeWritten": "/Date(1721694927000)/",
            "UserName": null,
            "Site": null,
            "Container": null
        },
        {
            "EventID": 1004,
            "MachineName": "WIN-8FV0I6RARRF",
            "Data": [],
            "Index": 113,
            "Category": "(0)",
            "CategoryNumber": 0,
            "EntryType": 4,
            "Message": "The Software Protection service has successfully installed the license.\r\nLicense Title=Windows(R) ProfessionalSingleLanguage Product PPD License\r\nLicense Id=f7881a83-f4e7-7276-fd6e-ec06607dad29",
            "Source": "Software Protection Platform Service",
            "ReplacementStrings": [
                "Windows(R) ProfessionalSingleLanguage Product PPD License",
                "f7881a83-f4e7-7276-fd6e-ec06607dad29"
            ],
            "InstanceId": 1073742828,
            "TimeGenerated": "/Date(1721694927000)/",
            "TimeWritten": "/Date(1721694927000)/",
            "UserName": null,
            "Site": null,
            "Container": null
        },
        {
            "EventID": 1004,
            "MachineName": "WIN-8FV0I6RARRF",
            "Data": [],
            "Index": 112,
            "Category": "(0)",
            "CategoryNumber": 0,
            "EntryType": 4,
            "Message": "The Software Protection service has successfully installed the license.\r\nLicense Title=DefaultPpd-ProfessionalSingleLanguage Component PPD License\r\nLicense Id=658ee2ff-712d-2feb-d854-ee7cb0f68fa1",
            "Source": "Software Protection Platform Service",
            "ReplacementStrings": [
                "DefaultPpd-ProfessionalSingleLanguage Component PPD License",
                "658ee2ff-712d-2feb-d854-ee7cb0f68fa1"
            ],
            "InstanceId": 1073742828,
            "TimeGenerated": "/Date(1721694927000)/",
            "TimeWritten": "/Date(1721694927000)/",
            "UserName": null,
            "Site": null,
            "Container": null
        },
        {
            "EventID": 1004,
            "MachineName": "WIN-8FV0I6RARRF",
            "Data": [],
            "Index": 111,
            "Category": "(0)",
            "CategoryNumber": 0,
            "EntryType": 4,
            "Message": "The Software Protection service has successfully installed the license.\r\nLicense Title=Windows(R) UL store License (Private)\r\nLicense Id=782dc250-5be8-492a-92c7-7c1926127f76",
            "Source": "Software Protection Platform Service",
            "ReplacementStrings": [
                "Windows(R) UL store License (Private)",
                "782dc250-5be8-492a-92c7-7c1926127f76"
            ],
            "InstanceId": 1073742828,
            "TimeGenerated": "/Date(1721694927000)/",
            "TimeWritten": "/Date(1721694927000)/",
            "UserName": null,
            "Site": null,
            "Container": null
        },
        {
            "EventID": 1004,
            "MachineName": "WIN-8FV0I6RARRF",
            "Data": [],
            "Index": 110,
            "Category": "(0)",
            "CategoryNumber": 0,
            "EntryType": 4,
            "Message": "The Software Protection service has successfully installed the license.\r\nLicense Title=Windows(R) UL store License (Public)\r\nLicense Id=572c9e01-0ec1-458b-aa2d-9f236798e6cc",
            "Source": "Software Protection Platform Service",
            "ReplacementStrings": [
                "Windows(R) UL store License (Public)",
                "572c9e01-0ec1-458b-aa2d-9f236798e6cc"
            ],
            "InstanceId": 1073742828,
            "TimeGenerated": "/Date(1721694927000)/",
            "TimeWritten": "/Date(1721694927000)/",
            "UserName": null,
            "Site": null,
            "Container": null
        },
        {
            "EventID": 1004,
            "MachineName": "WIN-8FV0I6RARRF",
            "Data": [],
            "Index": 109,
            "Category": "(0)",
            "CategoryNumber": 0,
            "EntryType": 4,
            "Message": "The Software Protection service has successfully installed the license.\r\nLicense Title=Windows(R) UL phone License (Private)\r\nLicense Id=dbb3d8fe-4125-47ec-9aab-a70734ec112c",
            "Source": "Software Protection Platform Service",
            "ReplacementStrings": [
                "Windows(R) UL phone License (Private)",
                "dbb3d8fe-4125-47ec-9aab-a70734ec112c"
            ],
            "InstanceId": 1073742828,
            "TimeGenerated": "/Date(1721694927000)/",
            "TimeWritten": "/Date(1721694927000)/",
            "UserName": null,
            "Site": null,
            "Container": null
        },
        {
            "EventID": 1004,
            "MachineName": "WIN-8FV0I6RARRF",
            "Data": [],
            "Index": 108,
            "Category": "(0)",
            "CategoryNumber": 0,
            "EntryType": 4,
            "Message": "The Software Protection service has successfully installed the license.\r\nLicense Title=Windows(R) UL phone License (Public)\r\nLicense Id=59621610-3638-4d48-9f58-4d66f060a539",
            "Source": "Software Protection Platform Service",
            "ReplacementStrings": [
                "Windows(R) UL phone License (Public)",
                "59621610-3638-4d48-9f58-4d66f060a539"
            ],
            "InstanceId": 1073742828,
            "TimeGenerated": "/Date(1721694927000)/",
            "TimeWritten": "/Date(1721694927000)/",
            "UserName": null,
            "Site": null,
            "Container": null
        },
        {
            "EventID": 1004,
            "MachineName": "WIN-8FV0I6RARRF",
            "Data": [],
            "Index": 107,
            "Category": "(0)",
            "CategoryNumber": 0,
            "EntryType": 4,
            "Message": "The Software Protection service has successfully installed the license.\r\nLicense Title=Windows(R) UL oob License (Private)\r\nLicense Id=c99a324c-8234-4f2f-b07c-fbf0a89378aa",
            "Source": "Software Protection Platform Service",
            "ReplacementStrings": [
                "Windows(R) UL oob License (Private)",
                "c99a324c-8234-4f2f-b07c-fbf0a89378aa"
            ],
            "InstanceId": 1073742828,
            "TimeGenerated": "/Date(1721694927000)/",
            "TimeWritten": "/Date(1721694927000)/",
            "UserName": null,
            "Site": null,
            "Container": null
        },
        {
            "EventID": 1004,
            "MachineName": "WIN-8FV0I6RARRF",
            "Data": [],
            "Index": 106,
            "Category": "(0)",
            "CategoryNumber": 0,
            "EntryType": 4,
            "Message": "The Software Protection service has successfully installed the license.\r\nLicense Title=Windows(R) UL oob License (Public)\r\nLicense Id=92a9799b-e2ad-45c2-b7f5-da1831c1e6b6",
            "Source": "Software Protection Platform Service",
            "ReplacementStrings": [
                "Windows(R) UL oob License (Public)",
                "92a9799b-e2ad-45c2-b7f5-da1831c1e6b6"
            ],
            "InstanceId": 1073742828,
            "TimeGenerated": "/Date(1721694927000)/",
            "TimeWritten": "/Date(1721694927000)/",
            "UserName": null,
            "Site": null,
            "Container": null
        },
        {
            "EventID": 1004,
            "MachineName": "WIN-8FV0I6RARRF",
            "Data": [],
            "Index": 105,
            "Category": "(0)",
            "CategoryNumber": 0,
            "EntryType": 4,
            "Message": "The Software Protection service has successfully installed the license.\r\nLicense Title=Windows(R) Publishing License (Private)\r\nLicense Id=a096f638-ace6-4538-aa5a-faf9941843fa",
            "Source": "Software Protection Platform Service",
            "ReplacementStrings": [
                "Windows(R) Publishing License (Private)",
                "a096f638-ace6-4538-aa5a-faf9941843fa"
            ],
            "InstanceId": 1073742828,
            "TimeGenerated": "/Date(1721694927000)/",
            "TimeWritten": "/Date(1721694927000)/",
            "UserName": null,
            "Site": null,
            "Container": null
        },
        {
            "EventID": 1004,
            "MachineName": "WIN-8FV0I6RARRF",
            "Data": [],
            "Index": 104,
            "Category": "(0)",
            "CategoryNumber": 0,
            "EntryType": 4,
            "Message": "The Software Protection service has successfully installed the license.\r\nLicense Title=Windows(R) Publishing License (Public)\r\nLicense Id=b8747e29-8b47-4c2e-8b62-5c9ad778b0df",
            "Source": "Software Protection Platform Service",
            "ReplacementStrings": [
                "Windows(R) Publishing License (Public)",
                "b8747e29-8b47-4c2e-8b62-5c9ad778b0df"
            ],
            "InstanceId": 1073742828,
            "TimeGenerated": "/Date(1721694927000)/",
            "TimeWritten": "/Date(1721694927000)/",
            "UserName": null,
            "Site": null,
            "Container": null
        },
        {
            "EventID": 1004,
            "MachineName": "WIN-8FV0I6RARRF",
            "Data": [],
            "Index": 103,
            "Category": "(0)",
            "CategoryNumber": 0,
            "EntryType": 4,
            "Message": "The Software Protection service has successfully installed the license.\r\nLicense Title=Windows(R) UL volume License (Private)\r\nLicense Id=e9121fed-29f9-4996-bb3f-f61f402ec46f",
            "Source": "Software Protection Platform Service",
            "ReplacementStrings": [
                "Windows(R) UL volume License (Private)",
                "e9121fed-29f9-4996-bb3f-f61f402ec46f"
            ],
            "InstanceId": 1073742828,
            "TimeGenerated": "/Date(1721694927000)/",
            "TimeWritten": "/Date(1721694927000)/",
            "UserName": null,
            "Site": null,
            "Container": null
        },
        {
            "EventID": 1004,
            "MachineName": "WIN-8FV0I6RARRF",
            "Data": [],
            "Index": 102,
            "Category": "(0)",
            "CategoryNumber": 0,
            "EntryType": 4,
            "Message": "The Software Protection service has successfully installed the license.\r\nLicense Title=Windows(R) UL volume License (Public)\r\nLicense Id=37fa416b-1256-418c-8679-2992d225e9df",
            "Source": "Software Protection Platform Service",
            "ReplacementStrings": [
                "Windows(R) UL volume License (Public)",
                "37fa416b-1256-418c-8679-2992d225e9df"
            ],
            "InstanceId": 1073742828,
            "TimeGenerated": "/Date(1721694927000)/",
            "TimeWritten": "/Date(1721694927000)/",
            "UserName": null,
            "Site": null,
            "Container": null
        },
        {
            "EventID": 1004,
            "MachineName": "WIN-8FV0I6RARRF",
            "Data": [],
            "Index": 101,
            "Category": "(0)",
            "CategoryNumber": 0,
            "EntryType": 4,
            "Message": "The Software Protection service has successfully installed the license.\r\nLicense Title=Windows(R) UL oob License (Private)\r\nLicense Id=b03537ad-8efa-431d-9e2d-0b1c6c9f3d2a",
            "Source": "Software Protection Platform Service",
            "ReplacementStrings": [
                "Windows(R) UL oob License (Private)",
                "b03537ad-8efa-431d-9e2d-0b1c6c9f3d2a"
            ],
            "InstanceId": 1073742828,
            "TimeGenerated": "/Date(1721694927000)/",
            "TimeWritten": "/Date(1721694927000)/",
            "UserName": null,
            "Site": null,
            "Container": null
        },
        {
            "EventID": 1004,
            "MachineName": "WIN-8FV0I6RARRF",
            "Data": [],
            "Index": 100,
            "Category": "(0)",
            "CategoryNumber": 0,
            "EntryType": 4,
            "Message": "The Software Protection service has successfully installed the license.\r\nLicense Title=Windows(R) UL oob License (Public)\r\nLicense Id=df12c55d-98fd-49e0-bbfb-c7cc3dd13fcc",
            "Source": "Software Protection Platform Service",
            "ReplacementStrings": [
                "Windows(R) UL oob License (Public)",
                "df12c55d-98fd-49e0-bbfb-c7cc3dd13fcc"
            ],
            "InstanceId": 1073742828,
            "TimeGenerated": "/Date(1721694927000)/",
            "TimeWritten": "/Date(1721694927000)/",
            "UserName": null,
            "Site": null,
            "Container": null
        },
        {
            "EventID": 1004,
            "MachineName": "WIN-8FV0I6RARRF",
            "Data": [],
            "Index": 99,
            "Category": "(0)",
            "CategoryNumber": 0,
            "EntryType": 4,
            "Message": "The Software Protection service has successfully installed the license.\r\nLicense Title=Windows(R) UL store License (Private)\r\nLicense Id=cefd71d7-940d-4c0d-b827-011b89dceb80",
            "Source": "Software Protection Platform Service",
            "ReplacementStrings": [
                "Windows(R) UL store License (Private)",
                "cefd71d7-940d-4c0d-b827-011b89dceb80"
            ],
            "InstanceId": 1073742828,
            "TimeGenerated": "/Date(1721694926000)/",
            "TimeWritten": "/Date(1721694926000)/",
            "UserName": null,
            "Site": null,
            "Container": null
        },
        {
            "EventID": 1004,
            "MachineName": "WIN-8FV0I6RARRF",
            "Data": [],
            "Index": 98,
            "Category": "(0)",
            "CategoryNumber": 0,
            "EntryType": 4,
            "Message": "The Software Protection service has successfully installed the license.\r\nLicense Title=Windows(R) UL store License (Public)\r\nLicense Id=8f14710f-d8a9-4079-8d32-bc6bbcd24940",
            "Source": "Software Protection Platform Service",
            "ReplacementStrings": [
                "Windows(R) UL store License (Public)",
                "8f14710f-d8a9-4079-8d32-bc6bbcd24940"
            ],
            "InstanceId": 1073742828,
            "TimeGenerated": "/Date(1721694926000)/",
            "TimeWritten": "/Date(1721694926000)/",
            "UserName": null,
            "Site": null,
            "Container": null
        },
        {
            "EventID": 1004,
            "MachineName": "WIN-8FV0I6RARRF",
            "Data": [],
            "Index": 97,
            "Category": "(0)",
            "CategoryNumber": 0,
            "EntryType": 4,
            "Message": "The Software Protection service has successfully installed the license.\r\nLicense Title=Windows(R) UL phone License (Private)\r\nLicense Id=154dd397-9855-4a3b-8f0b-3fb7824792b9",
            "Source": "Software Protection Platform Service",
            "ReplacementStrings": [
                "Windows(R) UL phone License (Private)",
                "154dd397-9855-4a3b-8f0b-3fb7824792b9"
            ],
            "InstanceId": 1073742828,
            "TimeGenerated": "/Date(1721694926000)/",
            "TimeWritten": "/Date(1721694926000)/",
            "UserName": null,
            "Site": null,
            "Container": null
        },
        {
            "EventID": 1004,
            "MachineName": "WIN-8FV0I6RARRF",
            "Data": [],
            "Index": 96,
            "Category": "(0)",
            "CategoryNumber": 0,
            "EntryType": 4,
            "Message": "The Software Protection service has successfully installed the license.\r\nLicense Title=Windows(R) UL phone License (Public)\r\nLicense Id=6ba9b6f0-6c7d-4a8a-b134-1e6bcc1d9df9",
            "Source": "Software Protection Platform Service",
            "ReplacementStrings": [
                "Windows(R) UL phone License (Public)",
                "6ba9b6f0-6c7d-4a8a-b134-1e6bcc1d9df9"
            ],
            "InstanceId": 1073742828,
            "TimeGenerated": "/Date(1721694926000)/",
            "TimeWritten": "/Date(1721694926000)/",
            "UserName": null,
            "Site": null,
            "Container": null
        },
        {
            "EventID": 1004,
            "MachineName": "WIN-8FV0I6RARRF",
            "Data": [],
            "Index": 95,
            "Category": "(0)",
            "CategoryNumber": 0,
            "EntryType": 4,
            "Message": "The Software Protection service has successfully installed the license.\r\nLicense Title=Windows(R) UL oob License (Private)\r\nLicense Id=6e63e0d3-f7b8-4d93-bbfa-3f255e2aec9a",
            "Source": "Software Protection Platform Service",
            "ReplacementStrings": [
                "Windows(R) UL oob License (Private)",
                "6e63e0d3-f7b8-4d93-bbfa-3f255e2aec9a"
            ],
            "InstanceId": 1073742828,
            "TimeGenerated": "/Date(1721694926000)/",
            "TimeWritten": "/Date(1721694926000)/",
            "UserName": null,
            "Site": null,
            "Container": null
        },
        {
            "EventID": 5615,
            "MachineName": "WIN-8FV0I6RARRF",
            "Data": [],
            "Index": 94,
            "Category": "(0)",
            "CategoryNumber": 0,
            "EntryType": 4,
            "Message": "Windows Management Instrumentation Service started sucessfully",
            "Source": "Microsoft-Windows-WMI",
            "ReplacementStrings": [],
            "InstanceId": 5615,
            "TimeGenerated": "/Date(1721694925000)/",
            "TimeWritten": "/Date(1721694925000)/",
            "UserName": "",
            "Site": null,
            "Container": null
        },
        {
            "EventID": 1004,
            "MachineName": "WIN-8FV0I6RARRF",
            "Data": [],
            "Index": 93,
            "Category": "(0)",
            "CategoryNumber": 0,
            "EntryType": 4,
            "Message": "The Software Protection service has successfully installed the license.\r\nLicense Title=Windows(R) UL oob License (Public)\r\nLicense Id=0b3118ab-3f82-488b-a122-79bbce81f455",
            "Source": "Software Protection Platform Service",
            "ReplacementStrings": [
                "Windows(R) UL oob License (Public)",
                "0b3118ab-3f82-488b-a122-79bbce81f455"
            ],
            "InstanceId": 1073742828,
            "TimeGenerated": "/Date(1721694926000)/",
            "TimeWritten": "/Date(1721694926000)/",
            "UserName": null,
            "Site": null,
            "Container": null
        },
        {
            "EventID": 1004,
            "MachineName": "WIN-8FV0I6RARRF",
            "Data": [],
            "Index": 92,
            "Category": "(0)",
            "CategoryNumber": 0,
            "EntryType": 4,
            "Message": "The Software Protection service has successfully installed the license.\r\nLicense Title=Windows(R) Publishing License (Private)\r\nLicense Id=d507511e-1ad5-4759-8237-58de4e9c4b3b",
            "Source": "Software Protection Platform Service",
            "ReplacementStrings": [
                "Windows(R) Publishing License (Private)",
                "d507511e-1ad5-4759-8237-58de4e9c4b3b"
            ],
            "InstanceId": 1073742828,
            "TimeGenerated": "/Date(1721694926000)/",
            "TimeWritten": "/Date(1721694926000)/",
            "UserName": null,
            "Site": null,
            "Container": null
        },
        {
            "EventID": 1004,
            "MachineName": "WIN-8FV0I6RARRF",
            "Data": [],
            "Index": 91,
            "Category": "(0)",
            "CategoryNumber": 0,
            "EntryType": 4,
            "Message": "The Software Protection service has successfully installed the license.\r\nLicense Title=Windows(R) Publishing License (Public)\r\nLicense Id=9ce62a5c-4d66-4448-a129-976fe3a8a057",
            "Source": "Software Protection Platform Service",
            "ReplacementStrings": [
                "Windows(R) Publishing License (Public)",
                "9ce62a5c-4d66-4448-a129-976fe3a8a057"
            ],
            "InstanceId": 1073742828,
            "TimeGenerated": "/Date(1721694926000)/",
            "TimeWritten": "/Date(1721694926000)/",
            "UserName": null,
            "Site": null,
            "Container": null
        },
        {
            "EventID": 1004,
            "MachineName": "WIN-8FV0I6RARRF",
            "Data": [],
            "Index": 90,
            "Category": "(0)",
            "CategoryNumber": 0,
            "EntryType": 4,
            "Message": "The Software Protection service has successfully installed the license.\r\nLicense Title=Windows(R) ProfessionalEducation Product PPD License\r\nLicense Id=36fa29f8-38eb-e467-c262-ec4aa2b7b6a4",
            "Source": "Software Protection Platform Service",
            "ReplacementStrings": [
                "Windows(R) ProfessionalEducation Product PPD License",
                "36fa29f8-38eb-e467-c262-ec4aa2b7b6a4"
            ],
            "InstanceId": 1073742828,
            "TimeGenerated": "/Date(1721694926000)/",
            "TimeWritten": "/Date(1721694926000)/",
            "UserName": null,
            "Site": null,
            "Container": null
        },
        {
            "EventID": 1004,
            "MachineName": "WIN-8FV0I6RARRF",
            "Data": [],
            "Index": 89,
            "Category": "(0)",
            "CategoryNumber": 0,
            "EntryType": 4,
            "Message": "The Software Protection service has successfully installed the license.\r\nLicense Title=Windows(R) UL store License (Private)\r\nLicense Id=73ba32f3-0833-4bcc-b096-cd5edd67ba54",
            "Source": "Software Protection Platform Service",
            "ReplacementStrings": [
                "Windows(R) UL store License (Private)",
                "73ba32f3-0833-4bcc-b096-cd5edd67ba54"
            ],
            "InstanceId": 1073742828,
            "TimeGenerated": "/Date(1721694926000)/",
            "TimeWritten": "/Date(1721694926000)/",
            "UserName": null,
            "Site": null,
            "Container": null
        },
        {
            "EventID": 1004,
            "MachineName": "WIN-8FV0I6RARRF",
            "Data": [],
            "Index": 88,
            "Category": "(0)",
            "CategoryNumber": 0,
            "EntryType": 4,
            "Message": "The Software Protection service has successfully installed the license.\r\nLicense Title=Windows(R) UL store License (Public)\r\nLicense Id=0046a31c-6805-46c8-b47f-f26b57bb1b35",
            "Source": "Software Protection Platform Service",
            "ReplacementStrings": [
                "Windows(R) UL store License (Public)",
                "0046a31c-6805-46c8-b47f-f26b57bb1b35"
            ],
            "InstanceId": 1073742828,
            "TimeGenerated": "/Date(1721694926000)/",
            "TimeWritten": "/Date(1721694926000)/",
            "UserName": null,
            "Site": null,
            "Container": null
        },
        {
            "EventID": 1004,
            "MachineName": "WIN-8FV0I6RARRF",
            "Data": [],
            "Index": 87,
            "Category": "(0)",
            "CategoryNumber": 0,
            "EntryType": 4,
            "Message": "The Software Protection service has successfully installed the license.\r\nLicense Title=Windows(R) UL phone License (Private)\r\nLicense Id=a8235db0-fb89-409c-97e1-581734b3df4e",
            "Source": "Software Protection Platform Service",
            "ReplacementStrings": [
                "Windows(R) UL phone License (Private)",
                "a8235db0-fb89-409c-97e1-581734b3df4e"
            ],
            "InstanceId": 1073742828,
            "TimeGenerated": "/Date(1721694926000)/",
            "TimeWritten": "/Date(1721694926000)/",
            "UserName": null,
            "Site": null,
            "Container": null
        },
        {
            "EventID": 1004,
            "MachineName": "WIN-8FV0I6RARRF",
            "Data": [],
            "Index": 86,
            "Category": "(0)",
            "CategoryNumber": 0,
            "EntryType": 4,
            "Message": "The Software Protection service has successfully installed the license.\r\nLicense Title=Windows(R) UL phone License (Public)\r\nLicense Id=b693f745-3480-4787-8292-1c16ef37ed39",
            "Source": "Software Protection Platform Service",
            "ReplacementStrings": [
                "Windows(R) UL phone License (Public)",
                "b693f745-3480-4787-8292-1c16ef37ed39"
            ],
            "InstanceId": 1073742828,
            "TimeGenerated": "/Date(1721694926000)/",
            "TimeWritten": "/Date(1721694926000)/",
            "UserName": null,
            "Site": null,
            "Container": null
        },
        {
            "EventID": 1004,
            "MachineName": "WIN-8FV0I6RARRF",
            "Data": [],
            "Index": 85,
            "Category": "(0)",
            "CategoryNumber": 0,
            "EntryType": 4,
            "Message": "The Software Protection service has successfully installed the license.\r\nLicense Title=Windows(R) UL oob License (Private)\r\nLicense Id=7daef45b-cc86-4cf3-97aa-d78b3e58e425",
            "Source": "Software Protection Platform Service",
            "ReplacementStrings": [
                "Windows(R) UL oob License (Private)",
                "7daef45b-cc86-4cf3-97aa-d78b3e58e425"
            ],
            "InstanceId": 1073742828,
            "TimeGenerated": "/Date(1721694926000)/",
            "TimeWritten": "/Date(1721694926000)/",
            "UserName": null,
            "Site": null,
            "Container": null
        },
        {
            "EventID": 1004,
            "MachineName": "WIN-8FV0I6RARRF",
            "Data": [],
            "Index": 84,
            "Category": "(0)",
            "CategoryNumber": 0,
            "EntryType": 4,
            "Message": "The Software Protection service has successfully installed the license.\r\nLicense Title=Windows(R) UL oob License (Public)\r\nLicense Id=9370e03c-16a6-48a7-b9ac-9f31f84203a1",
            "Source": "Software Protection Platform Service",
            "ReplacementStrings": [
                "Windows(R) UL oob License (Public)",
                "9370e03c-16a6-48a7-b9ac-9f31f84203a1"
            ],
            "InstanceId": 1073742828,
            "TimeGenerated": "/Date(1721694926000)/",
            "TimeWritten": "/Date(1721694926000)/",
            "UserName": null,
            "Site": null,
            "Container": null
        },
        {
            "EventID": 1004,
            "MachineName": "WIN-8FV0I6RARRF",
            "Data": [],
            "Index": 83,
            "Category": "(0)",
            "CategoryNumber": 0,
            "EntryType": 4,
            "Message": "The Software Protection service has successfully installed the license.\r\nLicense Title=Windows(R) Publishing License (Private)\r\nLicense Id=98b3a339-dbbd-40fd-88a8-43c992cd0b5a",
            "Source": "Software Protection Platform Service",
            "ReplacementStrings": [
                "Windows(R) Publishing License (Private)",
                "98b3a339-dbbd-40fd-88a8-43c992cd0b5a"
            ],
            "InstanceId": 1073742828,
            "TimeGenerated": "/Date(1721694926000)/",
            "TimeWritten": "/Date(1721694926000)/",
            "UserName": null,
            "Site": null,
            "Container": null
        },
        {
            "EventID": 1004,
            "MachineName": "WIN-8FV0I6RARRF",
            "Data": [],
            "Index": 82,
            "Category": "(0)",
            "CategoryNumber": 0,
            "EntryType": 4,
            "Message": "The Software Protection service has successfully installed the license.\r\nLicense Title=Windows(R) Publishing License (Public)\r\nLicense Id=5701fb31-8f64-4ff3-8ef4-60ebf0b4b052",
            "Source": "Software Protection Platform Service",
            "ReplacementStrings": [
                "Windows(R) Publishing License (Public)",
                "5701fb31-8f64-4ff3-8ef4-60ebf0b4b052"
            ],
            "InstanceId": 1073742828,
            "TimeGenerated": "/Date(1721694926000)/",
            "TimeWritten": "/Date(1721694926000)/",
            "UserName": null,
            "Site": null,
            "Container": null
        },
        {
            "EventID": 1004,
            "MachineName": "WIN-8FV0I6RARRF",
            "Data": [],
            "Index": 81,
            "Category": "(0)",
            "CategoryNumber": 0,
            "EntryType": 4,
            "Message": "The Software Protection service has successfully installed the license.\r\nLicense Title=Windows(R) UL store License (Private)\r\nLicense Id=3789345b-d2ad-45ef-b1e6-82c076d7947c",
            "Source": "Software Protection Platform Service",
            "ReplacementStrings": [
                "Windows(R) UL store License (Private)",
                "3789345b-d2ad-45ef-b1e6-82c076d7947c"
            ],
            "InstanceId": 1073742828,
            "TimeGenerated": "/Date(1721694926000)/",
            "TimeWritten": "/Date(1721694926000)/",
            "UserName": null,
            "Site": null,
            "Container": null
        },
        {
            "EventID": 1004,
            "MachineName": "WIN-8FV0I6RARRF",
            "Data": [],
            "Index": 80,
            "Category": "(0)",
            "CategoryNumber": 0,
            "EntryType": 4,
            "Message": "The Software Protection service has successfully installed the license.\r\nLicense Title=Windows(R) UL store License (Public)\r\nLicense Id=a2a4eaba-d5f8-40d9-ad66-69a632e0114a",
            "Source": "Software Protection Platform Service",
            "ReplacementStrings": [
                "Windows(R) UL store License (Public)",
                "a2a4eaba-d5f8-40d9-ad66-69a632e0114a"
            ],
            "InstanceId": 1073742828,
            "TimeGenerated": "/Date(1721694926000)/",
            "TimeWritten": "/Date(1721694926000)/",
            "UserName": null,
            "Site": null,
            "Container": null
        },
        {
            "EventID": 1004,
            "MachineName": "WIN-8FV0I6RARRF",
            "Data": [],
            "Index": 79,
            "Category": "(0)",
            "CategoryNumber": 0,
            "EntryType": 4,
            "Message": "The Software Protection service has successfully installed the license.\r\nLicense Title=Windows(R) UL phone License (Private)\r\nLicense Id=1148c149-abe2-436a-a644-e3339d3cabe1",
            "Source": "Software Protection Platform Service",
            "ReplacementStrings": [
                "Windows(R) UL phone License (Private)",
                "1148c149-abe2-436a-a644-e3339d3cabe1"
            ],
            "InstanceId": 1073742828,
            "TimeGenerated": "/Date(1721694926000)/",
            "TimeWritten": "/Date(1721694926000)/",
            "UserName": null,
            "Site": null,
            "Container": null
        },
        {
            "EventID": 1004,
            "MachineName": "WIN-8FV0I6RARRF",
            "Data": [],
            "Index": 78,
            "Category": "(0)",
            "CategoryNumber": 0,
            "EntryType": 4,
            "Message": "The Software Protection service has successfully installed the license.\r\nLicense Title=Windows(R) UL phone License (Public)\r\nLicense Id=7aaad237-4132-4d78-9be1-109bc5b2b994",
            "Source": "Software Protection Platform Service",
            "ReplacementStrings": [
                "Windows(R) UL phone License (Public)",
                "7aaad237-4132-4d78-9be1-109bc5b2b994"
            ],
            "InstanceId": 1073742828,
            "TimeGenerated": "/Date(1721694926000)/",
            "TimeWritten": "/Date(1721694926000)/",
            "UserName": null,
            "Site": null,
            "Container": null
        },
        {
            "EventID": 1004,
            "MachineName": "WIN-8FV0I6RARRF",
            "Data": [],
            "Index": 77,
            "Category": "(0)",
            "CategoryNumber": 0,
            "EntryType": 4,
            "Message": "The Software Protection service has successfully installed the license.\r\nLicense Title=Windows(R) UL oob License (Private)\r\nLicense Id=4b7d42b9-5bb7-4e97-985a-70e8dc1b264d",
            "Source": "Software Protection Platform Service",
            "ReplacementStrings": [
                "Windows(R) UL oob License (Private)",
                "4b7d42b9-5bb7-4e97-985a-70e8dc1b264d"
            ],
            "InstanceId": 1073742828,
            "TimeGenerated": "/Date(1721694926000)/",
            "TimeWritten": "/Date(1721694926000)/",
            "UserName": null,
            "Site": null,
            "Container": null
        },
        {
            "EventID": 1004,
            "MachineName": "WIN-8FV0I6RARRF",
            "Data": [],
            "Index": 76,
            "Category": "(0)",
            "CategoryNumber": 0,
            "EntryType": 4,
            "Message": "The Software Protection service has successfully installed the license.\r\nLicense Title=Windows(R) UL oob License (Public)\r\nLicense Id=7b6e48e6-62b9-44b6-90eb-8b0c125a8d18",
            "Source": "Software Protection Platform Service",
            "ReplacementStrings": [
                "Windows(R) UL oob License (Public)",
                "7b6e48e6-62b9-44b6-90eb-8b0c125a8d18"
            ],
            "InstanceId": 1073742828,
            "TimeGenerated": "/Date(1721694926000)/",
            "TimeWritten": "/Date(1721694926000)/",
            "UserName": null,
            "Site": null,
            "Container": null
        },
        {
            "EventID": 1004,
            "MachineName": "WIN-8FV0I6RARRF",
            "Data": [],
            "Index": 75,
            "Category": "(0)",
            "CategoryNumber": 0,
            "EntryType": 4,
            "Message": "The Software Protection service has successfully installed the license.\r\nLicense Title=Windows(R) Publishing License (Private)\r\nLicense Id=5aa92057-6c01-476e-8c7d-e9b9e01fbaa5",
            "Source": "Software Protection Platform Service",
            "ReplacementStrings": [
                "Windows(R) Publishing License (Private)",
                "5aa92057-6c01-476e-8c7d-e9b9e01fbaa5"
            ],
            "InstanceId": 1073742828,
            "TimeGenerated": "/Date(1721694926000)/",
            "TimeWritten": "/Date(1721694926000)/",
            "UserName": null,
            "Site": null,
            "Container": null
        },
        {
            "EventID": 1004,
            "MachineName": "WIN-8FV0I6RARRF",
            "Data": [],
            "Index": 74,
            "Category": "(0)",
            "CategoryNumber": 0,
            "EntryType": 4,
            "Message": "The Software Protection service has successfully installed the license.\r\nLicense Title=Windows(R) Publishing License (Public)\r\nLicense Id=c140ac1c-67a2-4efc-8311-8170eb67033e",
            "Source": "Software Protection Platform Service",
            "ReplacementStrings": [
                "Windows(R) Publishing License (Public)",
                "c140ac1c-67a2-4efc-8311-8170eb67033e"
            ],
            "InstanceId": 1073742828,
            "TimeGenerated": "/Date(1721694926000)/",
            "TimeWritten": "/Date(1721694926000)/",
            "UserName": null,
            "Site": null,
            "Container": null
        },
        {
            "EventID": 1004,
            "MachineName": "WIN-8FV0I6RARRF",
            "Data": [],
            "Index": 73,
            "Category": "(0)",
            "CategoryNumber": 0,
            "EntryType": 4,
            "Message": "The Software Protection service has successfully installed the license.\r\nLicense Title=DefaultPpd-ProfessionalEducation Component PPD License\r\nLicense Id=0840d7ac-83e1-57a4-f819-5ecfa95807c5",
            "Source": "Software Protection Platform Service",
            "ReplacementStrings": [
                "DefaultPpd-ProfessionalEducation Component PPD License",
                "0840d7ac-83e1-57a4-f819-5ecfa95807c5"
            ],
            "InstanceId": 1073742828,
            "TimeGenerated": "/Date(1721694926000)/",
            "TimeWritten": "/Date(1721694926000)/",
            "UserName": null,
            "Site": null,
            "Container": null
        },
        {
            "EventID": 1004,
            "MachineName": "WIN-8FV0I6RARRF",
            "Data": [],
            "Index": 72,
            "Category": "(0)",
            "CategoryNumber": 0,
            "EntryType": 4,
            "Message": "The Software Protection service has successfully installed the license.\r\nLicense Title=Windows(R) UL store License (Private)\r\nLicense Id=f349c911-bbb6-49d8-bb95-223ef3eaf52e",
            "Source": "Software Protection Platform Service",
            "ReplacementStrings": [
                "Windows(R) UL store License (Private)",
                "f349c911-bbb6-49d8-bb95-223ef3eaf52e"
            ],
            "InstanceId": 1073742828,
            "TimeGenerated": "/Date(1721694926000)/",
            "TimeWritten": "/Date(1721694926000)/",
            "UserName": null,
            "Site": null,
            "Container": null
        },
        {
            "EventID": 1004,
            "MachineName": "WIN-8FV0I6RARRF",
            "Data": [],
            "Index": 71,
            "Category": "(0)",
            "CategoryNumber": 0,
            "EntryType": 4,
            "Message": "The Software Protection service has successfully installed the license.\r\nLicense Title=Windows(R) UL store License (Public)\r\nLicense Id=87f23dfc-1f46-43b0-8488-5fde9c25ea4c",
            "Source": "Software Protection Platform Service",
            "ReplacementStrings": [
                "Windows(R) UL store License (Public)",
                "87f23dfc-1f46-43b0-8488-5fde9c25ea4c"
            ],
            "InstanceId": 1073742828,
            "TimeGenerated": "/Date(1721694926000)/",
            "TimeWritten": "/Date(1721694926000)/",
            "UserName": null,
            "Site": null,
            "Container": null
        },
        {
            "EventID": 1004,
            "MachineName": "WIN-8FV0I6RARRF",
            "Data": [],
            "Index": 70,
            "Category": "(0)",
            "CategoryNumber": 0,
            "EntryType": 4,
            "Message": "The Software Protection service has successfully installed the license.\r\nLicense Title=Windows(R) UL phone License (Private)\r\nLicense Id=a006a3b1-8197-4223-8d52-c9f9a8a00c8e",
            "Source": "Software Protection Platform Service",
            "ReplacementStrings": [
                "Windows(R) UL phone License (Private)",
                "a006a3b1-8197-4223-8d52-c9f9a8a00c8e"
            ],
            "InstanceId": 1073742828,
            "TimeGenerated": "/Date(1721694926000)/",
            "TimeWritten": "/Date(1721694926000)/",
            "UserName": null,
            "Site": null,
            "Container": null
        },
        {
            "EventID": 1004,
            "MachineName": "WIN-8FV0I6RARRF",
            "Data": [],
            "Index": 69,
            "Category": "(0)",
            "CategoryNumber": 0,
            "EntryType": 4,
            "Message": "The Software Protection service has successfully installed the license.\r\nLicense Title=Windows(R) UL phone License (Public)\r\nLicense Id=ce32555d-7978-40c0-a8b2-d20d2b92f79a",
            "Source": "Software Protection Platform Service",
            "ReplacementStrings": [
                "Windows(R) UL phone License (Public)",
                "ce32555d-7978-40c0-a8b2-d20d2b92f79a"
            ],
            "InstanceId": 1073742828,
            "TimeGenerated": "/Date(1721694926000)/",
            "TimeWritten": "/Date(1721694926000)/",
            "UserName": null,
            "Site": null,
            "Container": null
        },
        {
            "EventID": 1004,
            "MachineName": "WIN-8FV0I6RARRF",
            "Data": [],
            "Index": 68,
            "Category": "(0)",
            "CategoryNumber": 0,
            "EntryType": 4,
            "Message": "The Software Protection service has successfully installed the license.\r\nLicense Title=Windows(R) UL oob License (Private)\r\nLicense Id=44b0fc50-9962-4e3c-a5d2-4c296c124bf7",
            "Source": "Software Protection Platform Service",
            "ReplacementStrings": [
                "Windows(R) UL oob License (Private)",
                "44b0fc50-9962-4e3c-a5d2-4c296c124bf7"
            ],
            "InstanceId": 1073742828,
            "TimeGenerated": "/Date(1721694926000)/",
            "TimeWritten": "/Date(1721694926000)/",
            "UserName": null,
            "Site": null,
            "Container": null
        },
        {
            "EventID": 1004,
            "MachineName": "WIN-8FV0I6RARRF",
            "Data": [],
            "Index": 67,
            "Category": "(0)",
            "CategoryNumber": 0,
            "EntryType": 4,
            "Message": "The Software Protection service has successfully installed the license.\r\nLicense Title=Windows(R) UL oob License (Public)\r\nLicense Id=e7bc0322-fd4b-4325-aec7-63f39ef98a4c",
            "Source": "Software Protection Platform Service",
            "ReplacementStrings": [
                "Windows(R) UL oob License (Public)",
                "e7bc0322-fd4b-4325-aec7-63f39ef98a4c"
            ],
            "InstanceId": 1073742828,
            "TimeGenerated": "/Date(1721694926000)/",
            "TimeWritten": "/Date(1721694926000)/",
            "UserName": null,
            "Site": null,
            "Container": null
        },
        {
            "EventID": 1004,
            "MachineName": "WIN-8FV0I6RARRF",
            "Data": [],
            "Index": 66,
            "Category": "(0)",
            "CategoryNumber": 0,
            "EntryType": 4,
            "Message": "The Software Protection service has successfully installed the license.\r\nLicense Title=Windows(R) Publishing License (Private)\r\nLicense Id=cf5a8bbd-2859-45f5-93cd-399e9394b1ff",
            "Source": "Software Protection Platform Service",
            "ReplacementStrings": [
                "Windows(R) Publishing License (Private)",
                "cf5a8bbd-2859-45f5-93cd-399e9394b1ff"
            ],
            "InstanceId": 1073742828,
            "TimeGenerated": "/Date(1721694926000)/",
            "TimeWritten": "/Date(1721694926000)/",
            "UserName": null,
            "Site": null,
            "Container": null
        },
        {
            "EventID": 1004,
            "MachineName": "WIN-8FV0I6RARRF",
            "Data": [],
            "Index": 65,
            "Category": "(0)",
            "CategoryNumber": 0,
            "EntryType": 4,
            "Message": "The Software Protection service has successfully installed the license.\r\nLicense Title=Windows(R) Publishing License (Public)\r\nLicense Id=8826f68b-58ea-4b3f-ab3d-b6f7e1a11efe",
            "Source": "Software Protection Platform Service",
            "ReplacementStrings": [
                "Windows(R) Publishing License (Public)",
                "8826f68b-58ea-4b3f-ab3d-b6f7e1a11efe"
            ],
            "InstanceId": 1073742828,
            "TimeGenerated": "/Date(1721694926000)/",
            "TimeWritten": "/Date(1721694926000)/",
            "UserName": null,
            "Site": null,
            "Container": null
        },
        {
            "EventID": 1004,
            "MachineName": "WIN-8FV0I6RARRF",
            "Data": [],
            "Index": 64,
            "Category": "(0)",
            "CategoryNumber": 0,
            "EntryType": 4,
            "Message": "The Software Protection service has successfully installed the license.\r\nLicense Title=Windows(R) UL store License (Private)\r\nLicense Id=3235d3ab-d8ee-4ab3-be04-19dc205432d8",
            "Source": "Software Protection Platform Service",
            "ReplacementStrings": [
                "Windows(R) UL store License (Private)",
                "3235d3ab-d8ee-4ab3-be04-19dc205432d8"
            ],
            "InstanceId": 1073742828,
            "TimeGenerated": "/Date(1721694926000)/",
            "TimeWritten": "/Date(1721694926000)/",
            "UserName": null,
            "Site": null,
            "Container": null
        },
