        {
            "EventID": 1004,
            "MachineName": "WIN-8FV0I6RARRF",
            "Data": [],
            "Index": 8,
            "Category": "(0)",
            "CategoryNumber": 0,
            "EntryType": 4,
            "Message": "The Software Protection service has successfully installed the license.\r\nLicense Title=Windows(R) UL phone License (Private)\r\nLicense Id=b3b02137-55b1-403a-aec1-369c886b92e9",
            "Source": "Software Protection Platform Service",
            "ReplacementStrings": [
                "Windows(R) UL phone License (Private)",
                "b3b02137-55b1-403a-aec1-369c886b92e9"
            ],
            "InstanceId": 1073742828,
            "TimeGenerated": "/Date(1721694922000)/",
            "TimeWritten": "/Date(1721694922000)/",
            "UserName": null,
            "Site": null,
            "Container": null
        },
        {
            "EventID": 1004,
            "MachineName": "WIN-8FV0I6RARRF",
            "Data": [],
            "Index": 7,
            "Category": "(0)",
            "CategoryNumber": 0,
            "EntryType": 4,
            "Message": "The Software Protection service has successfully installed the license.\r\nLicense Title=Windows(R) UL phone License (Public)\r\nLicense Id=801917a1-8ae6-44ac-afa8-528fe288ce0c",
            "Source": "Software Protection Platform Service",
            "ReplacementStrings": [
                "Windows(R) UL phone License (Public)",
                "801917a1-8ae6-44ac-afa8-528fe288ce0c"
            ],
            "InstanceId": 1073742828,
            "TimeGenerated": "/Date(1721694922000)/",
            "TimeWritten": "/Date(1721694922000)/",
            "UserName": null,
            "Site": null,
            "Container": null
        },
        {
            "EventID": 1004,
            "MachineName": "WIN-8FV0I6RARRF",
            "Data": [],
            "Index": 6,
            "Category": "(0)",
            "CategoryNumber": 0,
            "EntryType": 4,
            "Message": "The Software Protection service has successfully installed the license.\r\nLicense Title=Windows(R) UL oob License (Private)\r\nLicense Id=8b3556d9-abf9-4796-8afa-9c092d7ac24c",
            "Source": "Software Protection Platform Service",
            "ReplacementStrings": [
                "Windows(R) UL oob License (Private)",
                "8b3556d9-abf9-4796-8afa-9c092d7ac24c"
            ],
            "InstanceId": 1073742828,
            "TimeGenerated": "/Date(1721694922000)/",
            "TimeWritten": "/Date(1721694922000)/",
            "UserName": null,
            "Site": null,
            "Container": null
        },
        {
            "EventID": 1004,
            "MachineName": "WIN-8FV0I6RARRF",
            "Data": [],
            "Index": 5,
            "Category": "(0)",
            "CategoryNumber": 0,
            "EntryType": 4,
            "Message": "The Software Protection service has successfully installed the license.\r\nLicense Title=Windows(R) UL oob License (Public)\r\nLicense Id=b171be84-cd39-4c46-a8cc-44b7099c3fe1",
            "Source": "Software Protection Platform Service",
            "ReplacementStrings": [
                "Windows(R) UL oob License (Public)",
                "b171be84-cd39-4c46-a8cc-44b7099c3fe1"
            ],
            "InstanceId": 1073742828,
            "TimeGenerated": "/Date(1721694922000)/",
            "TimeWritten": "/Date(1721694922000)/",
            "UserName": null,
            "Site": null,
            "Container": null
        },
        {
            "EventID": 1531,
            "MachineName": "WIN-8FV0I6RARRF",
            "Data": [],
            "Index": 4,
            "Category": "(0)",
            "CategoryNumber": 0,
            "EntryType": 4,
            "Message": "The User Profile Service has started successfully.  \r\n\r\n",
            "Source": "Microsoft-Windows-User Profiles Service",
            "ReplacementStrings": [],
            "InstanceId": 1531,
            "TimeGenerated": "/Date(1721694916000)/",
            "TimeWritten": "/Date(1721694916000)/",
            "UserName": "",
            "Site": null,
            "Container": null
        },
        {
            "EventID": 1004,
            "MachineName": "WIN-8FV0I6RARRF",
            "Data": [],
            "Index": 3,
            "Category": "(0)",
            "CategoryNumber": 0,
            "EntryType": 4,
            "Message": "The Software Protection service has successfully installed the license.\r\nLicense Title=Windows(R) Publishing License (Private)\r\nLicense Id=4c4e9d29-9e7e-4fbc-b548-f3f8f2646c2c",
            "Source": "Software Protection Platform Service",
            "ReplacementStrings": [
                "Windows(R) Publishing License (Private)",
                "4c4e9d29-9e7e-4fbc-b548-f3f8f2646c2c"
            ],
            "InstanceId": 1073742828,
            "TimeGenerated": "/Date(1721694922000)/",
            "TimeWritten": "/Date(1721694922000)/",
            "UserName": null,
            "Site": null,
            "Container": null
        },
        {
            "EventID": 1004,
            "MachineName": "WIN-8FV0I6RARRF",
            "Data": [],
            "Index": 2,
            "Category": "(0)",
            "CategoryNumber": 0,
            "EntryType": 4,
            "Message": "The Software Protection service has successfully installed the license.\r\nLicense Title=Windows(R) Publishing License (Public)\r\nLicense Id=1f19a175-6fe6-466b-b477-8f718d3b2396",
            "Source": "Software Protection Platform Service",
            "ReplacementStrings": [
                "Windows(R) Publishing License (Public)",
                "1f19a175-6fe6-466b-b477-8f718d3b2396"
            ],
            "InstanceId": 1073742828,
            "TimeGenerated": "/Date(1721694922000)/",
            "TimeWritten": "/Date(1721694922000)/",
            "UserName": null,
            "Site": null,
            "Container": null
        },
        {
            "EventID": 1004,
            "MachineName": "WIN-8FV0I6RARRF",
            "Data": [],
            "Index": 1,
            "Category": "(0)",
            "CategoryNumber": 0,
            "EntryType": 4,
            "Message": "The Software Protection service has successfully installed the license.\r\nLicense Title=Windows(R) UL store License (Private)\r\nLicense Id=1ab956cf-3d07-43d3-aedb-7aaabd614780",
            "Source": "Software Protection Platform Service",
            "ReplacementStrings": [
                "Windows(R) UL store License (Private)",
                "1ab956cf-3d07-43d3-aedb-7aaabd614780"
            ],
            "InstanceId": 1073742828,
            "TimeGenerated": "/Date(1721694922000)/",
            "TimeWritten": "/Date(1721694922000)/",
            "UserName": null,
            "Site": null,
            "Container": null
        }
    ]
}