{
    "hostname": "192.168.64.3",
    "username": "Rohith",
    "password": "3855",
    "application": [
        {
            "EventID": 16384,
            "MachineName": "DESKTOP-U22SSQ0",
            "Data": [],
            "Index": 685,
            "Category": "(0)",
            "CategoryNumber": 0,
            "EntryType": 4,
            "Message": "Successfully scheduled Software Protection service for re-start at 2024-07-25T16:23:15Z. Reason: RulesEngine.",
            "Source": "Software Protection Platform Service",
            "ReplacementStrings": [
                "2024-07-25T16:23:15Z",
                "RulesEngine"
            ],
            "InstanceId": 1073758208,
            "TimeGenerated": "/Date(1721854455000)/",
            "TimeWritten": "/Date(1721854455000)/",
            "UserName": null,
            "Site": null,
            "Container": null
        },
        {
            "EventID": 16394,
            "MachineName": "DESKTOP-U22SSQ0",
            "Data": [],
            "Index": 684,
            "Category": "(0)",
            "CategoryNumber": 0,
            "EntryType": 4,
            "Message": "Offline downlevel migration succeeded.",
            "Source": "Software Protection Platform Service",
            "ReplacementStrings": [],
            "InstanceId": 3221241866,
            "TimeGenerated": "/Date(1721854424000)/",
            "TimeWritten": "/Date(1721854424000)/",
            "UserName": null,
            "Site": null,
            "Container": null
        },
        {
            "EventID": 16384,
            "MachineName": "DESKTOP-U22SSQ0",
            "Data": [],
            "Index": 683,
            "Category": "(0)",
            "CategoryNumber": 0,
            "EntryType": 4,
            "Message": "Successfully scheduled Software Protection service for re-start at 2024-07-25T16:22:59Z. Reason: RulesEngine.",
            "Source": "Software Protection Platform Service",
            "ReplacementStrings": [
                "2024-07-25T16:22:59Z",
                "RulesEngine"
            ],
            "InstanceId": 1073758208,
            "TimeGenerated": "/Date(1721852399000)/",
            "TimeWritten": "/Date(1721852399000)/",
            "UserName": null,
            "Site": null,
            "Container": null
        },
        {
            "EventID": 16394,
            "MachineName": "DESKTOP-U22SSQ0",
            "Data": [],
            "Index": 682,
            "Category": "(0)",
            "CategoryNumber": 0,
            "EntryType": 4,
            "Message": "Offline downlevel migration succeeded.",
            "Source": "Software Protection Platform Service",
            "ReplacementStrings": [],
            "InstanceId": 3221241866,
            "TimeGenerated": "/Date(1721852366000)/",
            "TimeWritten": "/Date(1721852366000)/",
            "UserName": null,
            "Site": null,
            "Container": null
        },
        {
            "EventID": 16384,
            "MachineName": "DESKTOP-U22SSQ0",
            "Data": [],
            "Index": 681,
            "Category": "(0)",
            "CategoryNumber": 0,
            "EntryType": 4,
            "Message": "Successfully scheduled Software Protection service for re-start at 2024-07-25T16:23:26Z. Reason: RulesEngine.",
            "Source": "Software Protection Platform Service",
            "ReplacementStrings": [
                "2024-07-25T16:23:26Z",
                "RulesEngine"
            ],
            "InstanceId": 1073758208,
            "TimeGenerated": "/Date(1721850447000)/",
            "TimeWritten": "/Date(1721850447000)/",
            "UserName": null,
            "Site": null,
            "Container": null
        },
        {
            "EventID": 16394,
            "MachineName": "DESKTOP-U22SSQ0",
            "Data": [],
            "Index": 680,
            "Category": "(0)",
            "CategoryNumber": 0,
            "EntryType": 4,
            "Message": "Offline downlevel migration succeeded.",
            "Source": "Software Protection Platform Service",
            "ReplacementStrings": [],
            "InstanceId": 3221241866,
            "TimeGenerated": "/Date(1721850416000)/",
            "TimeWritten": "/Date(1721850416000)/",
            "UserName": null,
            "Site": null,
            "Container": null
        },
        {
            "EventID": 16384,
            "MachineName": "DESKTOP-U22SSQ0",
            "Data": [],
            "Index": 679,
            "Category": "(0)",
            "CategoryNumber": 0,
            "EntryType": 4,
            "Message": "Successfully scheduled Software Protection service for re-start at 2024-07-25T16:23:27Z. Reason: RulesEngine.",
            "Source": "Software Protection Platform Service",
            "ReplacementStrings": [
                "2024-07-25T16:23:27Z",
                "RulesEngine"
            ],
            "InstanceId": 1073758208,
            "TimeGenerated": "/Date(1721847087000)/",
            "TimeWritten": "/Date(1721847087000)/",
            "UserName": null,
            "Site": null,
            "Container": null
        },
        {
            "EventID": 16394,
            "MachineName": "DESKTOP-U22SSQ0",
            "Data": [],
            "Index": 678,
            "Category": "(0)",
            "CategoryNumber": 0,
            "EntryType": 4,
            "Message": "Offline downlevel migration succeeded.",
            "Source": "Software Protection Platform Service",
            "ReplacementStrings": [],
            "InstanceId": 3221241866,
            "TimeGenerated": "/Date(1721847056000)/",
            "TimeWritten": "/Date(1721847056000)/",
            "UserName": null,
            "Site": null,
            "Container": null
        },
        {
            "EventID": 16384,
            "MachineName": "DESKTOP-U22SSQ0",
            "Data": [],
            "Index": 677,
            "Category": "(0)",
            "CategoryNumber": 0,
            "EntryType": 4,
            "Message": "Successfully scheduled Software Protection service for re-start at 2024-07-25T16:23:27Z. Reason: RulesEngine.",
            "Source": "Software Protection Platform Service",
            "ReplacementStrings": [
                "2024-07-25T16:23:27Z",
                "RulesEngine"
            ],
            "InstanceId": 1073758208,
            "TimeGenerated": "/Date(1721844387000)/",
            "TimeWritten": "/Date(1721844387000)/",
            "UserName": null,
            "Site": null,
            "Container": null
        },
        {
            "EventID": 16394,
            "MachineName": "DESKTOP-U22SSQ0",
            "Data": [],
            "Index": 676,
            "Category": "(0)",
            "CategoryNumber": 0,
            "EntryType": 4,
            "Message": "Offline downlevel migration succeeded.",
            "Source": "Software Protection Platform Service",
            "ReplacementStrings": [],
            "InstanceId": 3221241866,
            "TimeGenerated": "/Date(1721844357000)/",
            "TimeWritten": "/Date(1721844357000)/",
            "UserName": null,
            "Site": null,
            "Container": null
        },
        {
            "EventID": 1001,
            "MachineName": "DESKTOP-U22SSQ0",
            "Data": [],
            "Index": 675,
            "Category": "(0)",
            "CategoryNumber": 0,
            "EntryType": 4,
            "Message": "Fault bucket 1644660684601453510, type 5\r\nEvent Name: RADAR_PRE_LEAK_64\r\nResponse: Not available\r\nCab Id: 0\r\n\r\nProblem signature:\r\nP1: msedge.exe\r\nP2: 126.0.2592.113\r\nP3: 10.0.26100.2.0.0\r\nP4: \r\nP5: \r\nP6: \r\nP7: \r\nP8: \r\nP9: \r\nP10: \r\n\r\nAttached files:\r\n\\\\?\\C:\\Users\\Rohith\\AppData\\Local\\Temp\\RDRA2C4.tmp\\empty.txt\r\n\\\\?\\C:\\ProgramData\\Microsoft\\Windows\\WER\\Temp\\WER.b33f16db-b2dd-44f8-858a-c2b8524fff43.tmp.WERInternalMetadata.xml\r\nWPR_initiated_DiagTrackMiniLogger_OneTrace_User_Logger_20240719_1_EC_0_inject.etl\r\n\\\\?\\C:\\ProgramData\\Microsoft\\Windows\\WER\\Temp\\WER.c86aa12b-e5ea-4d1e-b34c-b5eca4d3a6df.tmp.etl\r\nWPR_initiated_DiagTrackMiniLogger_WPR System Collector_inject.etl\r\n\\\\?\\C:\\ProgramData\\Microsoft\\Windows\\WER\\Temp\\WER.d3e5bb80-a8c2-4e86-a545-7b86143e1c8a.tmp.etl\r\n\\\\?\\C:\\ProgramData\\Microsoft\\Windows\\WER\\Temp\\WER.5a670d1d-915c-484a-ab56-e3b21aa0e732.tmp.csv\r\n\\\\?\\C:\\ProgramData\\Microsoft\\Windows\\WER\\Temp\\WER.4c145769-e1f8-41d5-a7ea-7cb118176342.tmp.txt\r\n\\\\?\\C:\\ProgramData\\Microsoft\\Windows\\WER\\Temp\\WER.f879402f-1de7-4054-8531-6362af9c4b90.tmp.xml\r\n\r\nThese files may be available here:\r\nNULL\r\n\r\nAnalysis symbol: \r\nRechecking for solution: 0\r\nReport Id: 806b8a3d-f180-4161-a7f4-bc5c5961ce6d\r\nReport Status: 268435456\r\nHashed bucket: 7e2a687dfc2b01b9b6d3022dc9b86bc6\r\nCab Guid: 0",
            "Source": "Windows Error Reporting",
            "ReplacementStrings": [
                "1644660684601453510",
                "5",
                "RADAR_PRE_LEAK_64",
                "Not available",
                "0",
                "msedge.exe",
                "126.0.2592.113",
                "10.0.26100.2.0.0",
                "",
                "",
                "",
                "",
                "",
                "",
                "",
                "\r\n\\\\?\\C:\\Users\\Rohith\\AppData\\Local\\Temp\\RDRA2C4.tmp\\empty.txt\r\n\\\\?\\C:\\ProgramData\\Microsoft\\Windows\\WER\\Temp\\WER.b33f16db-b2dd-44f8-858a-c2b8524fff43.tmp.WERInternalMetadata.xml\r\nWPR_initiated_DiagTrackMiniLogger_OneTrace_User_Logger_20240719_1_EC_0_inject.etl\r\n\\\\?\\C:\\ProgramData\\Microsoft\\Windows\\WER\\Temp\\WER.c86aa12b-e5ea-4d1e-b34c-b5eca4d3a6df.tmp.etl\r\nWPR_initiated_DiagTrackMiniLogger_WPR System Collector_inject.etl\r\n\\\\?\\C:\\ProgramData\\Microsoft\\Windows\\WER\\Temp\\WER.d3e5bb80-a8c2-4e86-a545-7b86143e1c8a.tmp.etl\r\n\\\\?\\C:\\ProgramData\\Microsoft\\Windows\\WER\\Temp\\WER.5a670d1d-915c-484a-ab56-e3b21aa0e732.tmp.csv\r\n\\\\?\\C:\\ProgramData\\Microsoft\\Windows\\WER\\Temp\\WER.4c145769-e1f8-41d5-a7ea-7cb118176342.tmp.txt\r\n\\\\?\\C:\\ProgramData\\Microsoft\\Windows\\WER\\Temp\\WER.f879402f-1de7-4054-8531-6362af9c4b90.tmp.xml",
                "NULL",
                "",
                "0",
                "806b8a3d-f180-4161-a7f4-bc5c5961ce6d",
                "268435456",
                "7e2a687dfc2b01b9b6d3022dc9b86bc6",
                "0"
            ],
            "InstanceId": 1001,
            "TimeGenerated": "/Date(1721841508000)/",
            "TimeWritten": "/Date(1721841508000)/",
            "UserName": "DESKTOP-U22SSQ0\\Rohith",
            "Site": null,
            "Container": null
        },
        {
            "EventID": 16384,
            "MachineName": "DESKTOP-U22SSQ0",
            "Data": [],
            "Index": 674,
            "Category": "(0)",
            "CategoryNumber": 0,
            "EntryType": 4,
            "Message": "Successfully scheduled Software Protection service for re-start at 2024-07-25T16:23:20Z. Reason: RulesEngine.",
            "Source": "Software Protection Platform Service",
            "ReplacementStrings": [
                "2024-07-25T16:23:20Z",
                "RulesEngine"
            ],
            "InstanceId": 1073758208,
            "TimeGenerated": "/Date(1721841440000)/",
            "TimeWritten": "/Date(1721841440000)/",
            "UserName": null,
            "Site": null,
            "Container": null
        },
        {
            "EventID": 16394,
            "MachineName": "DESKTOP-U22SSQ0",
            "Data": [],
            "Index": 673,
            "Category": "(0)",
            "CategoryNumber": 0,
            "EntryType": 4,
            "Message": "Offline downlevel migration succeeded.",
            "Source": "Software Protection Platform Service",
            "ReplacementStrings": [],
            "InstanceId": 3221241866,
            "TimeGenerated": "/Date(1721841409000)/",
            "TimeWritten": "/Date(1721841409000)/",
            "UserName": null,
            "Site": null,
            "Container": null
        },
        {
            "EventID": 0,
            "MachineName": "DESKTOP-U22SSQ0",
            "Data": [],
            "Index": 672,
            "Category": "(0)",
            "CategoryNumber": 0,
            "EntryType": 4,
            "Message": "Service stopped.",
            "Source": "edgeupdate",
            "ReplacementStrings": [
                "Service stopped"
            ],
            "InstanceId": 0,
            "TimeGenerated": "/Date(1721839578000)/",
            "TimeWritten": "/Date(1721839578000)/",
            "UserName": null,
            "Site": null,
            "Container": null
        },
        {
            "EventID": 1001,
            "MachineName": "DESKTOP-U22SSQ0",
            "Data": [],
            "Index": 671,
            "Category": "(0)",
            "CategoryNumber": 0,
            "EntryType": 4,
            "Message": "Fault bucket , type 0\r\nEvent Name: crashpad_log\r\nResponse: Not available\r\nCab Id: 0\r\n\r\nProblem signature:\r\nP1: MicrosoftEdgeUpdate.exe\r\nP2: 1.3.193.5\r\nP3: PostOOBEDiagnostics_2\r\nP4: 0x80040827\r\nP5: \r\nP6: \r\nP7: \r\nP8: \r\nP9: \r\nP10: \r\n\r\nAttached files:\r\n\\\\?\\C:\\ProgramData\\Microsoft\\EdgeUpdate\\Log\\MicrosoftEdgeUpdate.log\r\n\\\\?\\C:\\Windows\\Temp\\msedge_installer.log\r\n\r\nThese files may be available here:\r\nNULL\r\n\r\nAnalysis symbol: \r\nRechecking for solution: 0\r\nReport Id: 59078f75-1fa1-4279-a908-a4c401289679\r\nReport Status: 268697600\r\nHashed bucket: \r\nCab Guid: 0",
            "Source": "Windows Error Reporting",
            "ReplacementStrings": [
                "",
                "0",
                "crashpad_log",
                "Not available",
                "0",
                "MicrosoftEdgeUpdate.exe",
                "1.3.193.5",
                "PostOOBEDiagnostics_2",
                "0x80040827",
                "",
                "",
                "",
                "",
                "",
                "",
                "\r\n\\\\?\\C:\\ProgramData\\Microsoft\\EdgeUpdate\\Log\\MicrosoftEdgeUpdate.log\r\n\\\\?\\C:\\Windows\\Temp\\msedge_installer.log",
                "NULL",
                "",
                "0",
                "59078f75-1fa1-4279-a908-a4c401289679",
                "268697600",
                "",
                "0"
            ],
            "InstanceId": 1001,
            "TimeGenerated": "/Date(1721839577000)/",
            "TimeWritten": "/Date(1721839577000)/",
            "UserName": "NT AUTHORITY\\SYSTEM",
            "Site": null,
            "Container": null
        },
        {
            "EventID": 1001,
            "MachineName": "DESKTOP-U22SSQ0",
            "Data": [],
            "Index": 670,
            "Category": "(0)",
            "CategoryNumber": 0,
            "EntryType": 4,
            "Message": "Fault bucket 2206787632545153662, type 5\r\nEvent Name: crashpad_log\r\nResponse: Not available\r\nCab Id: 0\r\n\r\nProblem signature:\r\nP1: MicrosoftEdgeUpdate.exe\r\nP2: 1.3.193.5\r\nP3: PostOOBEDiagnostics_2\r\nP4: 0x80040827\r\nP5: \r\nP6: \r\nP7: \r\nP8: \r\nP9: \r\nP10: \r\n\r\nAttached files:\r\n\\\\?\\C:\\ProgramData\\Microsoft\\EdgeUpdate\\Log\\MicrosoftEdgeUpdate.log\r\n\\\\?\\C:\\Windows\\Temp\\msedge_installer.log\r\n\\\\?\\C:\\ProgramData\\Microsoft\\Windows\\WER\\Temp\\WER.cd890f98-a3ba-4ae3-be70-11740fe72260.tmp.WERInternalMetadata.xml\r\nWPR_initiated_DiagTrackMiniLogger_OneTrace_User_Logger_20240719_1_EC_0_inject.etl\r\n\\\\?\\C:\\ProgramData\\Microsoft\\Windows\\WER\\Temp\\WER.c252f5fb-b566-4f7c-be88-e369fcff8127.tmp.etl\r\nWPR_initiated_DiagTrackMiniLogger_WPR System Collector_inject.etl\r\n\\\\?\\C:\\ProgramData\\Microsoft\\Windows\\WER\\Temp\\WER.f6274147-1943-4762-8036-a1578f7e1d6c.tmp.etl\r\n\\\\?\\C:\\ProgramData\\Microsoft\\Windows\\WER\\Temp\\WER.38b3e5ee-4bc3-45ea-8df3-9a0874d92792.tmp.csv\r\n\\\\?\\C:\\ProgramData\\Microsoft\\Windows\\WER\\Temp\\WER.01ff0f1e-181e-4656-a79e-477f2812bcfc.tmp.txt\r\n\\\\?\\C:\\ProgramData\\Microsoft\\Windows\\WER\\Temp\\WER.72e93005-095a-4837-a713-5e5dfeef42e9.tmp.xml\r\n\r\nThese files may be available here:\r\n\\\\?\\C:\\ProgramData\\Microsoft\\Windows\\WER\\ReportArchive\\NonCritical_MicrosoftEdgeUpd_748016c9ccc563f44922d21f9f71fe23cc20e58a_00000000_59078f75-1fa1-4279-a908-a4c401289679\r\n\r\nAnalysis symbol: \r\nRechecking for solution: 0\r\nReport Id: 59078f75-1fa1-4279-a908-a4c401289679\r\nReport Status: 268435456\r\nHashed bucket: af5c5578946fcb6fcea015a8e494427e\r\nCab Guid: 0",
            "Source": "Windows Error Reporting",
            "ReplacementStrings": [
                "2206787632545153662",
                "5",
                "crashpad_log",
                "Not available",
                "0",
                "MicrosoftEdgeUpdate.exe",
                "1.3.193.5",
                "PostOOBEDiagnostics_2",
                "0x80040827",
                "",
                "",
                "",
                "",
                "",
                "",
                "\r\n\\\\?\\C:\\ProgramData\\Microsoft\\EdgeUpdate\\Log\\MicrosoftEdgeUpdate.log\r\n\\\\?\\C:\\Windows\\Temp\\msedge_installer.log\r\n\\\\?\\C:\\ProgramData\\Microsoft\\Windows\\WER\\Temp\\WER.cd890f98-a3ba-4ae3-be70-11740fe72260.tmp.WERInternalMetadata.xml\r\nWPR_initiated_DiagTrackMiniLogger_OneTrace_User_Logger_20240719_1_EC_0_inject.etl\r\n\\\\?\\C:\\ProgramData\\Microsoft\\Windows\\WER\\Temp\\WER.c252f5fb-b566-4f7c-be88-e369fcff8127.tmp.etl\r\nWPR_initiated_DiagTrackMiniLogger_WPR System Collector_inject.etl\r\n\\\\?\\C:\\ProgramData\\Microsoft\\Windows\\WER\\Temp\\WER.f6274147-1943-4762-8036-a1578f7e1d6c.tmp.etl\r\n\\\\?\\C:\\ProgramData\\Microsoft\\Windows\\WER\\Temp\\WER.38b3e5ee-4bc3-45ea-8df3-9a0874d92792.tmp.csv\r\n\\\\?\\C:\\ProgramData\\Microsoft\\Windows\\WER\\Temp\\WER.01ff0f1e-181e-4656-a79e-477f2812bcfc.tmp.txt\r\n\\\\?\\C:\\ProgramData\\Microsoft\\Windows\\WER\\Temp\\WER.72e93005-095a-4837-a713-5e5dfeef42e9.tmp.xml",
                "\\\\?\\C:\\ProgramData\\Microsoft\\Windows\\WER\\ReportArchive\\NonCritical_MicrosoftEdgeUpd_748016c9ccc563f44922d21f9f71fe23cc20e58a_00000000_59078f75-1fa1-4279-a908-a4c401289679",
                "",
                "0",
                "59078f75-1fa1-4279-a908-a4c401289679",
                "268435456",
                "af5c5578946fcb6fcea015a8e494427e",
                "0"
            ],
            "InstanceId": 1001,
            "TimeGenerated": "/Date(1721839577000)/",
            "TimeWritten": "/Date(1721839577000)/",
            "UserName": "NT AUTHORITY\\SYSTEM",
            "Site": null,
            "Container": null
        },
        {
            "EventID": 15,
            "MachineName": "DESKTOP-U22SSQ0",
            "Data": [],
            "Index": 669,
            "Category": "(0)",
            "CategoryNumber": 0,
            "EntryType": 4,
            "Message": "Updated Windows Defender status successfully to SECURITY_PRODUCT_STATE_ON.",
            "Source": "SecurityCenter",
            "ReplacementStrings": [
                "Windows Defender",
                "SECURITY_PRODUCT_STATE_ON"
            ],
            "InstanceId": 15,
            "TimeGenerated": "/Date(1721839429000)/",
            "TimeWritten": "/Date(1721839429000)/",
            "UserName": null,
            "Site": null,
            "Container": null
        },
        {
            "EventID": 16384,
            "MachineName": "DESKTOP-U22SSQ0",
            "Data": [],
            "Index": 668,
            "Category": "(0)",
            "CategoryNumber": 0,
            "EntryType": 4,
            "Message": "Successfully scheduled Software Protection service for re-start at 2024-07-25T16:22:58Z. Reason: RulesEngine.",
            "Source": "Software Protection Platform Service",
            "ReplacementStrings": [
                "2024-07-25T16:22:58Z",
                "RulesEngine"
            ],
            "InstanceId": 1073758208,
            "TimeGenerated": "/Date(1721839258000)/",
            "TimeWritten": "/Date(1721839258000)/",
            "UserName": null,
            "Site": null,
            "Container": null
        },
        {
            "EventID": 16394,
            "MachineName": "DESKTOP-U22SSQ0",
            "Data": [],
            "Index": 667,
            "Category": "(0)",
            "CategoryNumber": 0,
            "EntryType": 4,
            "Message": "Offline downlevel migration succeeded.",
            "Source": "Software Protection Platform Service",
            "ReplacementStrings": [],
            "InstanceId": 3221241866,
            "TimeGenerated": "/Date(1721839192000)/",
            "TimeWritten": "/Date(1721839192000)/",
            "UserName": null,
            "Site": null,
            "Container": null
        },
        {
            "EventID": 8224,
            "MachineName": "DESKTOP-U22SSQ0",
            "Data": [
                45,
                32,
                67,
                111,
                100,
                101,
                58,
                32,
                32,
                67,
                79,
                82,
                83,
                86,
                67,
                67,
                48,
                48,
                48,
                48,
                48,
                55,
                55,
                50,
                45,
                32,
                67,
                97,
                108,
                108,
                58,
                32,
                32,
                67,
                79,
                82,
                83,
                86,
                67,
                67,
                48,
                48,
                48,
                48,
                48,
                55,
                53,
                52,
                45,
                32,
                80,
                73,
                68,
                58,
                32,
                32,
                48,
                48,
                48,
                48,
                51,
                55,
                55,
                50,
                45,
                32,
                84,
                73,
                68,
                58,
                32,
                32,
                48,
                48,
                48,
                48,
                49,
                54,
                55,
                54,
                45,
                32,
                67,
                77,
                68,
                58,
                32,
                32,
                67,
                58,
                92,
                87,
                105,
                110,
                100,
                111,
                119,
                115,
                92,
                115,
                121,
                115,
                116,
                101,
                109,
                51,
                50,
                92,
                118,
                115,
                115,
                118,
                99,
                46,
                101,
                120,
                101,
                32,
                32,
                32,
                45,
                32,
                85,
                115,
                101,
                114,
                58,
                32,
                78,
                97,
                109,
                101,
                58,
                32,
                78,
                84,
                32,
                65,
                85,
                84,
                72,
                79,
                82,
                73,
                84,
                89,
                92,
                83,
                89,
                83,
                84,
                69,
                77,
                44,
                32,
                83,
                73,
                68,
                58,
                83,
                45,
                49,
                45,
                53,
                45,
                49,
                56,
                32
            ],
            "Index": 666,
            "Category": "(0)",
            "CategoryNumber": 0,
            "EntryType": 4,
            "Message": "The VSS service is shutting down due to idle timeout.\r\n",
            "Source": "VSS",
            "ReplacementStrings": [
                ""
            ],
            "InstanceId": 8224,
            "TimeGenerated": "/Date(1721839060000)/",
            "TimeWritten": "/Date(1721839060000)/",
            "UserName": null,
            "Site": null,
            "Container": null
        },
        {
            "EventID": 15,
            "MachineName": "DESKTOP-U22SSQ0",
            "Data": [],
            "Index": 665,
            "Category": "(0)",
            "CategoryNumber": 0,
            "EntryType": 4,
            "Message": "Updated Windows Defender status successfully to SECURITY_PRODUCT_STATE_ON.",
            "Source": "SecurityCenter",
            "ReplacementStrings": [
                "Windows Defender",
                "SECURITY_PRODUCT_STATE_ON"
            ],
            "InstanceId": 15,
            "TimeGenerated": "/Date(1721838882000)/",
            "TimeWritten": "/Date(1721838882000)/",
            "UserName": null,
            "Site": null,
            "Container": null
        },
        {
            "EventID": 325,
            "MachineName": "DESKTOP-U22SSQ0",
            "Data": [],
            "Index": 664,
            "Category": "General",
            "CategoryNumber": 1,
            "EntryType": 4,
            "Message": "svchost (3788,D,35,0) DS_Token_DB: The database engine created a new database (1, C:\\Windows\\system32\\config\\systemprofile\\AppData\\Local\\DataSharing\\Storage\\DSTokenDB2.dat). (Time=0 seconds)\r\n\r\n\r\n\r\nAdditional Data: lgposCreate = 00000001:0001:0268,\ndbv = 1568.300.620 (9620)\r\n\r\n\r\n\r\nInternal Timing Sequence: \n[1] 0.000087 +J(0) +M(C:0K, Fs:2, WS:8K # 8K, PF:4K # 4K, P:4K)\n[2] 0.002217 -0.000424 (1) WT +J(CM:0, PgRf:0, Rd:0/0, Dy:0/0, Lg:3480/2) +M(C:0K, Fs:2, WS:8K # 8K, PF:0K # 0K, P:0K)\n[3] 0.008554 -0.000142 (3) WT +J(0) +M(C:0K, Fs:16, WS:60K # 64K, PF:20K # 24K, P:20K)\n[4] 0.013760 -0.010888 (1) WT +J(0) +M(C:0K, Fs:56, WS:224K # 220K, PF:88K # 84K, P:88K)\n[5] 0.004927 -0.001700 (3) WT +J(CM:0, PgRf:3, Rd:0/0, Dy:3/6, Lg:122/4) +M(C:8K, Fs:71, WS:280K # 280K, PF:172K # 176K, P:172K)\n[6] 0.010471 -0.005567 (1) WT +J(CM:0, PgRf:259, Rd:0/0, Dy:16/440, Lg:28550/479) +M(C:64K, Fs:161, WS:636K # 636K, PF:556K # 552K, P:556K)\n[7] 0.002629 -0.001510 (3) WT +J(CM:0, PgRf:0, Rd:0/0, Dy:0/0, Lg:4096/3) +M(C:0K, Fs:2, WS:4K # 8K, PF:0K # 4K, P:0K)\n[8] 0.000004 +J(0)\n[9] 0.003843 -0.002275 (4) WT +J(0) +M(C:0K, Fs:4, WS:12K # 8K, PF:0K # 0K, P:0K)\n[10] 0.046966 -0.019440 (32) CM -0.021565 (44) WT +J(CM:32, PgRf:428, Rd:0/32, Dy:10/106, Lg:17039/155) +M(C:-24K, Fs:79, WS:260K # 264K, PF:132K # 132K, P:132K)\n[11] 0.000003 +J(0).",
            "Source": "ESENT",
            "ReplacementStrings": [
                "svchost",
                "3788,D,35,0",
                "DS_Token_DB: ",
                "1",
                "C:\\Windows\\system32\\config\\systemprofile\\AppData\\Local\\DataSharing\\Storage\\DSTokenDB2.dat",
                "0",
                "\n[1] 0.000087 +J(0) +M(C:0K, Fs:2, WS:8K # 8K, PF:4K # 4K, P:4K)\n[2] 0.002217 -0.000424 (1) WT +J(CM:0, PgRf:0, Rd:0/0, Dy:0/0, Lg:3480/2) +M(C:0K, Fs:2, WS:8K # 8K, PF:0K # 0K, P:0K)\n[3] 0.008554 -0.000142 (3) WT +J(0) +M(C:0K, Fs:16, WS:60K # 64K, PF:20K # 24K, P:20K)\n[4] 0.013760 -0.010888 (1) WT +J(0) +M(C:0K, Fs:56, WS:224K # 220K, PF:88K # 84K, P:88K)\n[5] 0.004927 -0.001700 (3) WT +J(CM:0, PgRf:3, Rd:0/0, Dy:3/6, Lg:122/4) +M(C:8K, Fs:71, WS:280K # 280K, PF:172K # 176K, P:172K)\n[6] 0.010471 -0.005567 (1) WT +J(CM:0, PgRf:259, Rd:0/0, Dy:16/440, Lg:28550/479) +M(C:64K, Fs:161, WS:636K # 636K, PF:556K # 552K, P:556K)\n[7] 0.002629 -0.001510 (3) WT +J(CM:0, PgRf:0, Rd:0/0, Dy:0/0, Lg:4096/3) +M(C:0K, Fs:2, WS:4K # 8K, PF:0K # 4K, P:0K)\n[8] 0.000004 +J(0)\n[9] 0.003843 -0.002275 (4) WT +J(0) +M(C:0K, Fs:4, WS:12K # 8K, PF:0K # 0K, P:0K)\n[10] 0.046966 -0.019440 (32) CM -0.021565 (44) WT +J(CM:32, PgRf:428, Rd:0/32, Dy:10/106, Lg:17039/155) +M(C:-24K, Fs:79, WS:260K # 264K, PF:132K # 132K, P:132K)\n[11] 0.000003 +J(0).",
                "0 0",
                "lgposCreate = 00000001:0001:0268,\ndbv = 1568.300.620 (9620)"
            ],
            "InstanceId": 325,
            "TimeGenerated": "/Date(1721838880000)/",
            "TimeWritten": "/Date(1721838880000)/",
            "UserName": null,
            "Site": null,
            "Container": null
        },
        {
            "EventID": 105,
            "MachineName": "DESKTOP-U22SSQ0",
            "Data": [],
            "Index": 663,
            "Category": "General",
            "CategoryNumber": 1,
            "EntryType": 4,
            "Message": "svchost (3788,D,0,0) DS_Token_DB: The database engine started a new instance (0). (Time=0.047 seconds)\r\n\r\n\r\n\r\nAdditional Data:\r\n\r\nRBSOn = 0\n\r\n\r\n\r\n\r\nInternal Timing Sequence: \n[1] 0.004974 +J(0) +M(C:0K, Fs:180, WS:708K # 708K, PF:2660K # 2660K, P:2660K)\n[2] 0.004848 +J(0) +M(C:8K, Fs:259, WS:1028K # 1028K, PF:1240K # 1240K, P:1240K)\n[3] 0.000027 +J(0) +M(C:0K, Fs:3, WS:4K # 4K, PF:72K # 72K, P:72K)\n[4] 0.000317 +J(0) +M(C:0K, Fs:33, WS:132K # 132K, PF:176K # 176K, P:176K)\n[5] 0.002600 +J(0) +M(C:0K, Fs:19, WS:76K # 76K, PF:20K # 20K, P:20K)\n[6] 0.009877 +J(0) +M(C:0K, Fs:34, WS:136K # 136K, PF:12K # 12K, P:12K)\n[7] -\n[8] -\n[9] -\n[10] -\n[11] -\n[12] -\n[13] 0.015820 -0.001078 (4) WT +J(CM:0, PgRf:0, Rd:0/0, Dy:0/0, Lg:616/1) +M(C:0K, Fs:90, WS:296K # 344K, PF:24K # 84K, P:24K)\n[14] 0.000028 +J(0) +M(C:0K, Fs:6, WS:24K # 0K, PF:0K # 0K, P:0K)\n[15] 0.000176 +J(0) +M(C:0K, Fs:23, WS:92K # 68K, PF:64K # 4K, P:64K)\n[16] 0.007898 -0.000224 (3) WT +J(0) +M(C:0K, Fs:10, WS:32K # 32K, PF:4K # 8K, P:4K).",
            "Source": "ESENT",
            "ReplacementStrings": [
                "svchost",
                "3788,D,0,0",
                "DS_Token_DB: ",
                "0",
                "0.047",
                "\n[1] 0.004974 +J(0) +M(C:0K, Fs:180, WS:708K # 708K, PF:2660K # 2660K, P:2660K)\n[2] 0.004848 +J(0) +M(C:8K, Fs:259, WS:1028K # 1028K, PF:1240K # 1240K, P:1240K)\n[3] 0.000027 +J(0) +M(C:0K, Fs:3, WS:4K # 4K, PF:72K # 72K, P:72K)\n[4] 0.000317 +J(0) +M(C:0K, Fs:33, WS:132K # 132K, PF:176K # 176K, P:176K)\n[5] 0.002600 +J(0) +M(C:0K, Fs:19, WS:76K # 76K, PF:20K # 20K, P:20K)\n[6] 0.009877 +J(0) +M(C:0K, Fs:34, WS:136K # 136K, PF:12K # 12K, P:12K)\n[7] -\n[8] -\n[9] -\n[10] -\n[11] -\n[12] -\n[13] 0.015820 -0.001078 (4) WT +J(CM:0, PgRf:0, Rd:0/0, Dy:0/0, Lg:616/1) +M(C:0K, Fs:90, WS:296K # 344K, PF:24K # 84K, P:24K)\n[14] 0.000028 +J(0) +M(C:0K, Fs:6, WS:24K # 0K, PF:0K # 0K, P:0K)\n[15] 0.000176 +J(0) +M(C:0K, Fs:23, WS:92K # 68K, PF:64K # 4K, P:64K)\n[16] 0.007898 -0.000224 (3) WT +J(0) +M(C:0K, Fs:10, WS:32K # 32K, PF:4K # 8K, P:4K).",
                "RBSOn = 0\n"
            ],
            "InstanceId": 105,
            "TimeGenerated": "/Date(1721838880000)/",
            "TimeWritten": "/Date(1721838880000)/",
            "UserName": null,
            "Site": null,
            "Container": null
        },
        {
            "EventID": 102,
            "MachineName": "DESKTOP-U22SSQ0",
            "Data": [],
            "Index": 662,
            "Category": "General",
            "CategoryNumber": 1,
            "EntryType": 4,
            "Message": "svchost (3788,P,98,0) DS_Token_DB: The database engine (10.00.26100.0000) is starting a new instance (0).",
            "Source": "ESENT",
            "ReplacementStrings": [
                "svchost",
                "3788,P,98,0",
                "DS_Token_DB: ",
                "0",
                "10",
                "00",
                "26100",
                "0000"
            ],
            "InstanceId": 102,
            "TimeGenerated": "/Date(1721838880000)/",
            "TimeWritten": "/Date(1721838880000)/",
            "UserName": null,
            "Site": null,
            "Container": null
        },
        {
            "EventID": 15,
            "MachineName": "DESKTOP-U22SSQ0",
            "Data": [],
            "Index": 661,
            "Category": "(0)",
            "CategoryNumber": 0,
            "EntryType": 4,
            "Message": "Updated Windows Defender status successfully to SECURITY_PRODUCT_STATE_ON.",
            "Source": "SecurityCenter",
            "ReplacementStrings": [
                "Windows Defender",
                "SECURITY_PRODUCT_STATE_ON"
            ],
            "InstanceId": 15,
            "TimeGenerated": "/Date(1721838849000)/",
            "TimeWritten": "/Date(1721838849000)/",
            "UserName": null,
            "Site": null,
            "Container": null
        },
        {
            "EventID": 16384,
            "MachineName": "DESKTOP-U22SSQ0",
            "Data": [],
            "Index": 660,
            "Category": "(0)",
            "CategoryNumber": 0,
            "EntryType": 4,
            "Message": "Successfully scheduled Software Protection service for re-start at 2024-07-25T16:23:25Z. Reason: RulesEngine.",
            "Source": "Software Protection Platform Service",
            "ReplacementStrings": [
                "2024-07-25T16:23:25Z",
                "RulesEngine"
            ],
            "InstanceId": 1073758208,
            "TimeGenerated": "/Date(1721838505000)/",
            "TimeWritten": "/Date(1721838505000)/",
            "UserName": null,
            "Site": null,
            "Container": null
        },
        {
            "EventID": 16394,
            "MachineName": "DESKTOP-U22SSQ0",
            "Data": [],
            "Index": 659,
            "Category": "(0)",
            "CategoryNumber": 0,
            "EntryType": 4,
            "Message": "Offline downlevel migration succeeded.",
            "Source": "Software Protection Platform Service",
            "ReplacementStrings": [],
            "InstanceId": 3221241866,
            "TimeGenerated": "/Date(1721838474000)/",
            "TimeWritten": "/Date(1721838474000)/",
            "UserName": null,
            "Site": null,
            "Container": null
        },
        {
            "EventID": 16384,
            "MachineName": "DESKTOP-U22SSQ0",
            "Data": [],
            "Index": 658,
            "Category": "(0)",
            "CategoryNumber": 0,
            "EntryType": 4,
            "Message": "Successfully scheduled Software Protection service for re-start at 2024-07-25T16:23:29Z. Reason: RulesEngine.",
            "Source": "Software Protection Platform Service",
            "ReplacementStrings": [
                "2024-07-25T16:23:29Z",
                "RulesEngine"
            ],
            "InstanceId": 1073758208,
            "TimeGenerated": "/Date(1721838449000)/",
            "TimeWritten": "/Date(1721838449000)/",
            "UserName": null,
            "Site": null,
            "Container": null
        },
        {
            "EventID": 16394,
            "MachineName": "DESKTOP-U22SSQ0",
            "Data": [],
            "Index": 657,
            "Category": "(0)",
            "CategoryNumber": 0,
            "EntryType": 4,
            "Message": "Offline downlevel migration succeeded.",
            "Source": "Software Protection Platform Service",
            "ReplacementStrings": [],
            "InstanceId": 3221241866,
            "TimeGenerated": "/Date(1721838400000)/",
            "TimeWritten": "/Date(1721838400000)/",
            "UserName": null,
            "Site": null,
            "Container": null
        },
        {
            "EventID": 16384,
            "MachineName": "DESKTOP-U22SSQ0",
            "Data": [],
            "Index": 656,
            "Category": "(0)",
            "CategoryNumber": 0,
            "EntryType": 4,
            "Message": "Successfully scheduled Software Protection service for re-start at 2024-07-25T16:23:02Z. Reason: RulesEngine.",
            "Source": "Software Protection Platform Service",
            "ReplacementStrings": [
                "2024-07-25T16:23:02Z",
                "RulesEngine"
            ],
            "InstanceId": 1073758208,
            "TimeGenerated": "/Date(1721838362000)/",
            "TimeWritten": "/Date(1721838362000)/",
            "UserName": null,
            "Site": null,
            "Container": null
        },
        {
            "EventID": 1034,
            "MachineName": "DESKTOP-U22SSQ0",
            "Data": [],
            "Index": 655,
            "Category": "(0)",
            "CategoryNumber": 0,
            "EntryType": 4,
            "Message": "Duplicate definition of policy found. Policy name=Security-SPP-WriteWauMarker  Priority=500",
            "Source": "Software Protection Platform Service",
            "ReplacementStrings": [
                "Security-SPP-WriteWauMarker",
                "500"
            ],
            "InstanceId": 1073742858,
            "TimeGenerated": "/Date(1721838332000)/",
            "TimeWritten": "/Date(1721838332000)/",
            "UserName": null,
            "Site": null,
            "Container": null
        },
        {
            "EventID": 1034,
            "MachineName": "DESKTOP-U22SSQ0",
            "Data": [],
            "Index": 654,
            "Category": "(0)",
            "CategoryNumber": 0,
            "EntryType": 4,
            "Message": "Duplicate definition of policy found. Policy name=AAD-AddDeviceJoinUserToAdminGroup-Policy  Priority=100",
            "Source": "Software Protection Platform Service",
            "ReplacementStrings": [
                "AAD-AddDeviceJoinUserToAdminGroup-Policy",
                "100"
            ],
            "InstanceId": 1073742858,
            "TimeGenerated": "/Date(1721838332000)/",
            "TimeWritten": "/Date(1721838332000)/",
            "UserName": null,
            "Site": null,
            "Container": null
        },
        {
            "EventID": 1034,
            "MachineName": "DESKTOP-U22SSQ0",
            "Data": [],
            "Index": 653,
            "Category": "(0)",
            "CategoryNumber": 0,
            "EntryType": 4,
            "Message": "Duplicate definition of policy found. Policy name=AAD-AddDeviceJoinUserToAdminGroup-Policy  Priority=100",
            "Source": "Software Protection Platform Service",
            "ReplacementStrings": [
                "AAD-AddDeviceJoinUserToAdminGroup-Policy",
                "100"
            ],
            "InstanceId": 1073742858,
            "TimeGenerated": "/Date(1721838332000)/",
            "TimeWritten": "/Date(1721838332000)/",
            "UserName": null,
            "Site": null,
            "Container": null
        },
        {
            "EventID": 1034,
            "MachineName": "DESKTOP-U22SSQ0",
            "Data": [],
            "Index": 652,
            "Category": "(0)",
            "CategoryNumber": 0,
            "EntryType": 4,
            "Message": "Duplicate definition of policy found. Policy name=AAD-AddDeviceJoinUserToAdminGroup-Policy  Priority=100",
            "Source": "Software Protection Platform Service",
            "ReplacementStrings": [
                "AAD-AddDeviceJoinUserToAdminGroup-Policy",
                "100"
            ],
            "InstanceId": 1073742858,
            "TimeGenerated": "/Date(1721838332000)/",
            "TimeWritten": "/Date(1721838332000)/",
            "UserName": null,
            "Site": null,
            "Container": null
        },
        {
            "EventID": 1034,
            "MachineName": "DESKTOP-U22SSQ0",
            "Data": [],
            "Index": 651,
            "Category": "(0)",
            "CategoryNumber": 0,
            "EntryType": 4,
            "Message": "Duplicate definition of policy found. Policy name=AAD-AddDeviceJoinUserToAdminGroup-Policy  Priority=100",
            "Source": "Software Protection Platform Service",
            "ReplacementStrings": [
                "AAD-AddDeviceJoinUserToAdminGroup-Policy",
                "100"
            ],
            "InstanceId": 1073742858,
            "TimeGenerated": "/Date(1721838332000)/",
            "TimeWritten": "/Date(1721838332000)/",
            "UserName": null,
            "Site": null,
            "Container": null
        },
        {
            "EventID": 1034,
            "MachineName": "DESKTOP-U22SSQ0",
            "Data": [],
            "Index": 650,
            "Category": "(0)",
            "CategoryNumber": 0,
            "EntryType": 4,
            "Message": "Duplicate definition of policy found. Policy name=AAD-AddDeviceJoinUserToAdminGroup-Policy  Priority=100",
            "Source": "Software Protection Platform Service",
            "ReplacementStrings": [
                "AAD-AddDeviceJoinUserToAdminGroup-Policy",
                "100"
            ],
            "InstanceId": 1073742858,
            "TimeGenerated": "/Date(1721838332000)/",
            "TimeWritten": "/Date(1721838332000)/",
            "UserName": null,
            "Site": null,
            "Container": null
        },
        {
            "EventID": 1034,
            "MachineName": "DESKTOP-U22SSQ0",
            "Data": [],
            "Index": 649,
            "Category": "(0)",
            "CategoryNumber": 0,
            "EntryType": 4,
            "Message": "Duplicate definition of policy found. Policy name=AAD-AddDeviceJoinUserToAdminGroup-Policy  Priority=100",
            "Source": "Software Protection Platform Service",
            "ReplacementStrings": [
                "AAD-AddDeviceJoinUserToAdminGroup-Policy",
                "100"
            ],
            "InstanceId": 1073742858,
            "TimeGenerated": "/Date(1721838332000)/",
            "TimeWritten": "/Date(1721838332000)/",
            "UserName": null,
            "Site": null,
            "Container": null
        },
        {
            "EventID": 1034,
            "MachineName": "DESKTOP-U22SSQ0",
            "Data": [],
            "Index": 648,
            "Category": "(0)",
            "CategoryNumber": 0,
            "EntryType": 4,
            "Message": "Duplicate definition of policy found. Policy name=AAD-AddDeviceJoinUserToAdminGroup-Policy  Priority=100",
            "Source": "Software Protection Platform Service",
            "ReplacementStrings": [
                "AAD-AddDeviceJoinUserToAdminGroup-Policy",
                "100"
            ],
            "InstanceId": 1073742858,
            "TimeGenerated": "/Date(1721838332000)/",
            "TimeWritten": "/Date(1721838332000)/",
            "UserName": null,
            "Site": null,
            "Container": null
        },
        {
            "EventID": 1034,
            "MachineName": "DESKTOP-U22SSQ0",
            "Data": [],
            "Index": 647,
            "Category": "(0)",
            "CategoryNumber": 0,
            "EntryType": 4,
            "Message": "Duplicate definition of policy found. Policy name=AAD-AddDeviceJoinUserToAdminGroup-Policy  Priority=100",
            "Source": "Software Protection Platform Service",
            "ReplacementStrings": [
                "AAD-AddDeviceJoinUserToAdminGroup-Policy",
                "100"
            ],
            "InstanceId": 1073742858,
            "TimeGenerated": "/Date(1721838332000)/",
            "TimeWritten": "/Date(1721838332000)/",
            "UserName": null,
            "Site": null,
            "Container": null
        },
        {
            "EventID": 1034,
            "MachineName": "DESKTOP-U22SSQ0",
            "Data": [],
            "Index": 646,
            "Category": "(0)",
            "CategoryNumber": 0,
            "EntryType": 4,
            "Message": "Duplicate definition of policy found. Policy name=AAD-AddDeviceJoinUserToAdminGroup-Policy  Priority=100",
            "Source": "Software Protection Platform Service",
            "ReplacementStrings": [
                "AAD-AddDeviceJoinUserToAdminGroup-Policy",
                "100"
            ],
            "InstanceId": 1073742858,
            "TimeGenerated": "/Date(1721838332000)/",
            "TimeWritten": "/Date(1721838332000)/",
            "UserName": null,
            "Site": null,
            "Container": null
        },
        {
            "EventID": 1034,
            "MachineName": "DESKTOP-U22SSQ0",
            "Data": [],
            "Index": 645,
            "Category": "(0)",
            "CategoryNumber": 0,
            "EntryType": 4,
            "Message": "Duplicate definition of policy found. Policy name=AAD-AddDeviceJoinUserToAdminGroup-Policy  Priority=100",
            "Source": "Software Protection Platform Service",
            "ReplacementStrings": [
                "AAD-AddDeviceJoinUserToAdminGroup-Policy",
                "100"
            ],
            "InstanceId": 1073742858,
            "TimeGenerated": "/Date(1721838332000)/",
            "TimeWritten": "/Date(1721838332000)/",
            "UserName": null,
            "Site": null,
            "Container": null
        },
        {
            "EventID": 1034,
            "MachineName": "DESKTOP-U22SSQ0",
            "Data": [],
            "Index": 644,
            "Category": "(0)",
            "CategoryNumber": 0,
            "EntryType": 4,
            "Message": "Duplicate definition of policy found. Policy name=AAD-AddDeviceJoinUserToAdminGroup-Policy  Priority=100",
            "Source": "Software Protection Platform Service",
            "ReplacementStrings": [
                "AAD-AddDeviceJoinUserToAdminGroup-Policy",
                "100"
            ],
            "InstanceId": 1073742858,
            "TimeGenerated": "/Date(1721838332000)/",
            "TimeWritten": "/Date(1721838332000)/",
            "UserName": null,
            "Site": null,
            "Container": null
        },
        {
            "EventID": 15,
            "MachineName": "DESKTOP-U22SSQ0",
            "Data": [],
            "Index": 643,
            "Category": "(0)",
            "CategoryNumber": 0,
            "EntryType": 4,
            "Message": "Updated Windows Defender status successfully to SECURITY_PRODUCT_STATE_ON.",
            "Source": "SecurityCenter",
            "ReplacementStrings": [
                "Windows Defender",
                "SECURITY_PRODUCT_STATE_ON"
            ],
            "InstanceId": 15,
            "TimeGenerated": "/Date(1721838328000)/",
            "TimeWritten": "/Date(1721838328000)/",
            "UserName": null,
            "Site": null,
            "Container": null
        },
        {
            "EventID": 1,
            "MachineName": "DESKTOP-U22SSQ0",
            "Data": [],
            "Index": 642,
            "Category": "(0)",
            "CategoryNumber": 0,
            "EntryType": 4,
            "Message": "The Windows Security Center Service has started.",
            "Source": "SecurityCenter",
            "ReplacementStrings": [],
            "InstanceId": 1,
            "TimeGenerated": "/Date(1721838326000)/",
            "TimeWritten": "/Date(1721838326000)/",
            "UserName": null,
            "Site": null,
            "Container": null
        },
        {
            "EventID": 16394,
            "MachineName": "DESKTOP-U22SSQ0",
            "Data": [],
            "Index": 641,
            "Category": "(0)",
            "CategoryNumber": 0,
            "EntryType": 4,
            "Message": "Offline downlevel migration succeeded.",
            "Source": "Software Protection Platform Service",
            "ReplacementStrings": [],
            "InstanceId": 3221241866,
            "TimeGenerated": "/Date(1721838325000)/",
            "TimeWritten": "/Date(1721838325000)/",
            "UserName": null,
            "Site": null,
            "Container": null
        },
        {
            "EventID": 900,
            "MachineName": "DESKTOP-U22SSQ0",
            "Data": [],
            "Index": 640,
            "Category": "(0)",
            "CategoryNumber": 0,
            "EntryType": 4,
            "Message": "The Software Protection service is starting.\r\nParameters:<explicit>",
            "Source": "Software Protection Platform Service",
            "ReplacementStrings": [
                "<explicit>"
            ],
            "InstanceId": 1073742724,
            "TimeGenerated": "/Date(1721838325000)/",
            "TimeWritten": "/Date(1721838325000)/",
            "UserName": null,
            "Site": null,
            "Container": null
        },
        {
            "EventID": 0,
            "MachineName": "DESKTOP-U22SSQ0",
            "Data": [],
            "Index": 639,
            "Category": "(0)",
            "CategoryNumber": 0,
            "EntryType": 4,
            "Message": "Service stopped.",
            "Source": "edgeupdate",
            "ReplacementStrings": [
                "Service stopped"
            ],
            "InstanceId": 0,
            "TimeGenerated": "/Date(1721838324000)/",
            "TimeWritten": "/Date(1721838324000)/",
            "UserName": null,
            "Site": null,
            "Container": null
        },
