        {
            "EventID": 1003,
            "MachineName": "DESKTOP-U22SSQ0",
            "Data": [],
            "Index": 628,
            "Category": "(0)",
            "CategoryNumber": 0,
            "EntryType": 4,
            "Message": "The Software Protection service has completed licensing status check.\r\nApplication Id=55c92734-d682-4d71-983e-d6ec3f16059f\r\nLicensing Status=\n1: 01eb852c-424d-4060-94b8-c10d799d7364, 1, 0 [(0 [0xC004F014, 0, 0], [(?)(?)(?)(?)(?)(?)(?)(?)])(1 )(2 )(3 )]\n2: 040fa323-92b1-4baf-97a2-5b67feaefddb, 1, 0 [(0 [0xC004F014, 0, 0], [(?)(?)(?)(?)(?)(?)(?)(?)])(1 )(2 )(3 )]\n3: 0724cb7d-3437-4cb7-93cb-830375d0079d, 1, 0 [(0 [0xC004F014, 0, 0], [(?)(?)(?)(?)(?)(?)(?)(?)])(1 )(2 )(3 )]\n4: 0ad2ac98-7bb9-4201-8d92-312299201369, 1, 0 [(0 [0xC004F014, 0, 0], [(?)(?)(?)(?)(?)(?)(?)(?)])(1 )(2 )(3 )]\n5: 19de9b2f-0166-4abb-9534-56ea69a80edb, 1, 0 [(0 [0xC004F014, 0, 0], [(?)(?)(?)(?)(?)(?)(?)(?)])(1 )(2 )(3 )]\n6: 1a9a717a-cf13-4ba5-83c3-0fe25fa868d5, 1, 0 [(0 [0xC004F014, 0, 0], [(?)(?)(?)(?)(?)(?)(?)(?)])(1 )(2 )(3 )]\n7: 221a02da-e2a1-4b75-864c-0a4410a33fdf, 1, 0 [(0 [0xC004F014, 0, 0], [(?)(?)(?)(?)(?)(?)(?)(?)])(1 )(2 )(3 )]\n8: 265f3fad-6a1c-4bdd-ae30-c75efa556ccb, 1, 0 [(0 [0xC004F014, 0, 0], [(?)(?)(?)(?)(?)(?)(?)(?)])(1 )(2 )(3 )]\n9: 291ece0e-9c38-40ca-a9e1-32cc7ec19507, 1, 0 [(0 [0xC004F014, 0, 0], [(?)(?)(?)(?)(?)(?)(?)(?)])(1 )(2 )(3 )]\n10: 2936d1d2-913a-4542-b54e-ce5a602a2a38, 1, 0 [(0 [0xC004F014, 0, 0], [(?)(?)(?)(?)(?)(?)(?)(?)])(1 )(2 )(3 )]\n11: 2c293c26-a45a-4a2a-a350-c69a67097529, 1, 0 [(0 [0xC004F014, 0, 0], [(?)(?)(?)(?)(?)(?)(?)(?)])(1 )(2 )(3 )]\n12: 2de67392-b7a7-462a-b1ca-108dd189f588, 1, 0 [(0 [0xC004F014, 0, 0], [(?)(?)(?)(?)(?)(?)(?)(?)])(1 )(2 )(3 )]\n13: 2ffd8952-423e-4903-b993-72a1aa44cf82, 1, 0 [(0 [0xC004F014, 0, 0], [(?)(?)(?)(?)(?)(?)(?)(?)])(1 )(2 )(3 )]\n14: 30a42c86-b7a0-4a34-8c90-ff177cb2acb7, 1, 0 [(0 [0xC004F014, 0, 0], [(?)(?)(?)(?)(?)(?)(?)(?)])(1 )(2 )(3 )]\n15: 345a5db0-d94f-4e3b-a0c0-7c42f7bc3ebf, 1, 0 [(0 [0xC004F014, 0, 0], [(?)(?)(?)(?)(?)(?)(?)(?)])(1 )(2 )(3 )]\n16: 3502365a-f88a-4ba4-822a-5769d3073b65, 1, 0 [(0 [0xC004F014, 0, 0], [(?)(?)(?)(?)(?)(?)(?)(?)])(1 )(2 )(3 )]\n17: 377333b1-8b5d-48d6-9679-1225c872d37c, 1, 0 [(0 [0xC004F014, 0, 0], [(?)(?)(?)(?)(?)(?)(?)(?)])(1 )(2 )(3 )]\n18: 3df374ef-d444-4494-a5a1-4b0d9fd0e203, 1, 0 [(0 [0xC004F014, 0, 0], [(?)(?)(?)(?)(?)(?)(?)(?)])(1 )(2 )(3 )]\n19: 3ebce241-ea87-4946-8a4f-80d00e921dff, 1, 0 [(0 [0xC004F014, 0, 0], [(?)(?)(?)(?)(?)(?)(?)(?)])(1 )(2 )(3 )]\n20: 3f1afc82-f8ac-4f6c-8005-1d233e606eee, 1, 0 [(0 [0xC004F014, 0, 0], [(?)(?)(?)(?)(?)(?)(?)(?)])(1 )(2 )(3 )]\n21: 4322a811-697c-44dc-865e-3e2fdcb86009, 1, 0 [(0 [0xC004F014, 0, 0], [(?)(?)(?)(?)(?)(?)(?)(?)])(1 )(2 )(3 )]\n22: 49cd895b-53b2-4dc4-a5f7-b18aa019ad37, 1, 0 [(0 [0xC004F014, 0, 0], [(?)(?)(?)(?)(?)(?)(?)(?)])(1 )(2 )(3 )]\n23: 4de7cb65-cdf1-4de9-8ae8-e3cce27b9f2c, 1, 1 [(0 )(1 )(2 [0xC004E003, 0, 0], [( 1 0xC004F034)( 1 0xC004F034)(?)(?)(?)(?)(?)(?)])(3 [0x00000000, 0, 0], [( 6 0xC004F009 0 0)( 1 0x00000000)( 6 0xC004F009 0 0)(?)(?)(?)( 10 0x00000000 msft:rm/algorithm/flags/1.0)( 11 0x00000000 0xC004F034)])]\n24: 4f3da0d2-271d-4508-ae81-626b60809a38, 1, 0 [(0 [0xC004F014, 0, 0], [(?)(?)(?)(?)(?)(?)(?)(?)])(1 )(2 )(3 )]\n25: 5d78c4e9-aeb3-4b40-8ac2-6a6005e0ad6d, 1, 0 [(0 [0xC004F014, 0, 0], [(?)(?)(?)(?)(?)(?)(?)(?)])(1 )(2 )(3 )]\n26: 60b3ec1b-9545-4921-821f-311b129dd6f6, 1, 0 [(0 [0xC004F014, 0, 0], [(?)(?)(?)(?)(?)(?)(?)(?)])(1 )(2 )(3 )]\n27: 613d217f-7f13-4268-9907-1662339531cd, 1, 0 [(0 [0xC004F014, 0, 0], [(?)(?)(?)(?)(?)(?)(?)(?)])(1 )(2 )(3 )]\n28: 62f0c100-9c53-4e02-b886-a3528ddfe7f6, 1, 0 [(0 [0xC004F014, 0, 0], [(?)(?)(?)(?)(?)(?)(?)(?)])(1 )(2 )(3 )]\n29: 6365275e-368d-46ca-a0ef-fc0404119333, 1, 0 [(0 [0xC004F014, 0, 0], [(?)(?)(?)(?)(?)(?)(?)(?)])(1 )(2 )(3 )]\n30: 721f9237-9341-4453-a661-09e8baa6cca5, 1, 0 [(0 [0xC004F014, 0, 0], [(?)(?)(?)(?)(?)(?)(?)(?)])(1 )(2 )(3 )]\n31: 73111121-5638-40f6-bc11-f1d7b0d64300, 1, 0 [(0 [0xC004F014, 0, 0], [(?)(?)(?)(?)(?)(?)(?)(?)])(1 )(2 )(3 )]\n32: 7a802526-4c94-4bd1-ba14-835a1aca2120, 1, 0 [(0 [0xC004F014, 0, 0], [(?)(?)(?)(?)(?)(?)(?)(?)])(1 )(2 )(3 )]\n33: 7cb546c0-c7d5-44d8-9a5c-69ecdd782b69, 1, 0 [(0 [0xC004F014, 0, 0], [(?)(?)(?)(?)(?)(?)(?)(?)])(1 )(2 )(3 )]\n34: 80083eae-7031-4394-9e88-4901973d56fe, 1, 0 [(0 [0xC004F014, 0, 0], [(?)(?)(?)(?)(?)(?)(?)(?)])(1 )(2 )(3 )]\n35: 82bbc092-bc50-4e16-8e18-b74fc486aec3, 1, 0 [(0 [0xC004F014, 0, 0], [(?)(?)(?)(?)(?)(?)(?)(?)])(1 )(2 )(3 )]\n36: 8ab9bdd1-1f67-4997-82d9-8878520837d9, 1, 0 [(0 [0xC004F014, 0, 0], [(?)(?)(?)(?)(?)(?)(?)(?)])(1 )(2 )(3 )]\n37: 8b351c9c-f398-4515-9900-09df49427262, 1, 0 [(0 [0xC004F014, 0, 0], [(?)(?)(?)(?)(?)(?)(?)(?)])(1 )(2 )(3 )]\n38: 90da7373-1c51-430b-bf26-c97e9c5cdc31, 1, 0 [(0 [0xC004F014, 0, 0], [(?)(?)(?)(?)(?)(?)(?)(?)])(1 )(2 )(3 )]\n39: 92fb8726-92a8-4ffc-94ce-f82e07444653, 1, 0 [(0 [0xC004F014, 0, 0], [(?)(?)(?)(?)(?)(?)(?)(?)])(1 )(2 )(3 )]\n40: 95dca82f-385d-4d39-b85b-5c73fa285d6f, 1, 0 [(0 [0xC004F014, 0, 0], [(?)(?)(?)(?)(?)(?)(?)(?)])(1 )(2 )(3 )]\n41: 97cde3ae-e908-4b59-ac96-a17645c5b57e, 1, 0 [(0 [0xC004F014, 0, 0], [(?)(?)(?)(?)(?)(?)(?)(?)])(1 )(2 )(3 )]\n42: a48938aa-62fa-4966-9d44-9f04da3f72f2, 1, 0 [(0 [0xC004F014, 0, 0], [(?)(?)(?)(?)(?)(?)(?)(?)])(1 )(2 )(3 )]\n43: b0773a15-df3a-4312-9ad2-83d69648e356, 1, 0 [(0 [0xC004F014, 0, 0], [(?)(?)(?)(?)(?)(?)(?)(?)])(1 )(2 )(3 )]\n44: b4bfe195-541e-4e64-ad23-6177f19e395e, 1, 0 [(0 [0xC004F014, 0, 0], [(?)(?)(?)(?)(?)(?)(?)(?)])(1 )(2 )(3 )]\n45: b68e61d2-68ca-4757-be45-0cc2f3e68eee, 1, 0 [(0 [0xC004F014, 0, 0], [(?)(?)(?)(?)(?)(?)(?)(?)])(1 )(2 )(3 )]\n46: bd3762d7-270d-4760-8fb3-d829ca45278a, 1, 0 [(0 [0xC004F014, 0, 0], [(?)(?)(?)(?)(?)(?)(?)(?)])(1 )(2 )(3 )]\n47: c86d5194-4840-4dae-9c1c-0301003a5ab0, 1, 0 [(0 [0xC004F014, 0, 0], [(?)(?)(?)(?)(?)(?)(?)(?)])(1 )(2 )(3 )]\n48: ca7df2e3-5ea0-47b8-9ac1-b1be4d8edd69, 1, 0 [(0 [0xC004F014, 0, 0], [(?)(?)(?)(?)(?)(?)(?)(?)])(1 )(2 )(3 )]\n49: d552befb-48cc-4327-8f39-47d2d94f987c, 1, 0 [(0 [0xC004F014, 0, 0], [(?)(?)(?)(?)(?)(?)(?)(?)])(1 )(2 )(3 )]\n50: d6eadb3b-5ca8-4a6b-986e-35b550756111, 1, 0 [(0 [0xC004F014, 0, 0], [(?)(?)(?)(?)(?)(?)(?)(?)])(1 )(2 )(3 )]\n51: df96023b-dcd9-4be2-afa0-c6c871159ebe, 1, 0 [(0 [0xC004F014, 0, 0], [(?)(?)(?)(?)(?)(?)(?)(?)])(1 )(2 )(3 )]\n52: e0c42288-980c-4788-a014-c080d2e1926e, 1, 0 [(0 [0xC004F014, 0, 0], [(?)(?)(?)(?)(?)(?)(?)(?)])(1 )(2 )(3 )]\n53: e4db50ea-bda1-4566-b047-0ca50abc6f07, 1, 0 [(0 [0xC004F014, 0, 0], [(?)(?)(?)(?)(?)(?)(?)(?)])(1 )(2 )(3 )]\n54: e558417a-5123-4f6f-91e7-385c1c7ca9d4, 1, 0 [(0 [0xC004F014, 0, 0], [(?)(?)(?)(?)(?)(?)(?)(?)])(1 )(2 )(3 )]\n55: e7a950a2-e548-4f10-bf16-02ec848e0643, 1, 0 [(0 [0xC004F014, 0, 0], [(?)(?)(?)(?)(?)(?)(?)(?)])(1 )(2 )(3 )]\n56: eb6d346f-1c60-4643-b960-40ec31596c45, 1, 0 [(0 [0xC004F014, 0, 0], [(?)(?)(?)(?)(?)(?)(?)(?)])(1 )(2 )(3 )]\n57: ec868e65-fadf-4759-b23e-93fe37f2cc29, 1, 0 [(0 [0xC004F014, 0, 0], [(?)(?)(?)(?)(?)(?)(?)(?)])(1 )(2 )(3 )]\n58: ef51e000-2659-4f25-8345-3de70a9cf4c4, 1, 0 [(0 [0xC004F014, 0, 0], [(?)(?)(?)(?)(?)(?)(?)(?)])(1 )(2 )(3 )]\n59: f7af7d09-40e4-419c-a49b-eae366689ebd, 1, 0 [(0 [0xC004F014, 0, 0], [(?)(?)(?)(?)(?)(?)(?)(?)])(1 )(2 )(3 )]\n60: fa755fe6-6739-40b9-8d84-6d0ea3b6d1ab, 1, 0 [(0 [0xC004F014, 0, 0], [(?)(?)(?)(?)(?)(?)(?)(?)])(1 )(2 )(3 )]\n61: fe74f55b-0338-41d6-b267-4a201abe7285, 1, 0 [(0 [0xC004F014, 0, 0], [(?)(?)(?)(?)(?)(?)(?)(?)])(1 )(2 )(3 )]\n\n",
            "Source": "Software Protection Platform Service",
            "ReplacementStrings": [
                "55c92734-d682-4d71-983e-d6ec3f16059f",
                "\n1: 01eb852c-424d-4060-94b8-c10d799d7364, 1, 0 [(0 [0xC004F014, 0, 0], [(?)(?)(?)(?)(?)(?)(?)(?)])(1 )(2 )(3 )]\n2: 040fa323-92b1-4baf-97a2-5b67feaefddb, 1, 0 [(0 [0xC004F014, 0, 0], [(?)(?)(?)(?)(?)(?)(?)(?)])(1 )(2 )(3 )]\n3: 0724cb7d-3437-4cb7-93cb-830375d0079d, 1, 0 [(0 [0xC004F014, 0, 0], [(?)(?)(?)(?)(?)(?)(?)(?)])(1 )(2 )(3 )]\n4: 0ad2ac98-7bb9-4201-8d92-312299201369, 1, 0 [(0 [0xC004F014, 0, 0], [(?)(?)(?)(?)(?)(?)(?)(?)])(1 )(2 )(3 )]\n5: 19de9b2f-0166-4abb-9534-56ea69a80edb, 1, 0 [(0 [0xC004F014, 0, 0], [(?)(?)(?)(?)(?)(?)(?)(?)])(1 )(2 )(3 )]\n6: 1a9a717a-cf13-4ba5-83c3-0fe25fa868d5, 1, 0 [(0 [0xC004F014, 0, 0], [(?)(?)(?)(?)(?)(?)(?)(?)])(1 )(2 )(3 )]\n7: 221a02da-e2a1-4b75-864c-0a4410a33fdf, 1, 0 [(0 [0xC004F014, 0, 0], [(?)(?)(?)(?)(?)(?)(?)(?)])(1 )(2 )(3 )]\n8: 265f3fad-6a1c-4bdd-ae30-c75efa556ccb, 1, 0 [(0 [0xC004F014, 0, 0], [(?)(?)(?)(?)(?)(?)(?)(?)])(1 )(2 )(3 )]\n9: 291ece0e-9c38-40ca-a9e1-32cc7ec19507, 1, 0 [(0 [0xC004F014, 0, 0], [(?)(?)(?)(?)(?)(?)(?)(?)])(1 )(2 )(3 )]\n10: 2936d1d2-913a-4542-b54e-ce5a602a2a38, 1, 0 [(0 [0xC004F014, 0, 0], [(?)(?)(?)(?)(?)(?)(?)(?)])(1 )(2 )(3 )]\n11: 2c293c26-a45a-4a2a-a350-c69a67097529, 1, 0 [(0 [0xC004F014, 0, 0], [(?)(?)(?)(?)(?)(?)(?)(?)])(1 )(2 )(3 )]\n12: 2de67392-b7a7-462a-b1ca-108dd189f588, 1, 0 [(0 [0xC004F014, 0, 0], [(?)(?)(?)(?)(?)(?)(?)(?)])(1 )(2 )(3 )]\n13: 2ffd8952-423e-4903-b993-72a1aa44cf82, 1, 0 [(0 [0xC004F014, 0, 0], [(?)(?)(?)(?)(?)(?)(?)(?)])(1 )(2 )(3 )]\n14: 30a42c86-b7a0-4a34-8c90-ff177cb2acb7, 1, 0 [(0 [0xC004F014, 0, 0], [(?)(?)(?)(?)(?)(?)(?)(?)])(1 )(2 )(3 )]\n15: 345a5db0-d94f-4e3b-a0c0-7c42f7bc3ebf, 1, 0 [(0 [0xC004F014, 0, 0], [(?)(?)(?)(?)(?)(?)(?)(?)])(1 )(2 )(3 )]\n16: 3502365a-f88a-4ba4-822a-5769d3073b65, 1, 0 [(0 [0xC004F014, 0, 0], [(?)(?)(?)(?)(?)(?)(?)(?)])(1 )(2 )(3 )]\n17: 377333b1-8b5d-48d6-9679-1225c872d37c, 1, 0 [(0 [0xC004F014, 0, 0], [(?)(?)(?)(?)(?)(?)(?)(?)])(1 )(2 )(3 )]\n18: 3df374ef-d444-4494-a5a1-4b0d9fd0e203, 1, 0 [(0 [0xC004F014, 0, 0], [(?)(?)(?)(?)(?)(?)(?)(?)])(1 )(2 )(3 )]\n19: 3ebce241-ea87-4946-8a4f-80d00e921dff, 1, 0 [(0 [0xC004F014, 0, 0], [(?)(?)(?)(?)(?)(?)(?)(?)])(1 )(2 )(3 )]\n20: 3f1afc82-f8ac-4f6c-8005-1d233e606eee, 1, 0 [(0 [0xC004F014, 0, 0], [(?)(?)(?)(?)(?)(?)(?)(?)])(1 )(2 )(3 )]\n21: 4322a811-697c-44dc-865e-3e2fdcb86009, 1, 0 [(0 [0xC004F014, 0, 0], [(?)(?)(?)(?)(?)(?)(?)(?)])(1 )(2 )(3 )]\n22: 49cd895b-53b2-4dc4-a5f7-b18aa019ad37, 1, 0 [(0 [0xC004F014, 0, 0], [(?)(?)(?)(?)(?)(?)(?)(?)])(1 )(2 )(3 )]\n23: 4de7cb65-cdf1-4de9-8ae8-e3cce27b9f2c, 1, 1 [(0 )(1 )(2 [0xC004E003, 0, 0], [( 1 0xC004F034)( 1 0xC004F034)(?)(?)(?)(?)(?)(?)])(3 [0x00000000, 0, 0], [( 6 0xC004F009 0 0)( 1 0x00000000)( 6 0xC004F009 0 0)(?)(?)(?)( 10 0x00000000 msft:rm/algorithm/flags/1.0)( 11 0x00000000 0xC004F034)])]\n24: 4f3da0d2-271d-4508-ae81-626b60809a38, 1, 0 [(0 [0xC004F014, 0, 0], [(?)(?)(?)(?)(?)(?)(?)(?)])(1 )(2 )(3 )]\n25: 5d78c4e9-aeb3-4b40-8ac2-6a6005e0ad6d, 1, 0 [(0 [0xC004F014, 0, 0], [(?)(?)(?)(?)(?)(?)(?)(?)])(1 )(2 )(3 )]\n26: 60b3ec1b-9545-4921-821f-311b129dd6f6, 1, 0 [(0 [0xC004F014, 0, 0], [(?)(?)(?)(?)(?)(?)(?)(?)])(1 )(2 )(3 )]\n27: 613d217f-7f13-4268-9907-1662339531cd, 1, 0 [(0 [0xC004F014, 0, 0], [(?)(?)(?)(?)(?)(?)(?)(?)])(1 )(2 )(3 )]\n28: 62f0c100-9c53-4e02-b886-a3528ddfe7f6, 1, 0 [(0 [0xC004F014, 0, 0], [(?)(?)(?)(?)(?)(?)(?)(?)])(1 )(2 )(3 )]\n29: 6365275e-368d-46ca-a0ef-fc0404119333, 1, 0 [(0 [0xC004F014, 0, 0], [(?)(?)(?)(?)(?)(?)(?)(?)])(1 )(2 )(3 )]\n30: 721f9237-9341-4453-a661-09e8baa6cca5, 1, 0 [(0 [0xC004F014, 0, 0], [(?)(?)(?)(?)(?)(?)(?)(?)])(1 )(2 )(3 )]\n31: 73111121-5638-40f6-bc11-f1d7b0d64300, 1, 0 [(0 [0xC004F014, 0, 0], [(?)(?)(?)(?)(?)(?)(?)(?)])(1 )(2 )(3 )]\n32: 7a802526-4c94-4bd1-ba14-835a1aca2120, 1, 0 [(0 [0xC004F014, 0, 0], [(?)(?)(?)(?)(?)(?)(?)(?)])(1 )(2 )(3 )]\n33: 7cb546c0-c7d5-44d8-9a5c-69ecdd782b69, 1, 0 [(0 [0xC004F014, 0, 0], [(?)(?)(?)(?)(?)(?)(?)(?)])(1 )(2 )(3 )]\n34: 80083eae-7031-4394-9e88-4901973d56fe, 1, 0 [(0 [0xC004F014, 0, 0], [(?)(?)(?)(?)(?)(?)(?)(?)])(1 )(2 )(3 )]\n35: 82bbc092-bc50-4e16-8e18-b74fc486aec3, 1, 0 [(0 [0xC004F014, 0, 0], [(?)(?)(?)(?)(?)(?)(?)(?)])(1 )(2 )(3 )]\n36: 8ab9bdd1-1f67-4997-82d9-8878520837d9, 1, 0 [(0 [0xC004F014, 0, 0], [(?)(?)(?)(?)(?)(?)(?)(?)])(1 )(2 )(3 )]\n37: 8b351c9c-f398-4515-9900-09df49427262, 1, 0 [(0 [0xC004F014, 0, 0], [(?)(?)(?)(?)(?)(?)(?)(?)])(1 )(2 )(3 )]\n38: 90da7373-1c51-430b-bf26-c97e9c5cdc31, 1, 0 [(0 [0xC004F014, 0, 0], [(?)(?)(?)(?)(?)(?)(?)(?)])(1 )(2 )(3 )]\n39: 92fb8726-92a8-4ffc-94ce-f82e07444653, 1, 0 [(0 [0xC004F014, 0, 0], [(?)(?)(?)(?)(?)(?)(?)(?)])(1 )(2 )(3 )]\n40: 95dca82f-385d-4d39-b85b-5c73fa285d6f, 1, 0 [(0 [0xC004F014, 0, 0], [(?)(?)(?)(?)(?)(?)(?)(?)])(1 )(2 )(3 )]\n41: 97cde3ae-e908-4b59-ac96-a17645c5b57e, 1, 0 [(0 [0xC004F014, 0, 0], [(?)(?)(?)(?)(?)(?)(?)(?)])(1 )(2 )(3 )]\n42: a48938aa-62fa-4966-9d44-9f04da3f72f2, 1, 0 [(0 [0xC004F014, 0, 0], [(?)(?)(?)(?)(?)(?)(?)(?)])(1 )(2 )(3 )]\n43: b0773a15-df3a-4312-9ad2-83d69648e356, 1, 0 [(0 [0xC004F014, 0, 0], [(?)(?)(?)(?)(?)(?)(?)(?)])(1 )(2 )(3 )]\n44: b4bfe195-541e-4e64-ad23-6177f19e395e, 1, 0 [(0 [0xC004F014, 0, 0], [(?)(?)(?)(?)(?)(?)(?)(?)])(1 )(2 )(3 )]\n45: b68e61d2-68ca-4757-be45-0cc2f3e68eee, 1, 0 [(0 [0xC004F014, 0, 0], [(?)(?)(?)(?)(?)(?)(?)(?)])(1 )(2 )(3 )]\n46: bd3762d7-270d-4760-8fb3-d829ca45278a, 1, 0 [(0 [0xC004F014, 0, 0], [(?)(?)(?)(?)(?)(?)(?)(?)])(1 )(2 )(3 )]\n47: c86d5194-4840-4dae-9c1c-0301003a5ab0, 1, 0 [(0 [0xC004F014, 0, 0], [(?)(?)(?)(?)(?)(?)(?)(?)])(1 )(2 )(3 )]\n48: ca7df2e3-5ea0-47b8-9ac1-b1be4d8edd69, 1, 0 [(0 [0xC004F014, 0, 0], [(?)(?)(?)(?)(?)(?)(?)(?)])(1 )(2 )(3 )]\n49: d552befb-48cc-4327-8f39-47d2d94f987c, 1, 0 [(0 [0xC004F014, 0, 0], [(?)(?)(?)(?)(?)(?)(?)(?)])(1 )(2 )(3 )]\n50: d6eadb3b-5ca8-4a6b-986e-35b550756111, 1, 0 [(0 [0xC004F014, 0, 0], [(?)(?)(?)(?)(?)(?)(?)(?)])(1 )(2 )(3 )]\n51: df96023b-dcd9-4be2-afa0-c6c871159ebe, 1, 0 [(0 [0xC004F014, 0, 0], [(?)(?)(?)(?)(?)(?)(?)(?)])(1 )(2 )(3 )]\n52: e0c42288-980c-4788-a014-c080d2e1926e, 1, 0 [(0 [0xC004F014, 0, 0], [(?)(?)(?)(?)(?)(?)(?)(?)])(1 )(2 )(3 )]\n53: e4db50ea-bda1-4566-b047-0ca50abc6f07, 1, 0 [(0 [0xC004F014, 0, 0], [(?)(?)(?)(?)(?)(?)(?)(?)])(1 )(2 )(3 )]\n54: e558417a-5123-4f6f-91e7-385c1c7ca9d4, 1, 0 [(0 [0xC004F014, 0, 0], [(?)(?)(?)(?)(?)(?)(?)(?)])(1 )(2 )(3 )]\n55: e7a950a2-e548-4f10-bf16-02ec848e0643, 1, 0 [(0 [0xC004F014, 0, 0], [(?)(?)(?)(?)(?)(?)(?)(?)])(1 )(2 )(3 )]\n56: eb6d346f-1c60-4643-b960-40ec31596c45, 1, 0 [(0 [0xC004F014, 0, 0], [(?)(?)(?)(?)(?)(?)(?)(?)])(1 )(2 )(3 )]\n57: ec868e65-fadf-4759-b23e-93fe37f2cc29, 1, 0 [(0 [0xC004F014, 0, 0], [(?)(?)(?)(?)(?)(?)(?)(?)])(1 )(2 )(3 )]\n58: ef51e000-2659-4f25-8345-3de70a9cf4c4, 1, 0 [(0 [0xC004F014, 0, 0], [(?)(?)(?)(?)(?)(?)(?)(?)])(1 )(2 )(3 )]\n59: f7af7d09-40e4-419c-a49b-eae366689ebd, 1, 0 [(0 [0xC004F014, 0, 0], [(?)(?)(?)(?)(?)(?)(?)(?)])(1 )(2 )(3 )]\n60: fa755fe6-6739-40b9-8d84-6d0ea3b6d1ab, 1, 0 [(0 [0xC004F014, 0, 0], [(?)(?)(?)(?)(?)(?)(?)(?)])(1 )(2 )(3 )]\n61: fe74f55b-0338-41d6-b267-4a201abe7285, 1, 0 [(0 [0xC004F014, 0, 0], [(?)(?)(?)(?)(?)(?)(?)(?)])(1 )(2 )(3 )]\n\n"
            ],
            "InstanceId": 1073742827,
            "TimeGenerated": "/Date(1721838206000)/",
            "TimeWritten": "/Date(1721838206000)/",
            "UserName": null,
            "Site": null,
            "Container": null
        },
        {
            "EventID": 1066,
            "MachineName": "DESKTOP-U22SSQ0",
            "Data": [],
            "Index": 627,
            "Category": "(0)",
            "CategoryNumber": 0,
            "EntryType": 4,
            "Message": "Initialization status for service objects.\r\nC:\\Windows\\system32\\sppwinob.dll, msft:spp/windowsfunctionality/agent/7.0, 0x00000000, 0x00000000\nC:\\Windows\\system32\\sppobjs.dll, msft:rm/algorithm/inherited/1.0, 0x00000000, 0x00000000\nC:\\Windows\\system32\\sppobjs.dll, msft:rm/algorithm/phone/1.0, 0x00000000, 0x00000000\nC:\\Windows\\system32\\sppobjs.dll, msft:rm/algorithm/pkey/detect, 0x00000000, 0x00000000\nC:\\Windows\\system32\\sppobjs.dll, msft:spp/ActionScheduler/1.0, 0x00000000, 0x00000000\nC:\\Windows\\system32\\sppobjs.dll, msft:spp/TaskScheduler/1.0, 0x00000000, 0x00000000\nC:\\Windows\\system32\\sppobjs.dll, msft:spp/statecollector/pkey, 0x00000000, 0x00000000\nC:\\Windows\\system32\\sppobjs.dll, msft:spp/volume/services/kms/1.0, 0x00000000, 0x00000000\nC:\\Windows\\system32\\sppobjs.dll, msft:spp/volume/services/kms/activationinfo/1.0, 0x00000000, 0x00000000\n",
            "Source": "Software Protection Platform Service",
            "ReplacementStrings": [
                "C:\\Windows\\system32\\sppwinob.dll, msft:spp/windowsfunctionality/agent/7.0, 0x00000000, 0x00000000\nC:\\Windows\\system32\\sppobjs.dll, msft:rm/algorithm/inherited/1.0, 0x00000000, 0x00000000\nC:\\Windows\\system32\\sppobjs.dll, msft:rm/algorithm/phone/1.0, 0x00000000, 0x00000000\nC:\\Windows\\system32\\sppobjs.dll, msft:rm/algorithm/pkey/detect, 0x00000000, 0x00000000\nC:\\Windows\\system32\\sppobjs.dll, msft:spp/ActionScheduler/1.0, 0x00000000, 0x00000000\nC:\\Windows\\system32\\sppobjs.dll, msft:spp/TaskScheduler/1.0, 0x00000000, 0x00000000\nC:\\Windows\\system32\\sppobjs.dll, msft:spp/statecollector/pkey, 0x00000000, 0x00000000\nC:\\Windows\\system32\\sppobjs.dll, msft:spp/volume/services/kms/1.0, 0x00000000, 0x00000000\nC:\\Windows\\system32\\sppobjs.dll, msft:spp/volume/services/kms/activationinfo/1.0, 0x00000000, 0x00000000\n"
            ],
            "InstanceId": 1073742890,
            "TimeGenerated": "/Date(1721838206000)/",
            "TimeWritten": "/Date(1721838206000)/",
            "UserName": null,
            "Site": null,
            "Container": null
        },
        {
            "EventID": 16394,
            "MachineName": "DESKTOP-U22SSQ0",
            "Data": [],
            "Index": 626,
            "Category": "(0)",
            "CategoryNumber": 0,
            "EntryType": 4,
            "Message": "Offline downlevel migration succeeded.",
            "Source": "Software Protection Platform Service",
            "ReplacementStrings": [],
            "InstanceId": 3221241866,
            "TimeGenerated": "/Date(1721838206000)/",
            "TimeWritten": "/Date(1721838206000)/",
            "UserName": null,
            "Site": null,
            "Container": null
        },
        {
            "EventID": 900,
            "MachineName": "DESKTOP-U22SSQ0",
            "Data": [],
            "Index": 625,
            "Category": "(0)",
            "CategoryNumber": 0,
            "EntryType": 4,
            "Message": "The Software Protection service is starting.\r\nParameters:TriggerStarted:6",
            "Source": "Software Protection Platform Service",
            "ReplacementStrings": [
                "TriggerStarted:6"
            ],
            "InstanceId": 1073742724,
            "TimeGenerated": "/Date(1721838206000)/",
            "TimeWritten": "/Date(1721838206000)/",
            "UserName": null,
            "Site": null,
            "Container": null
        },
        {
            "EventID": 5617,
            "MachineName": "DESKTOP-U22SSQ0",
            "Data": [],
            "Index": 624,
            "Category": "(0)",
            "CategoryNumber": 0,
            "EntryType": 4,
            "Message": "Windows Management Instrumentation Service subsystems initialized successfully",
            "Source": "Microsoft-Windows-WMI",
            "ReplacementStrings": [],
            "InstanceId": 5617,
            "TimeGenerated": "/Date(1721838205000)/",
            "TimeWritten": "/Date(1721838205000)/",
            "UserName": "NT AUTHORITY\\SYSTEM",
            "Site": null,
            "Container": null
        },
        {
            "EventID": 5615,
            "MachineName": "DESKTOP-U22SSQ0",
            "Data": [],
            "Index": 623,
            "Category": "(0)",
            "CategoryNumber": 0,
            "EntryType": 4,
            "Message": "Windows Management Instrumentation Service started sucessfully",
            "Source": "Microsoft-Windows-WMI",
            "ReplacementStrings": [],
            "InstanceId": 5615,
            "TimeGenerated": "/Date(1721838202000)/",
            "TimeWritten": "/Date(1721838202000)/",
            "UserName": "NT AUTHORITY\\SYSTEM",
            "Site": null,
            "Container": null
        },
        {
            "EventID": 1531,
            "MachineName": "DESKTOP-U22SSQ0",
            "Data": [],
            "Index": 622,
            "Category": "(0)",
            "CategoryNumber": 0,
            "EntryType": 4,
            "Message": "The User Profile Service has started successfully.  \r\n\r\n",
            "Source": "Microsoft-Windows-User Profiles Service",
            "ReplacementStrings": [],
            "InstanceId": 1531,
            "TimeGenerated": "/Date(1721838198000)/",
            "TimeWritten": "/Date(1721838198000)/",
            "UserName": "NT AUTHORITY\\SYSTEM",
            "Site": null,
            "Container": null
        },
        {
            "EventID": 16384,
            "MachineName": "DESKTOP-U22SSQ0",
            "Data": [],
            "Index": 621,
            "Category": "(0)",
            "CategoryNumber": 0,
            "EntryType": 4,
            "Message": "Successfully scheduled Software Protection service for re-start at 2024-07-24T21:49:06Z. Reason: RulesEngine.",
            "Source": "Software Protection Platform Service",
            "ReplacementStrings": [
                "2024-07-24T21:49:06Z",
                "RulesEngine"
            ],
            "InstanceId": 1073758208,
            "TimeGenerated": "/Date(1721779086000)/",
            "TimeWritten": "/Date(1721779086000)/",
            "UserName": null,
            "Site": null,
            "Container": null
        },
        {
            "EventID": 16394,
            "MachineName": "DESKTOP-U22SSQ0",
            "Data": [],
            "Index": 620,
            "Category": "(0)",
            "CategoryNumber": 0,
            "EntryType": 4,
            "Message": "Offline downlevel migration succeeded.",
            "Source": "Software Protection Platform Service",
            "ReplacementStrings": [],
            "InstanceId": 3221241866,
            "TimeGenerated": "/Date(1721779054000)/",
            "TimeWritten": "/Date(1721779054000)/",
            "UserName": null,
            "Site": null,
            "Container": null
        },
        {
            "EventID": 16384,
            "MachineName": "DESKTOP-U22SSQ0",
            "Data": [],
            "Index": 619,
            "Category": "(0)",
            "CategoryNumber": 0,
            "EntryType": 4,
            "Message": "Successfully scheduled Software Protection service for re-start at 2024-07-24T21:49:52Z. Reason: RulesEngine.",
            "Source": "Software Protection Platform Service",
            "ReplacementStrings": [
                "2024-07-24T21:49:52Z",
                "RulesEngine"
            ],
            "InstanceId": 1073758208,
            "TimeGenerated": "/Date(1721778892000)/",
            "TimeWritten": "/Date(1721778892000)/",
            "UserName": null,
            "Site": null,
            "Container": null
        },
        {
            "EventID": 16394,
            "MachineName": "DESKTOP-U22SSQ0",
            "Data": [],
            "Index": 618,
            "Category": "(0)",
            "CategoryNumber": 0,
            "EntryType": 4,
            "Message": "Offline downlevel migration succeeded.",
            "Source": "Software Protection Platform Service",
            "ReplacementStrings": [],
            "InstanceId": 3221241866,
            "TimeGenerated": "/Date(1721778854000)/",
            "TimeWritten": "/Date(1721778854000)/",
            "UserName": null,
            "Site": null,
            "Container": null
        },
        {
            "EventID": 16384,
            "MachineName": "DESKTOP-U22SSQ0",
            "Data": [],
            "Index": 617,
            "Category": "(0)",
            "CategoryNumber": 0,
            "EntryType": 4,
            "Message": "Successfully scheduled Software Protection service for re-start at 2024-07-24T21:49:46Z. Reason: RulesEngine.",
            "Source": "Software Protection Platform Service",
            "ReplacementStrings": [
                "2024-07-24T21:49:46Z",
                "RulesEngine"
            ],
            "InstanceId": 1073758208,
            "TimeGenerated": "/Date(1721778346000)/",
            "TimeWritten": "/Date(1721778346000)/",
            "UserName": null,
            "Site": null,
            "Container": null
        },
        {
            "EventID": 16394,
            "MachineName": "DESKTOP-U22SSQ0",
            "Data": [],
            "Index": 616,
            "Category": "(0)",
            "CategoryNumber": 0,
            "EntryType": 4,
            "Message": "Offline downlevel migration succeeded.",
            "Source": "Software Protection Platform Service",
            "ReplacementStrings": [],
            "InstanceId": 3221241866,
            "TimeGenerated": "/Date(1721778316000)/",
            "TimeWritten": "/Date(1721778316000)/",
            "UserName": null,
            "Site": null,
            "Container": null
        },
        {
            "EventID": 8224,
            "MachineName": "DESKTOP-U22SSQ0",
            "Data": [
                45,
                32,
                67,
                111,
                100,
                101,
                58,
                32,
                32,
                67,
                79,
                82,
                83,
                86,
                67,
                67,
                48,
                48,
                48,
                48,
                48,
                55,
                55,
                50,
                45,
                32,
                67,
                97,
                108,
                108,
                58,
                32,
                32,
                67,
                79,
                82,
                83,
                86,
                67,
                67,
                48,
                48,
                48,
                48,
                48,
                55,
                53,
                52,
                45,
                32,
                80,
                73,
                68,
                58,
                32,
                32,
                48,
                48,
                48,
                49,
                48,
                48,
                55,
                54,
                45,
                32,
                84,
                73,
                68,
                58,
                32,
                32,
                48,
                48,
                48,
                48,
                53,
                54,
                54,
                52,
                45,
                32,
                67,
                77,
                68,
                58,
                32,
                32,
                67,
                58,
                92,
                87,
                105,
                110,
                100,
                111,
                119,
                115,
                92,
                115,
                121,
                115,
                116,
                101,
                109,
                51,
                50,
                92,
                118,
                115,
                115,
                118,
                99,
                46,
                101,
                120,
                101,
                32,
                32,
                32,
                45,
                32,
                85,
                115,
                101,
                114,
                58,
                32,
                78,
                97,
                109,
                101,
                58,
                32,
                78,
                84,
                32,
                65,
                85,
                84,
                72,
                79,
                82,
                73,
                84,
                89,
                92,
                83,
                89,
                83,
                84,
                69,
                77,
                44,
                32,
                83,
                73,
                68,
                58,
                83,
                45,
                49,
                45,
                53,
                45,
                49,
                56,
                32
            ],
            "Index": 615,
            "Category": "(0)",
            "CategoryNumber": 0,
            "EntryType": 4,
            "Message": "The VSS service is shutting down due to idle timeout.\r\n",
            "Source": "VSS",
            "ReplacementStrings": [
                ""
            ],
            "InstanceId": 8224,
            "TimeGenerated": "/Date(1721775282000)/",
            "TimeWritten": "/Date(1721775282000)/",
            "UserName": null,
            "Site": null,
            "Container": null
        },
        {
            "EventID": 16384,
            "MachineName": "DESKTOP-U22SSQ0",
            "Data": [],
            "Index": 614,
            "Category": "(0)",
            "CategoryNumber": 0,
            "EntryType": 4,
            "Message": "Successfully scheduled Software Protection service for re-start at 2024-07-24T21:49:15Z. Reason: RulesEngine.",
            "Source": "Software Protection Platform Service",
            "ReplacementStrings": [
                "2024-07-24T21:49:15Z",
                "RulesEngine"
            ],
            "InstanceId": 1073758208,
            "TimeGenerated": "/Date(1721774775000)/",
            "TimeWritten": "/Date(1721774775000)/",
            "UserName": null,
            "Site": null,
            "Container": null
        },
        {
            "EventID": 16394,
            "MachineName": "DESKTOP-U22SSQ0",
            "Data": [],
            "Index": 613,
            "Category": "(0)",
            "CategoryNumber": 0,
            "EntryType": 4,
            "Message": "Offline downlevel migration succeeded.",
            "Source": "Software Protection Platform Service",
            "ReplacementStrings": [],
            "InstanceId": 3221241866,
            "TimeGenerated": "/Date(1721774744000)/",
            "TimeWritten": "/Date(1721774744000)/",
            "UserName": null,
            "Site": null,
            "Container": null
        },
        {
            "EventID": 16384,
            "MachineName": "DESKTOP-U22SSQ0",
            "Data": [],
            "Index": 612,
            "Category": "(0)",
            "CategoryNumber": 0,
            "EntryType": 4,
            "Message": "Successfully scheduled Software Protection service for re-start at 2024-07-24T21:49:23Z. Reason: RulesEngine.",
            "Source": "Software Protection Platform Service",
            "ReplacementStrings": [
                "2024-07-24T21:49:23Z",
                "RulesEngine"
            ],
            "InstanceId": 1073758208,
            "TimeGenerated": "/Date(1721772383000)/",
            "TimeWritten": "/Date(1721772383000)/",
            "UserName": null,
            "Site": null,
            "Container": null
        },
        {
            "EventID": 16394,
            "MachineName": "DESKTOP-U22SSQ0",
            "Data": [],
            "Index": 611,
            "Category": "(0)",
            "CategoryNumber": 0,
            "EntryType": 4,
            "Message": "Offline downlevel migration succeeded.",
            "Source": "Software Protection Platform Service",
            "ReplacementStrings": [],
            "InstanceId": 3221241866,
            "TimeGenerated": "/Date(1721772353000)/",
            "TimeWritten": "/Date(1721772353000)/",
            "UserName": null,
            "Site": null,
            "Container": null
        },
        {
            "EventID": 16384,
            "MachineName": "DESKTOP-U22SSQ0",
            "Data": [],
            "Index": 610,
            "Category": "(0)",
            "CategoryNumber": 0,
            "EntryType": 4,
            "Message": "Successfully scheduled Software Protection service for re-start at 2024-07-24T21:49:38Z. Reason: RulesEngine.",
            "Source": "Software Protection Platform Service",
            "ReplacementStrings": [
                "2024-07-24T21:49:38Z",
                "RulesEngine"
            ],
            "InstanceId": 1073758208,
            "TimeGenerated": "/Date(1721771858000)/",
            "TimeWritten": "/Date(1721771858000)/",
            "UserName": null,
            "Site": null,
            "Container": null
        },
        {
            "EventID": 16394,
            "MachineName": "DESKTOP-U22SSQ0",
            "Data": [],
            "Index": 609,
            "Category": "(0)",
            "CategoryNumber": 0,
            "EntryType": 4,
            "Message": "Offline downlevel migration succeeded.",
            "Source": "Software Protection Platform Service",
            "ReplacementStrings": [],
            "InstanceId": 3221241866,
            "TimeGenerated": "/Date(1721771828000)/",
            "TimeWritten": "/Date(1721771828000)/",
            "UserName": null,
            "Site": null,
            "Container": null
        },
        {
            "EventID": 16384,
            "MachineName": "DESKTOP-U22SSQ0",
            "Data": [],
            "Index": 608,
            "Category": "(0)",
            "CategoryNumber": 0,
            "EntryType": 4,
            "Message": "Successfully scheduled Software Protection service for re-start at 2024-07-24T21:49:13Z. Reason: RulesEngine.",
            "Source": "Software Protection Platform Service",
            "ReplacementStrings": [
                "2024-07-24T21:49:13Z",
                "RulesEngine"
            ],
            "InstanceId": 1073758208,
            "TimeGenerated": "/Date(1721771533000)/",
            "TimeWritten": "/Date(1721771533000)/",
            "UserName": null,
            "Site": null,
            "Container": null
        },
        {
            "EventID": 15,
            "MachineName": "DESKTOP-U22SSQ0",
            "Data": [],
            "Index": 607,
            "Category": "(0)",
            "CategoryNumber": 0,
            "EntryType": 4,
            "Message": "Updated Windows Defender status successfully to SECURITY_PRODUCT_STATE_ON.",
            "Source": "SecurityCenter",
            "ReplacementStrings": [
                "Windows Defender",
                "SECURITY_PRODUCT_STATE_ON"
            ],
            "InstanceId": 15,
            "TimeGenerated": "/Date(1721771504000)/",
            "TimeWritten": "/Date(1721771504000)/",
            "UserName": null,
            "Site": null,
            "Container": null
        },
        {
            "EventID": 1,
            "MachineName": "DESKTOP-U22SSQ0",
            "Data": [],
            "Index": 606,
            "Category": "(0)",
            "CategoryNumber": 0,
            "EntryType": 4,
            "Message": "The Windows Security Center Service has started.",
            "Source": "SecurityCenter",
            "ReplacementStrings": [],
            "InstanceId": 1,
            "TimeGenerated": "/Date(1721771502000)/",
            "TimeWritten": "/Date(1721771502000)/",
            "UserName": null,
            "Site": null,
            "Container": null
        },
        {
            "EventID": 16394,
            "MachineName": "DESKTOP-U22SSQ0",
            "Data": [],
            "Index": 605,
            "Category": "(0)",
            "CategoryNumber": 0,
            "EntryType": 4,
            "Message": "Offline downlevel migration succeeded.",
            "Source": "Software Protection Platform Service",
            "ReplacementStrings": [],
            "InstanceId": 3221241866,
            "TimeGenerated": "/Date(1721771501000)/",
            "TimeWritten": "/Date(1721771501000)/",
            "UserName": null,
            "Site": null,
            "Container": null
        },
        {
            "EventID": 900,
            "MachineName": "DESKTOP-U22SSQ0",
            "Data": [],
            "Index": 604,
            "Category": "(0)",
            "CategoryNumber": 0,
            "EntryType": 4,
            "Message": "The Software Protection service is starting.\r\nParameters:<explicit>",
            "Source": "Software Protection Platform Service",
            "ReplacementStrings": [
                "<explicit>"
            ],
            "InstanceId": 1073742724,
            "TimeGenerated": "/Date(1721771501000)/",
            "TimeWritten": "/Date(1721771501000)/",
            "UserName": null,
            "Site": null,
            "Container": null
        },
        {
            "EventID": 0,
            "MachineName": "DESKTOP-U22SSQ0",
            "Data": [],
            "Index": 603,
            "Category": "(0)",
            "CategoryNumber": 0,
            "EntryType": 4,
            "Message": "Service stopped.",
            "Source": "edgeupdate",
            "ReplacementStrings": [
                "Service stopped"
            ],
            "InstanceId": 0,
            "TimeGenerated": "/Date(1721771501000)/",
            "TimeWritten": "/Date(1721771501000)/",
            "UserName": null,
            "Site": null,
            "Container": null
        },
        {
            "EventID": 903,
            "MachineName": "DESKTOP-U22SSQ0",
            "Data": [],
            "Index": 602,
            "Category": "(0)",
            "CategoryNumber": 0,
            "EntryType": 0,
            "Message": "The Software Protection service has stopped.\r\n",
            "Source": "Software Protection Platform Service",
            "ReplacementStrings": [],
            "InstanceId": 1073742727,
            "TimeGenerated": "/Date(1721771431000)/",
            "TimeWritten": "/Date(1721771431000)/",
            "UserName": null,
            "Site": null,
            "Container": null
        },
        {
            "EventID": 16384,
            "MachineName": "DESKTOP-U22SSQ0",
            "Data": [],
            "Index": 601,
            "Category": "(0)",
            "CategoryNumber": 0,
            "EntryType": 4,
            "Message": "Successfully scheduled Software Protection service for re-start at 2024-07-24T21:49:31Z. Reason: RulesEngine.",
            "Source": "Software Protection Platform Service",
            "ReplacementStrings": [
                "2024-07-24T21:49:31Z",
                "RulesEngine"
            ],
            "InstanceId": 1073758208,
            "TimeGenerated": "/Date(1721771431000)/",
            "TimeWritten": "/Date(1721771431000)/",
            "UserName": null,
            "Site": null,
            "Container": null
        },
        {
            "EventID": 1003,
            "MachineName": "DESKTOP-U22SSQ0",
            "Data": [],
            "Index": 600,
            "Category": "Search service",
            "CategoryNumber": 1,
            "EntryType": 4,
            "Message": "The Windows Search Service started.\n",
            "Source": "Windows Search Service",
            "ReplacementStrings": [
                "\n"
            ],
            "InstanceId": 1073742827,
            "TimeGenerated": "/Date(1721771404000)/",
            "TimeWritten": "/Date(1721771404000)/",
            "UserName": null,
            "Site": null,
            "Container": null
        },
        {
            "EventID": 8198,
            "MachineName": "DESKTOP-U22SSQ0",
            "Data": [],
            "Index": 599,
            "Category": "(0)",
            "CategoryNumber": 0,
            "EntryType": 1,
            "Message": "License Activation (slui.exe) failed with the following error code:\r\nhr=0x80004005\r\nCommand-line arguments:\r\nRuleId=31e71c49-8da7-4a2f-ad92-45d98a1c79ba;Action=AutoActivate;AppId=55c92734-d682-4d71-983e-d6ec3f16059f;SkuId=4de7cb65-cdf1-4de9-8ae8-e3cce27b9f2c;NotificationInterval=1440;Trigger=UserLogon;SessionId=1",
            "Source": "Software Protection Platform Service",
            "ReplacementStrings": [
                "hr=0x80004005",
                "RuleId=31e71c49-8da7-4a2f-ad92-45d98a1c79ba;Action=AutoActivate;AppId=55c92734-d682-4d71-983e-d6ec3f16059f;SkuId=4de7cb65-cdf1-4de9-8ae8-e3cce27b9f2c;NotificationInterval=1440;Trigger=UserLogon;SessionId=1"
            ],
            "InstanceId": 3221233670,
            "TimeGenerated": "/Date(1721771395000)/",
            "TimeWritten": "/Date(1721771395000)/",
            "UserName": null,
            "Site": null,
            "Container": null
        },
