        {
            "EventID": 1066,
            "MachineName": "DESKTOP-U22SSQ0",
            "Data": [],
            "Index": 476,
            "Category": "(0)",
            "CategoryNumber": 0,
            "EntryType": 4,
            "Message": "Initialization status for service objects.\r\nC:\\Windows\\system32\\sppwinob.dll, msft:spp/windowsfunctionality/agent/7.0, 0x00000000, 0x00000000\nC:\\Windows\\system32\\sppobjs.dll, msft:rm/algorithm/inherited/1.0, 0x00000000, 0x00000000\nC:\\Windows\\system32\\sppobjs.dll, msft:rm/algorithm/phone/1.0, 0x00000000, 0x00000000\nC:\\Windows\\system32\\sppobjs.dll, msft:rm/algorithm/pkey/detect, 0x00000000, 0x00000000\nC:\\Windows\\system32\\sppobjs.dll, msft:spp/ActionScheduler/1.0, 0x00000000, 0x00000000\nC:\\Windows\\system32\\sppobjs.dll, msft:spp/TaskScheduler/1.0, 0x00000000, 0x00000000\nC:\\Windows\\system32\\sppobjs.dll, msft:spp/statecollector/pkey, 0x00000000, 0x00000000\nC:\\Windows\\system32\\sppobjs.dll, msft:spp/volume/services/kms/1.0, 0x00000000, 0x00000000\nC:\\Windows\\system32\\sppobjs.dll, msft:spp/volume/services/kms/activationinfo/1.0, 0x00000000, 0x00000000\n",
            "Source": "Software Protection Platform Service",
            "ReplacementStrings": [
                "C:\\Windows\\system32\\sppwinob.dll, msft:spp/windowsfunctionality/agent/7.0, 0x00000000, 0x00000000\nC:\\Windows\\system32\\sppobjs.dll, msft:rm/algorithm/inherited/1.0, 0x00000000, 0x00000000\nC:\\Windows\\system32\\sppobjs.dll, msft:rm/algorithm/phone/1.0, 0x00000000, 0x00000000\nC:\\Windows\\system32\\sppobjs.dll, msft:rm/algorithm/pkey/detect, 0x00000000, 0x00000000\nC:\\Windows\\system32\\sppobjs.dll, msft:spp/ActionScheduler/1.0, 0x00000000, 0x00000000\nC:\\Windows\\system32\\sppobjs.dll, msft:spp/TaskScheduler/1.0, 0x00000000, 0x00000000\nC:\\Windows\\system32\\sppobjs.dll, msft:spp/statecollector/pkey, 0x00000000, 0x00000000\nC:\\Windows\\system32\\sppobjs.dll, msft:spp/volume/services/kms/1.0, 0x00000000, 0x00000000\nC:\\Windows\\system32\\sppobjs.dll, msft:spp/volume/services/kms/activationinfo/1.0, 0x00000000, 0x00000000\n"
            ],
            "InstanceId": 1073742890,
            "TimeGenerated": "/Date(1721716960000)/",
            "TimeWritten": "/Date(1721716960000)/",
            "UserName": null,
            "Site": null,
            "Container": null
        },
        {
            "EventID": 16394,
            "MachineName": "DESKTOP-U22SSQ0",
            "Data": [],
            "Index": 475,
            "Category": "(0)",
            "CategoryNumber": 0,
            "EntryType": 4,
            "Message": "Offline downlevel migration succeeded.",
            "Source": "Software Protection Platform Service",
            "ReplacementStrings": [],
            "InstanceId": 3221241866,
            "TimeGenerated": "/Date(1721716960000)/",
            "TimeWritten": "/Date(1721716960000)/",
            "UserName": null,
            "Site": null,
            "Container": null
        },
        {
            "EventID": 900,
            "MachineName": "DESKTOP-U22SSQ0",
            "Data": [],
            "Index": 474,
            "Category": "(0)",
            "CategoryNumber": 0,
            "EntryType": 4,
            "Message": "The Software Protection service is starting.\r\nParameters:TriggerStarted:6",
            "Source": "Software Protection Platform Service",
            "ReplacementStrings": [
                "TriggerStarted:6"
            ],
            "InstanceId": 1073742724,
            "TimeGenerated": "/Date(1721716959000)/",
            "TimeWritten": "/Date(1721716959000)/",
            "UserName": null,
            "Site": null,
            "Container": null
        },
        {
            "EventID": 5617,
            "MachineName": "DESKTOP-U22SSQ0",
            "Data": [],
            "Index": 473,
            "Category": "(0)",
            "CategoryNumber": 0,
            "EntryType": 4,
            "Message": "Windows Management Instrumentation Service subsystems initialized successfully",
            "Source": "Microsoft-Windows-WMI",
            "ReplacementStrings": [],
            "InstanceId": 5617,
            "TimeGenerated": "/Date(1721716958000)/",
            "TimeWritten": "/Date(1721716958000)/",
            "UserName": "NT AUTHORITY\\SYSTEM",
            "Site": null,
            "Container": null
        },
        {
            "EventID": 5615,
            "MachineName": "DESKTOP-U22SSQ0",
            "Data": [],
            "Index": 472,
            "Category": "(0)",
            "CategoryNumber": 0,
            "EntryType": 4,
            "Message": "Windows Management Instrumentation Service started sucessfully",
            "Source": "Microsoft-Windows-WMI",
            "ReplacementStrings": [],
            "InstanceId": 5615,
            "TimeGenerated": "/Date(1721716954000)/",
            "TimeWritten": "/Date(1721716954000)/",
            "UserName": "NT AUTHORITY\\SYSTEM",
            "Site": null,
            "Container": null
        },
        {
            "EventID": 1531,
            "MachineName": "DESKTOP-U22SSQ0",
            "Data": [],
            "Index": 471,
            "Category": "(0)",
            "CategoryNumber": 0,
            "EntryType": 4,
            "Message": "The User Profile Service has started successfully.  \r\n\r\n",
            "Source": "Microsoft-Windows-User Profiles Service",
            "ReplacementStrings": [],
            "InstanceId": 1531,
            "TimeGenerated": "/Date(1721716950000)/",
            "TimeWritten": "/Date(1721716950000)/",
            "UserName": "NT AUTHORITY\\SYSTEM",
            "Site": null,
            "Container": null
        },
        {
            "EventID": 16384,
            "MachineName": "DESKTOP-U22SSQ0",
            "Data": [],
            "Index": 470,
            "Category": "(0)",
            "CategoryNumber": 0,
            "EntryType": 4,
            "Message": "Successfully scheduled Software Protection service for re-start at 2024-07-24T04:46:28Z. Reason: RulesEngine.",
            "Source": "Software Protection Platform Service",
            "ReplacementStrings": [
                "2024-07-24T04:46:28Z",
                "RulesEngine"
            ],
            "InstanceId": 1073758208,
            "TimeGenerated": "/Date(1721714608000)/",
            "TimeWritten": "/Date(1721714608000)/",
            "UserName": null,
            "Site": null,
            "Container": null
        },
        {
            "EventID": 16394,
            "MachineName": "DESKTOP-U22SSQ0",
            "Data": [],
            "Index": 469,
            "Category": "(0)",
            "CategoryNumber": 0,
            "EntryType": 4,
            "Message": "Offline downlevel migration succeeded.",
            "Source": "Software Protection Platform Service",
            "ReplacementStrings": [],
            "InstanceId": 3221241866,
            "TimeGenerated": "/Date(1721714577000)/",
            "TimeWritten": "/Date(1721714577000)/",
            "UserName": null,
            "Site": null,
            "Container": null
        },
        {
            "EventID": 8224,
            "MachineName": "DESKTOP-U22SSQ0",
            "Data": [
                45,
                32,
                67,
                111,
                100,
                101,
                58,
                32,
                32,
                67,
                79,
                82,
                83,
                86,
                67,
                67,
                48,
                48,
                48,
                48,
                48,
                55,
                55,
                50,
                45,
                32,
                67,
                97,
                108,
                108,
                58,
                32,
                32,
                67,
                79,
                82,
                83,
                86,
                67,
                67,
                48,
                48,
                48,
                48,
                48,
                55,
                53,
                52,
                45,
                32,
                80,
                73,
                68,
                58,
                32,
                32,
                48,
                48,
                48,
                49,
                48,
                54,
                55,
                50,
                45,
                32,
                84,
                73,
                68,
                58,
                32,
                32,
                48,
                48,
                48,
                48,
                56,
                55,
                49,
                50,
                45,
                32,
                67,
                77,
                68,
                58,
                32,
                32,
                67,
                58,
                92,
                87,
                105,
                110,
                100,
                111,
                119,
                115,
                92,
                115,
                121,
                115,
                116,
                101,
                109,
                51,
                50,
                92,
                118,
                115,
                115,
                118,
                99,
                46,
                101,
                120,
                101,
                32,
                32,
                32,
                45,
                32,
                85,
                115,
                101,
                114,
                58,
                32,
                78,
                97,
                109,
                101,
                58,
                32,
                78,
                84,
                32,
                65,
                85,
                84,
                72,
                79,
                82,
                73,
                84,
                89,
                92,
                83,
                89,
                83,
                84,
                69,
                77,
                44,
                32,
                83,
                73,
                68,
                58,
                83,
                45,
                49,
                45,
                53,
                45,
                49,
                56,
                32
            ],
            "Index": 468,
            "Category": "(0)",
            "CategoryNumber": 0,
            "EntryType": 4,
            "Message": "The VSS service is shutting down due to idle timeout.\r\n",
            "Source": "VSS",
            "ReplacementStrings": [
                ""
            ],
            "InstanceId": 8224,
            "TimeGenerated": "/Date(1721713802000)/",
            "TimeWritten": "/Date(1721713802000)/",
            "UserName": null,
            "Site": null,
            "Container": null
        },
        {
            "EventID": 4097,
            "MachineName": "DESKTOP-U22SSQ0",
            "Data": [],
            "Index": 467,
            "Category": "(0)",
            "CategoryNumber": 0,
            "EntryType": 4,
            "Message": "Successful auto update of third-party root certificate:: Subject: <CN=GlobalSign, O=GlobalSign, OU=GlobalSign Root CA - R3> Sha1 thumbprint: <D69B561148F01C77C54578C10926DF5B856976AD>.",
            "Source": "Microsoft-Windows-CAPI2",
            "ReplacementStrings": [
                "CN=GlobalSign, O=GlobalSign, OU=GlobalSign Root CA - R3",
                "D69B561148F01C77C54578C10926DF5B856976AD"
            ],
            "InstanceId": 4097,
            "TimeGenerated": "/Date(1721712876000)/",
            "TimeWritten": "/Date(1721712876000)/",
            "UserName": null,
            "Site": null,
            "Container": null
        },
        {
            "EventID": 4097,
            "MachineName": "DESKTOP-U22SSQ0",
            "Data": [],
            "Index": 466,
            "Category": "(0)",
            "CategoryNumber": 0,
            "EntryType": 4,
            "Message": "Successful auto update of third-party root certificate:: Subject: <CN=AAA Certificate Services, O=Comodo CA Limited, L=Salford, S=Greater Manchester, C=GB> Sha1 thumbprint: <D1EB23A46D17D68FD92564C2F1F1601764D8E349>.",
            "Source": "Microsoft-Windows-CAPI2",
            "ReplacementStrings": [
                "CN=AAA Certificate Services, O=Comodo CA Limited, L=Salford, S=Greater Manchester, C=GB",
                "D1EB23A46D17D68FD92564C2F1F1601764D8E349"
            ],
            "InstanceId": 4097,
            "TimeGenerated": "/Date(1721712876000)/",
            "TimeWritten": "/Date(1721712876000)/",
            "UserName": null,
            "Site": null,
            "Container": null
        },
        {
            "EventID": 4097,
            "MachineName": "DESKTOP-U22SSQ0",
            "Data": [],
            "Index": 465,
            "Category": "(0)",
            "CategoryNumber": 0,
            "EntryType": 4,
            "Message": "Successful auto update of third-party root certificate:: Subject: <CN=GlobalSign Root CA, OU=Root CA, O=GlobalSign nv-sa, C=BE> Sha1 thumbprint: <B1BC968BD4F49D622AA89A81F2150152A41D829C>.",
            "Source": "Microsoft-Windows-CAPI2",
            "ReplacementStrings": [
                "CN=GlobalSign Root CA, OU=Root CA, O=GlobalSign nv-sa, C=BE",
                "B1BC968BD4F49D622AA89A81F2150152A41D829C"
            ],
            "InstanceId": 4097,
            "TimeGenerated": "/Date(1721712802000)/",
            "TimeWritten": "/Date(1721712802000)/",
            "UserName": null,
            "Site": null,
            "Container": null
        },
        {
            "EventID": 4097,
            "MachineName": "DESKTOP-U22SSQ0",
            "Data": [],
            "Index": 464,
            "Category": "(0)",
            "CategoryNumber": 0,
            "EntryType": 4,
            "Message": "Successful auto update of third-party root certificate:: Subject: <CN=GlobalSign Root CA, OU=Root CA, O=GlobalSign nv-sa, C=BE> Sha1 thumbprint: <B1BC968BD4F49D622AA89A81F2150152A41D829C>.",
            "Source": "Microsoft-Windows-CAPI2",
            "ReplacementStrings": [
                "CN=GlobalSign Root CA, OU=Root CA, O=GlobalSign nv-sa, C=BE",
                "B1BC968BD4F49D622AA89A81F2150152A41D829C"
            ],
            "InstanceId": 4097,
            "TimeGenerated": "/Date(1721712802000)/",
            "TimeWritten": "/Date(1721712802000)/",
            "UserName": null,
            "Site": null,
            "Container": null
        },
        {
            "EventID": 4097,
            "MachineName": "DESKTOP-U22SSQ0",
            "Data": [],
            "Index": 463,
            "Category": "(0)",
            "CategoryNumber": 0,
            "EntryType": 4,
            "Message": "Successful auto update of third-party root certificate:: Subject: <CN=DigiCert Assured ID Root CA, OU=www.digicert.com, O=DigiCert Inc, C=US> Sha1 thumbprint: <0563B8630D62D75ABBC8AB1E4BDFB5A899B24D43>.",
            "Source": "Microsoft-Windows-CAPI2",
            "ReplacementStrings": [
                "CN=DigiCert Assured ID Root CA, OU=www.digicert.com, O=DigiCert Inc, C=US",
                "0563B8630D62D75ABBC8AB1E4BDFB5A899B24D43"
            ],
            "InstanceId": 4097,
            "TimeGenerated": "/Date(1721712792000)/",
            "TimeWritten": "/Date(1721712792000)/",
            "UserName": null,
            "Site": null,
            "Container": null
        },
        {
            "EventID": 4111,
            "MachineName": "DESKTOP-U22SSQ0",
            "Data": [],
            "Index": 462,
            "Category": "(0)",
            "CategoryNumber": 0,
            "EntryType": 4,
            "Message": "Successful auto update of third-party root list with effective date: ?Tuesday, ?May ?14, ?2024 9:23:18 AM.",
            "Source": "Microsoft-Windows-CAPI2",
            "ReplacementStrings": [
                "?Tuesday, ?May ?14, ?2024 9:23:18 AM"
            ],
            "InstanceId": 4111,
            "TimeGenerated": "/Date(1721712638000)/",
            "TimeWritten": "/Date(1721712638000)/",
            "UserName": null,
            "Site": null,
            "Container": null
        },
        {
            "EventID": 4108,
            "MachineName": "DESKTOP-U22SSQ0",
            "Data": [],
            "Index": 461,
            "Category": "(0)",
            "CategoryNumber": 0,
            "EntryType": 4,
            "Message": "Successful auto delete of third-party root certificate:: Subject: <OU=Class 3 Public Primary Certification Authority, O=\"VeriSign, Inc.\", C=US> Sha1 thumbprint: <4F65566336DB6598581D584A596C87934D5F2AB4>.",
            "Source": "Microsoft-Windows-CAPI2",
            "ReplacementStrings": [
                "OU=Class 3 Public Primary Certification Authority, O=\"VeriSign, Inc.\", C=US",
                "4F65566336DB6598581D584A596C87934D5F2AB4"
            ],
            "InstanceId": 4108,
            "TimeGenerated": "/Date(1721712638000)/",
            "TimeWritten": "/Date(1721712638000)/",
            "UserName": null,
            "Site": null,
            "Container": null
        },
        {
            "EventID": 4109,
            "MachineName": "DESKTOP-U22SSQ0",
            "Data": [],
            "Index": 460,
            "Category": "(0)",
            "CategoryNumber": 0,
            "EntryType": 4,
            "Message": "Successful auto property update of third-party root certificate:: Subject: <OU=Class 3 Public Primary Certification Authority, O=\"VeriSign, Inc.\", C=US> Sha1 thumbprint: <742C3192E607E424EB4549542BE1BBC53E6174E2>.",
            "Source": "Microsoft-Windows-CAPI2",
            "ReplacementStrings": [
                "OU=Class 3 Public Primary Certification Authority, O=\"VeriSign, Inc.\", C=US",
                "742C3192E607E424EB4549542BE1BBC53E6174E2"
            ],
            "InstanceId": 4109,
            "TimeGenerated": "/Date(1721712638000)/",
            "TimeWritten": "/Date(1721712638000)/",
            "UserName": null,
            "Site": null,
            "Container": null
        },
        {
            "EventID": 16384,
            "MachineName": "DESKTOP-U22SSQ0",
            "Data": [],
            "Index": 459,
            "Category": "(0)",
            "CategoryNumber": 0,
            "EntryType": 4,
            "Message": "Successfully scheduled Software Protection service for re-start at 2024-07-24T04:46:18Z. Reason: RulesEngine.",
            "Source": "Software Protection Platform Service",
            "ReplacementStrings": [
                "2024-07-24T04:46:18Z",
                "RulesEngine"
            ],
            "InstanceId": 1073758208,
            "TimeGenerated": "/Date(1721711058000)/",
            "TimeWritten": "/Date(1721711058000)/",
            "UserName": null,
            "Site": null,
            "Container": null
        },
        {
            "EventID": 16394,
            "MachineName": "DESKTOP-U22SSQ0",
            "Data": [],
            "Index": 458,
            "Category": "(0)",
            "CategoryNumber": 0,
            "EntryType": 4,
            "Message": "Offline downlevel migration succeeded.",
            "Source": "Software Protection Platform Service",
            "ReplacementStrings": [],
            "InstanceId": 3221241866,
            "TimeGenerated": "/Date(1721711028000)/",
            "TimeWritten": "/Date(1721711028000)/",
            "UserName": null,
            "Site": null,
            "Container": null
        },
        {
            "EventID": 16384,
            "MachineName": "DESKTOP-U22SSQ0",
            "Data": [],
            "Index": 457,
            "Category": "(0)",
            "CategoryNumber": 0,
            "EntryType": 4,
            "Message": "Successfully scheduled Software Protection service for re-start at 2024-07-24T04:46:18Z. Reason: RulesEngine.",
            "Source": "Software Protection Platform Service",
            "ReplacementStrings": [
                "2024-07-24T04:46:18Z",
                "RulesEngine"
            ],
            "InstanceId": 1073758208,
            "TimeGenerated": "/Date(1721710938000)/",
            "TimeWritten": "/Date(1721710938000)/",
            "UserName": null,
            "Site": null,
            "Container": null
        },
        {
            "EventID": 15,
            "MachineName": "DESKTOP-U22SSQ0",
            "Data": [],
            "Index": 456,
            "Category": "(0)",
            "CategoryNumber": 0,
            "EntryType": 4,
            "Message": "Updated Windows Defender status successfully to SECURITY_PRODUCT_STATE_ON.",
            "Source": "SecurityCenter",
            "ReplacementStrings": [
                "Windows Defender",
                "SECURITY_PRODUCT_STATE_ON"
            ],
            "InstanceId": 15,
            "TimeGenerated": "/Date(1721710936000)/",
            "TimeWritten": "/Date(1721710936000)/",
            "UserName": null,
            "Site": null,
            "Container": null
        },
        {
            "EventID": 16394,
            "MachineName": "DESKTOP-U22SSQ0",
            "Data": [],
            "Index": 455,
            "Category": "(0)",
            "CategoryNumber": 0,
            "EntryType": 4,
            "Message": "Offline downlevel migration succeeded.",
            "Source": "Software Protection Platform Service",
            "ReplacementStrings": [],
            "InstanceId": 3221241866,
            "TimeGenerated": "/Date(1721710903000)/",
            "TimeWritten": "/Date(1721710903000)/",
            "UserName": null,
            "Site": null,
            "Container": null
        },
        {
            "EventID": 15,
            "MachineName": "DESKTOP-U22SSQ0",
            "Data": [],
            "Index": 454,
            "Category": "(0)",
            "CategoryNumber": 0,
            "EntryType": 4,
            "Message": "Updated Windows Defender status successfully to SECURITY_PRODUCT_STATE_ON.",
            "Source": "SecurityCenter",
            "ReplacementStrings": [
                "Windows Defender",
                "SECURITY_PRODUCT_STATE_ON"
            ],
            "InstanceId": 15,
            "TimeGenerated": "/Date(1721710625000)/",
            "TimeWritten": "/Date(1721710625000)/",
            "UserName": null,
            "Site": null,
            "Container": null
        },
        {
            "EventID": 24,
            "MachineName": "DESKTOP-U22SSQ0",
            "Data": [],
            "Index": 453,
            "Category": "(0)",
            "CategoryNumber": 0,
            "EntryType": 2,
            "Message": "The description for Event ID '24' in Source 'Microsoft-Windows-AppModel-State' cannot be found.  The local computer may not have the necessary registry information or message DLL files to display the message, or you may not have permission to access them.  The following information is part of the event:'InitializeDataChangedSignaler', 'Microsoft.Windows.ShellExperienceHost_cw5n1h2txyewy', '-2147024894', '0'",
            "Source": "Microsoft-Windows-AppModel-State",
            "ReplacementStrings": [
                "InitializeDataChangedSignaler",
                "Microsoft.Windows.ShellExperienceHost_cw5n1h2txyewy",
                "-2147024894",
                "0"
            ],
            "InstanceId": 24,
            "TimeGenerated": "/Date(1721710378000)/",
            "TimeWritten": "/Date(1721710378000)/",
            "UserName": "DESKTOP-U22SSQ0\\Rohith",
            "Site": null,
            "Container": null
        },
        {
            "EventID": 23,
            "MachineName": "DESKTOP-U22SSQ0",
            "Data": [],
            "Index": 452,
            "Category": "(0)",
            "CategoryNumber": 0,
            "EntryType": 2,
            "Message": "The description for Event ID '23' in Source 'Microsoft-Windows-AppModel-State' cannot be found.  The local computer may not have the necessary registry information or message DLL files to display the message, or you may not have permission to access them.  The following information is part of the event:'InitializeDataChangedSignaler', 'Microsoft.Windows.ShellExperienceHost_cw5n1h2txyewy', '-2147024894'",
            "Source": "Microsoft-Windows-AppModel-State",
            "ReplacementStrings": [
                "InitializeDataChangedSignaler",
                "Microsoft.Windows.ShellExperienceHost_cw5n1h2txyewy",
                "-2147024894"
            ],
            "InstanceId": 23,
            "TimeGenerated": "/Date(1721710378000)/",
            "TimeWritten": "/Date(1721710378000)/",
            "UserName": "DESKTOP-U22SSQ0\\Rohith",
            "Site": null,
            "Container": null
        },
        {
            "EventID": 16384,
            "MachineName": "DESKTOP-U22SSQ0",
            "Data": [],
            "Index": 451,
            "Category": "(0)",
            "CategoryNumber": 0,
            "EntryType": 4,
            "Message": "Successfully scheduled Software Protection service for re-start at 2024-07-24T04:45:53Z. Reason: RulesEngine.",
            "Source": "Software Protection Platform Service",
            "ReplacementStrings": [
                "2024-07-24T04:45:53Z",
                "RulesEngine"
            ],
            "InstanceId": 1073758208,
            "TimeGenerated": "/Date(1721710193000)/",
            "TimeWritten": "/Date(1721710193000)/",
            "UserName": null,
            "Site": null,
            "Container": null
        },
        {
            "EventID": 16394,
            "MachineName": "DESKTOP-U22SSQ0",
            "Data": [],
            "Index": 450,
            "Category": "(0)",
            "CategoryNumber": 0,
            "EntryType": 4,
            "Message": "Offline downlevel migration succeeded.",
            "Source": "Software Protection Platform Service",
            "ReplacementStrings": [],
            "InstanceId": 3221241866,
            "TimeGenerated": "/Date(1721710152000)/",
            "TimeWritten": "/Date(1721710152000)/",
            "UserName": null,
            "Site": null,
            "Container": null
        },
        {
            "EventID": 16384,
            "MachineName": "DESKTOP-U22SSQ0",
            "Data": [],
            "Index": 449,
            "Category": "(0)",
            "CategoryNumber": 0,
            "EntryType": 4,
            "Message": "Successfully scheduled Software Protection service for re-start at 2024-07-24T04:45:46Z. Reason: RulesEngine.",
            "Source": "Software Protection Platform Service",
            "ReplacementStrings": [
                "2024-07-24T04:45:46Z",
                "RulesEngine"
            ],
            "InstanceId": 1073758208,
            "TimeGenerated": "/Date(1721710126000)/",
            "TimeWritten": "/Date(1721710126000)/",
            "UserName": null,
            "Site": null,
            "Container": null
        },
        {
            "EventID": 15,
            "MachineName": "DESKTOP-U22SSQ0",
            "Data": [],
            "Index": 448,
            "Category": "(0)",
            "CategoryNumber": 0,
            "EntryType": 4,
            "Message": "Updated Windows Defender status successfully to SECURITY_PRODUCT_STATE_ON.",
            "Source": "SecurityCenter",
            "ReplacementStrings": [
                "Windows Defender",
                "SECURITY_PRODUCT_STATE_ON"
            ],
            "InstanceId": 15,
            "TimeGenerated": "/Date(1721710117000)/",
            "TimeWritten": "/Date(1721710117000)/",
            "UserName": null,
            "Site": null,
            "Container": null
        },
        {
            "EventID": 1,
            "MachineName": "DESKTOP-U22SSQ0",
            "Data": [],
            "Index": 447,
            "Category": "(0)",
            "CategoryNumber": 0,
            "EntryType": 4,
            "Message": "The Windows Security Center Service has started.",
            "Source": "SecurityCenter",
            "ReplacementStrings": [],
            "InstanceId": 1,
            "TimeGenerated": "/Date(1721710115000)/",
            "TimeWritten": "/Date(1721710115000)/",
            "UserName": null,
            "Site": null,
            "Container": null
        },
        {
            "EventID": 0,
            "MachineName": "DESKTOP-U22SSQ0",
            "Data": [],
            "Index": 446,
            "Category": "(0)",
            "CategoryNumber": 0,
            "EntryType": 4,
            "Message": "Service stopped.",
            "Source": "edgeupdate",
            "ReplacementStrings": [
                "Service stopped"
            ],
            "InstanceId": 0,
            "TimeGenerated": "/Date(1721710115000)/",
            "TimeWritten": "/Date(1721710115000)/",
            "UserName": null,
            "Site": null,
            "Container": null
        },
        {
            "EventID": 4113,
            "MachineName": "DESKTOP-U22SSQ0",
            "Data": [],
            "Index": 445,
            "Category": "(0)",
            "CategoryNumber": 0,
            "EntryType": 4,
            "Message": "Successful auto update of pin rules with effective date: ?Wednesday, ?May ?31, ?2017 4:28:59 PM.",
            "Source": "Microsoft-Windows-CAPI2",
            "ReplacementStrings": [
                "?Wednesday, ?May ?31, ?2017 4:28:59 PM"
            ],
            "InstanceId": 4113,
            "TimeGenerated": "/Date(1721710109000)/",
            "TimeWritten": "/Date(1721710109000)/",
            "UserName": null,
            "Site": null,
            "Container": null
        },
        {
            "EventID": 16394,
            "MachineName": "DESKTOP-U22SSQ0",
            "Data": [],
            "Index": 444,
            "Category": "(0)",
            "CategoryNumber": 0,
            "EntryType": 4,
            "Message": "Offline downlevel migration succeeded.",
            "Source": "Software Protection Platform Service",
            "ReplacementStrings": [],
            "InstanceId": 3221241866,
            "TimeGenerated": "/Date(1721710081000)/",
            "TimeWritten": "/Date(1721710081000)/",
            "UserName": null,
            "Site": null,
            "Container": null
        },
        {
            "EventID": 903,
            "MachineName": "DESKTOP-U22SSQ0",
            "Data": [],
            "Index": 443,
            "Category": "(0)",
            "CategoryNumber": 0,
            "EntryType": 0,
            "Message": "The Software Protection service has stopped.\r\n",
            "Source": "Software Protection Platform Service",
            "ReplacementStrings": [],
            "InstanceId": 1073742727,
            "TimeGenerated": "/Date(1721710052000)/",
            "TimeWritten": "/Date(1721710052000)/",
            "UserName": null,
            "Site": null,
            "Container": null
        },
        {
            "EventID": 16384,
            "MachineName": "DESKTOP-U22SSQ0",
            "Data": [],
            "Index": 442,
            "Category": "(0)",
            "CategoryNumber": 0,
            "EntryType": 4,
            "Message": "Successfully scheduled Software Protection service for re-start at 2024-07-24T04:46:32Z. Reason: RulesEngine.",
            "Source": "Software Protection Platform Service",
            "ReplacementStrings": [
                "2024-07-24T04:46:32Z",
                "RulesEngine"
            ],
            "InstanceId": 1073758208,
            "TimeGenerated": "/Date(1721710052000)/",
            "TimeWritten": "/Date(1721710052000)/",
            "UserName": null,
            "Site": null,
            "Container": null
        },
        {
            "EventID": 4097,
            "MachineName": "DESKTOP-U22SSQ0",
            "Data": [],
            "Index": 441,
            "Category": "(0)",
            "CategoryNumber": 0,
            "EntryType": 4,
            "Message": "Successful auto update of third-party root certificate:: Subject: <OU=Starfield Class 2 Certification Authority, O=\"Starfield Technologies, Inc.\", C=US> Sha1 thumbprint: <AD7E1C28B064EF8F6003402014C3D0E3370EB58A>.",
            "Source": "Microsoft-Windows-CAPI2",
            "ReplacementStrings": [
                "OU=Starfield Class 2 Certification Authority, O=\"Starfield Technologies, Inc.\", C=US",
                "AD7E1C28B064EF8F6003402014C3D0E3370EB58A"
            ],
            "InstanceId": 4097,
            "TimeGenerated": "/Date(1721710038000)/",
            "TimeWritten": "/Date(1721710038000)/",
            "UserName": null,
            "Site": null,
            "Container": null
        },
        {
            "EventID": 4097,
            "MachineName": "DESKTOP-U22SSQ0",
            "Data": [],
            "Index": 440,
            "Category": "(0)",
            "CategoryNumber": 0,
            "EntryType": 4,
            "Message": "Successful auto update of third-party root certificate:: Subject: <CN=DigiCert High Assurance EV Root CA, OU=www.digicert.com, O=DigiCert Inc, C=US> Sha1 thumbprint: <5FB7EE0633E259DBAD0C4C9AE6D38F1A61C7DC25>.",
            "Source": "Microsoft-Windows-CAPI2",
            "ReplacementStrings": [
                "CN=DigiCert High Assurance EV Root CA, OU=www.digicert.com, O=DigiCert Inc, C=US",
                "5FB7EE0633E259DBAD0C4C9AE6D38F1A61C7DC25"
            ],
            "InstanceId": 4097,
            "TimeGenerated": "/Date(1721710037000)/",
            "TimeWritten": "/Date(1721710037000)/",
            "UserName": null,
            "Site": null,
            "Container": null
        },
        {
            "EventID": 1003,
            "MachineName": "DESKTOP-U22SSQ0",
            "Data": [],
            "Index": 439,
            "Category": "Search service",
            "CategoryNumber": 1,
            "EntryType": 4,
            "Message": "The Windows Search Service started.\n",
            "Source": "Windows Search Service",
            "ReplacementStrings": [
                "\n"
            ],
            "InstanceId": 1073742827,
            "TimeGenerated": "/Date(1721710019000)/",
            "TimeWritten": "/Date(1721710019000)/",
            "UserName": null,
            "Site": null,
            "Container": null
        },
        {
            "EventID": 8198,
            "MachineName": "DESKTOP-U22SSQ0",
            "Data": [],
            "Index": 438,
            "Category": "(0)",
            "CategoryNumber": 0,
            "EntryType": 1,
            "Message": "License Activation (slui.exe) failed with the following error code:\r\nhr=0x80004005\r\nCommand-line arguments:\r\nRuleId=31e71c49-8da7-4a2f-ad92-45d98a1c79ba;Action=AutoActivate;AppId=55c92734-d682-4d71-983e-d6ec3f16059f;SkuId=4de7cb65-cdf1-4de9-8ae8-e3cce27b9f2c;NotificationInterval=1440;Trigger=UserLogon;SessionId=1",
            "Source": "Software Protection Platform Service",
            "ReplacementStrings": [
                "hr=0x80004005",
                "RuleId=31e71c49-8da7-4a2f-ad92-45d98a1c79ba;Action=AutoActivate;AppId=55c92734-d682-4d71-983e-d6ec3f16059f;SkuId=4de7cb65-cdf1-4de9-8ae8-e3cce27b9f2c;NotificationInterval=1440;Trigger=UserLogon;SessionId=1"
            ],
            "InstanceId": 3221233670,
            "TimeGenerated": "/Date(1721710003000)/",
            "TimeWritten": "/Date(1721710003000)/",
            "UserName": null,
            "Site": null,
            "Container": null
        },
